{"/Users/tikuochukwuokoye/Documents/SendIt-React/src/Main.js": {"path":"/Users/tikuochukwuokoye/Documents/SendIt-React/src/Main.js","statementMap":{"0":{"start":{"line":19,"column":16},"end":{"line":35,"column":1}},"1":{"start":{"line":20,"column":2},"end":{"line":34,"column":13}},"2":{"start":{"line":37,"column":0},"end":{"line":37,"column":61}}},"fnMap":{"0":{"name":"(anonymous_0)","decl":{"start":{"line":19,"column":16},"end":{"line":19,"column":17}},"loc":{"start":{"line":20,"column":2},"end":{"line":34,"column":13}},"line":20}},"branchMap":{},"s":{"0":0,"1":0,"2":0},"f":{"0":0},"b":{}}
,"/Users/tikuochukwuokoye/Documents/SendIt-React/src/app.js": {"path":"/Users/tikuochukwuokoye/Documents/SendIt-React/src/app.js","statementMap":{},"fnMap":{},"branchMap":{},"s":{},"f":{},"b":{}}
,"/Users/tikuochukwuokoye/Documents/SendIt-React/src/history.js": {"path":"/Users/tikuochukwuokoye/Documents/SendIt-React/src/history.js","statementMap":{"0":{"start":{"line":3,"column":16},"end":{"line":3,"column":38}}},"fnMap":{},"branchMap":{},"s":{"0":7},"f":{},"b":{},"_coverageSchema":"43e27e138ebf9cfc5966b082cf9a028302ed4184","hash":"17287285530dc2e57ed8441037baa4330fbdef96"}
,"/Users/tikuochukwuokoye/Documents/SendIt-React/src/localStorage.js": {"path":"/Users/tikuochukwuokoye/Documents/SendIt-React/src/localStorage.js","statementMap":{"0":{"start":{"line":1,"column":25},"end":{"line":11,"column":1}},"1":{"start":{"line":2,"column":2},"end":{"line":10,"column":3}},"2":{"start":{"line":3,"column":28},"end":{"line":3,"column":57}},"3":{"start":{"line":4,"column":4},"end":{"line":6,"column":5}},"4":{"start":{"line":5,"column":6},"end":{"line":5,"column":41}},"5":{"start":{"line":7,"column":4},"end":{"line":7,"column":21}},"6":{"start":{"line":9,"column":4},"end":{"line":9,"column":21}},"7":{"start":{"line":13,"column":25},"end":{"line":20,"column":1}},"8":{"start":{"line":14,"column":2},"end":{"line":19,"column":3}},"9":{"start":{"line":15,"column":28},"end":{"line":15,"column":49}},"10":{"start":{"line":16,"column":4},"end":{"line":16,"column":51}},"11":{"start":{"line":18,"column":4},"end":{"line":18,"column":23}}},"fnMap":{"0":{"name":"(anonymous_0)","decl":{"start":{"line":1,"column":25},"end":{"line":1,"column":26}},"loc":{"start":{"line":1,"column":31},"end":{"line":11,"column":1}},"line":1},"1":{"name":"(anonymous_1)","decl":{"start":{"line":13,"column":25},"end":{"line":13,"column":26}},"loc":{"start":{"line":13,"column":36},"end":{"line":20,"column":1}},"line":13}},"branchMap":{"0":{"loc":{"start":{"line":4,"column":4},"end":{"line":6,"column":5}},"type":"if","locations":[{"start":{"line":4,"column":4},"end":{"line":6,"column":5}},{"start":{"line":4,"column":4},"end":{"line":6,"column":5}}],"line":4}},"s":{"0":0,"1":0,"2":0,"3":0,"4":0,"5":0,"6":0,"7":0,"8":0,"9":0,"10":0,"11":0},"f":{"0":0,"1":0},"b":{"0":[0,0]}}
,"/Users/tikuochukwuokoye/Documents/SendIt-React/src/store.js": {"path":"/Users/tikuochukwuokoye/Documents/SendIt-React/src/store.js","statementMap":{"0":{"start":{"line":7,"column":19},"end":{"line":7,"column":26}},"1":{"start":{"line":8,"column":23},"end":{"line":8,"column":34}},"2":{"start":{"line":10,"column":14},"end":{"line":14,"column":1}},"3":{"start":{"line":15,"column":0},"end":{"line":17,"column":3}},"4":{"start":{"line":16,"column":2},"end":{"line":16,"column":30}}},"fnMap":{"0":{"name":"(anonymous_0)","decl":{"start":{"line":15,"column":16},"end":{"line":15,"column":17}},"loc":{"start":{"line":15,"column":22},"end":{"line":17,"column":1}},"line":15}},"branchMap":{},"s":{"0":0,"1":0,"2":0,"3":0,"4":0},"f":{"0":0},"b":{}}
,"/Users/tikuochukwuokoye/Documents/SendIt-React/src/actions/actionTypes.js": {"path":"/Users/tikuochukwuokoye/Documents/SendIt-React/src/actions/actionTypes.js","statementMap":{"0":{"start":{"line":1,"column":26},"end":{"line":1,"column":38}},"1":{"start":{"line":2,"column":35},"end":{"line":2,"column":56}},"2":{"start":{"line":3,"column":41},"end":{"line":3,"column":68}},"3":{"start":{"line":4,"column":41},"end":{"line":4,"column":68}},"4":{"start":{"line":5,"column":39},"end":{"line":5,"column":64}},"5":{"start":{"line":6,"column":40},"end":{"line":6,"column":66}},"6":{"start":{"line":7,"column":29},"end":{"line":7,"column":44}},"7":{"start":{"line":8,"column":27},"end":{"line":8,"column":40}},"8":{"start":{"line":9,"column":28},"end":{"line":9,"column":42}},"9":{"start":{"line":10,"column":27},"end":{"line":10,"column":40}},"10":{"start":{"line":11,"column":33},"end":{"line":11,"column":52}},"11":{"start":{"line":12,"column":26},"end":{"line":12,"column":38}},"12":{"start":{"line":13,"column":21},"end":{"line":13,"column":28}},"13":{"start":{"line":14,"column":25},"end":{"line":14,"column":36}},"14":{"start":{"line":15,"column":26},"end":{"line":15,"column":38}},"15":{"start":{"line":16,"column":26},"end":{"line":16,"column":38}},"16":{"start":{"line":17,"column":25},"end":{"line":17,"column":36}},"17":{"start":{"line":18,"column":33},"end":{"line":18,"column":52}},"18":{"start":{"line":19,"column":31},"end":{"line":19,"column":48}}},"fnMap":{},"branchMap":{},"s":{"0":20,"1":20,"2":20,"3":20,"4":20,"5":20,"6":20,"7":20,"8":20,"9":20,"10":20,"11":20,"12":20,"13":20,"14":20,"15":20,"16":20,"17":20,"18":20},"f":{},"b":{},"_coverageSchema":"43e27e138ebf9cfc5966b082cf9a028302ed4184","hash":"49a18eb24828608b007df355133d3a8241cd8335"}
,"/Users/tikuochukwuokoye/Documents/SendIt-React/src/actions/authActions.js": {"path":"/Users/tikuochukwuokoye/Documents/SendIt-React/src/actions/authActions.js","statementMap":{"0":{"start":{"line":10,"column":25},"end":{"line":51,"column":1}},"1":{"start":{"line":10,"column":37},"end":{"line":51,"column":1}},"2":{"start":{"line":11,"column":2},"end":{"line":11,"column":33}},"3":{"start":{"line":12,"column":17},"end":{"line":18,"column":3}},"4":{"start":{"line":20,"column":2},"end":{"line":50,"column":7}},"5":{"start":{"line":23,"column":6},"end":{"line":23,"column":55}},"6":{"start":{"line":24,"column":23},"end":{"line":24,"column":34}},"7":{"start":{"line":25,"column":6},"end":{"line":25,"column":52}},"8":{"start":{"line":26,"column":6},"end":{"line":26,"column":33}},"9":{"start":{"line":29,"column":6},"end":{"line":49,"column":7}},"10":{"start":{"line":30,"column":8},"end":{"line":43,"column":11}},"11":{"start":{"line":31,"column":10},"end":{"line":38,"column":13}},"12":{"start":{"line":39,"column":10},"end":{"line":42,"column":13}},"13":{"start":{"line":45,"column":8},"end":{"line":48,"column":11}},"14":{"start":{"line":53,"column":26},"end":{"line":94,"column":1}},"15":{"start":{"line":53,"column":38},"end":{"line":94,"column":1}},"16":{"start":{"line":54,"column":2},"end":{"line":54,"column":33}},"17":{"start":{"line":55,"column":17},"end":{"line":61,"column":3}},"18":{"start":{"line":63,"column":2},"end":{"line":93,"column":7}},"19":{"start":{"line":66,"column":6},"end":{"line":66,"column":52}},"20":{"start":{"line":67,"column":23},"end":{"line":67,"column":31}},"21":{"start":{"line":68,"column":6},"end":{"line":68,"column":53}},"22":{"start":{"line":69,"column":6},"end":{"line":69,"column":33}},"23":{"start":{"line":72,"column":6},"end":{"line":92,"column":7}},"24":{"start":{"line":73,"column":8},"end":{"line":86,"column":11}},"25":{"start":{"line":74,"column":10},"end":{"line":81,"column":13}},"26":{"start":{"line":82,"column":10},"end":{"line":85,"column":13}},"27":{"start":{"line":88,"column":8},"end":{"line":91,"column":11}},"28":{"start":{"line":96,"column":29},"end":{"line":137,"column":1}},"29":{"start":{"line":96,"column":41},"end":{"line":137,"column":1}},"30":{"start":{"line":97,"column":17},"end":{"line":103,"column":3}},"31":{"start":{"line":105,"column":2},"end":{"line":136,"column":7}},"32":{"start":{"line":108,"column":6},"end":{"line":108,"column":55}},"33":{"start":{"line":109,"column":23},"end":{"line":109,"column":34}},"34":{"start":{"line":110,"column":6},"end":{"line":110,"column":37}},"35":{"start":{"line":111,"column":6},"end":{"line":111,"column":53}},"36":{"start":{"line":112,"column":6},"end":{"line":112,"column":33}},"37":{"start":{"line":115,"column":6},"end":{"line":135,"column":7}},"38":{"start":{"line":116,"column":8},"end":{"line":129,"column":11}},"39":{"start":{"line":117,"column":10},"end":{"line":124,"column":13}},"40":{"start":{"line":125,"column":10},"end":{"line":128,"column":13}},"41":{"start":{"line":131,"column":8},"end":{"line":134,"column":11}}},"fnMap":{"0":{"name":"(anonymous_0)","decl":{"start":{"line":10,"column":25},"end":{"line":10,"column":26}},"loc":{"start":{"line":10,"column":37},"end":{"line":51,"column":1}},"line":10},"1":{"name":"(anonymous_1)","decl":{"start":{"line":10,"column":37},"end":{"line":10,"column":38}},"loc":{"start":{"line":10,"column":51},"end":{"line":51,"column":1}},"line":10},"2":{"name":"(anonymous_2)","decl":{"start":{"line":22,"column":10},"end":{"line":22,"column":11}},"loc":{"start":{"line":22,"column":19},"end":{"line":27,"column":5}},"line":22},"3":{"name":"(anonymous_3)","decl":{"start":{"line":28,"column":11},"end":{"line":28,"column":12}},"loc":{"start":{"line":28,"column":20},"end":{"line":50,"column":5}},"line":28},"4":{"name":"(anonymous_4)","decl":{"start":{"line":30,"column":24},"end":{"line":30,"column":25}},"loc":{"start":{"line":30,"column":33},"end":{"line":43,"column":9}},"line":30},"5":{"name":"(anonymous_5)","decl":{"start":{"line":53,"column":26},"end":{"line":53,"column":27}},"loc":{"start":{"line":53,"column":38},"end":{"line":94,"column":1}},"line":53},"6":{"name":"(anonymous_6)","decl":{"start":{"line":53,"column":38},"end":{"line":53,"column":39}},"loc":{"start":{"line":53,"column":52},"end":{"line":94,"column":1}},"line":53},"7":{"name":"(anonymous_7)","decl":{"start":{"line":65,"column":10},"end":{"line":65,"column":11}},"loc":{"start":{"line":65,"column":19},"end":{"line":70,"column":5}},"line":65},"8":{"name":"(anonymous_8)","decl":{"start":{"line":71,"column":11},"end":{"line":71,"column":12}},"loc":{"start":{"line":71,"column":20},"end":{"line":93,"column":5}},"line":71},"9":{"name":"(anonymous_9)","decl":{"start":{"line":73,"column":24},"end":{"line":73,"column":25}},"loc":{"start":{"line":73,"column":33},"end":{"line":86,"column":9}},"line":73},"10":{"name":"(anonymous_10)","decl":{"start":{"line":96,"column":29},"end":{"line":96,"column":30}},"loc":{"start":{"line":96,"column":41},"end":{"line":137,"column":1}},"line":96},"11":{"name":"(anonymous_11)","decl":{"start":{"line":96,"column":41},"end":{"line":96,"column":42}},"loc":{"start":{"line":96,"column":55},"end":{"line":137,"column":1}},"line":96},"12":{"name":"(anonymous_12)","decl":{"start":{"line":107,"column":10},"end":{"line":107,"column":11}},"loc":{"start":{"line":107,"column":19},"end":{"line":113,"column":5}},"line":107},"13":{"name":"(anonymous_13)","decl":{"start":{"line":114,"column":11},"end":{"line":114,"column":12}},"loc":{"start":{"line":114,"column":20},"end":{"line":136,"column":5}},"line":114},"14":{"name":"(anonymous_14)","decl":{"start":{"line":116,"column":24},"end":{"line":116,"column":25}},"loc":{"start":{"line":116,"column":33},"end":{"line":129,"column":9}},"line":116}},"branchMap":{"0":{"loc":{"start":{"line":29,"column":6},"end":{"line":49,"column":7}},"type":"if","locations":[{"start":{"line":29,"column":6},"end":{"line":49,"column":7}},{"start":{"line":29,"column":6},"end":{"line":49,"column":7}}],"line":29},"1":{"loc":{"start":{"line":72,"column":6},"end":{"line":92,"column":7}},"type":"if","locations":[{"start":{"line":72,"column":6},"end":{"line":92,"column":7}},{"start":{"line":72,"column":6},"end":{"line":92,"column":7}}],"line":72},"2":{"loc":{"start":{"line":115,"column":6},"end":{"line":135,"column":7}},"type":"if","locations":[{"start":{"line":115,"column":6},"end":{"line":135,"column":7}},{"start":{"line":115,"column":6},"end":{"line":135,"column":7}}],"line":115}},"s":{"0":6,"1":2,"2":2,"3":2,"4":2,"5":1,"6":1,"7":1,"8":1,"9":1,"10":0,"11":0,"12":0,"13":1,"14":6,"15":2,"16":2,"17":2,"18":2,"19":1,"20":1,"21":1,"22":1,"23":1,"24":0,"25":0,"26":0,"27":1,"28":6,"29":0,"30":0,"31":0,"32":0,"33":0,"34":0,"35":0,"36":0,"37":0,"38":0,"39":0,"40":0,"41":0},"f":{"0":2,"1":2,"2":1,"3":1,"4":0,"5":2,"6":2,"7":1,"8":1,"9":0,"10":0,"11":0,"12":0,"13":0,"14":0},"b":{"0":[0,1],"1":[0,1],"2":[0,0]},"_coverageSchema":"43e27e138ebf9cfc5966b082cf9a028302ed4184","hash":"4be2e0d2ca1135f1e5da49766a02a02ed84fabbc"}
,"/Users/tikuochukwuokoye/Documents/SendIt-React/src/actions/parcelActions.js": {"path":"/Users/tikuochukwuokoye/Documents/SendIt-React/src/actions/parcelActions.js","statementMap":{"0":{"start":{"line":11,"column":30},"end":{"line":61,"column":1}},"1":{"start":{"line":11,"column":54},"end":{"line":61,"column":1}},"2":{"start":{"line":12,"column":2},"end":{"line":12,"column":40}},"3":{"start":{"line":13,"column":16},"end":{"line":13,"column":45}},"4":{"start":{"line":13,"column":56},"end":{"line":18,"column":3}},"5":{"start":{"line":19,"column":2},"end":{"line":60,"column":7}},"6":{"start":{"line":25,"column":22},"end":{"line":25,"column":45}},"7":{"start":{"line":26,"column":27},"end":{"line":26,"column":62}},"8":{"start":{"line":27,"column":27},"end":{"line":27,"column":63}},"9":{"start":{"line":28,"column":25},"end":{"line":28,"column":58}},"10":{"start":{"line":29,"column":26},"end":{"line":29,"column":60}},"11":{"start":{"line":31,"column":6},"end":{"line":31,"column":79}},"12":{"start":{"line":32,"column":6},"end":{"line":32,"column":79}},"13":{"start":{"line":33,"column":6},"end":{"line":33,"column":75}},"14":{"start":{"line":34,"column":6},"end":{"line":34,"column":77}},"15":{"start":{"line":35,"column":6},"end":{"line":35,"column":64}},"16":{"start":{"line":36,"column":6},"end":{"line":36,"column":56}},"17":{"start":{"line":39,"column":6},"end":{"line":59,"column":7}},"18":{"start":{"line":40,"column":8},"end":{"line":53,"column":11}},"19":{"start":{"line":41,"column":10},"end":{"line":48,"column":13}},"20":{"start":{"line":49,"column":10},"end":{"line":52,"column":13}},"21":{"start":{"line":55,"column":8},"end":{"line":58,"column":11}},"22":{"start":{"line":63,"column":29},"end":{"line":113,"column":1}},"23":{"start":{"line":63,"column":45},"end":{"line":113,"column":1}},"24":{"start":{"line":64,"column":2},"end":{"line":64,"column":40}},"25":{"start":{"line":65,"column":16},"end":{"line":65,"column":45}},"26":{"start":{"line":65,"column":56},"end":{"line":70,"column":3}},"27":{"start":{"line":71,"column":2},"end":{"line":112,"column":7}},"28":{"start":{"line":77,"column":22},"end":{"line":77,"column":45}},"29":{"start":{"line":78,"column":27},"end":{"line":78,"column":82}},"30":{"start":{"line":78,"column":52},"end":{"line":78,"column":81}},"31":{"start":{"line":79,"column":27},"end":{"line":79,"column":83}},"32":{"start":{"line":79,"column":52},"end":{"line":79,"column":82}},"33":{"start":{"line":80,"column":25},"end":{"line":80,"column":78}},"34":{"start":{"line":80,"column":50},"end":{"line":80,"column":77}},"35":{"start":{"line":81,"column":26},"end":{"line":81,"column":80}},"36":{"start":{"line":81,"column":51},"end":{"line":81,"column":79}},"37":{"start":{"line":83,"column":6},"end":{"line":83,"column":79}},"38":{"start":{"line":84,"column":6},"end":{"line":84,"column":79}},"39":{"start":{"line":85,"column":6},"end":{"line":85,"column":75}},"40":{"start":{"line":86,"column":6},"end":{"line":86,"column":77}},"41":{"start":{"line":87,"column":6},"end":{"line":87,"column":64}},"42":{"start":{"line":88,"column":6},"end":{"line":88,"column":56}},"43":{"start":{"line":91,"column":6},"end":{"line":111,"column":7}},"44":{"start":{"line":92,"column":8},"end":{"line":105,"column":11}},"45":{"start":{"line":93,"column":10},"end":{"line":100,"column":13}},"46":{"start":{"line":101,"column":10},"end":{"line":104,"column":13}},"47":{"start":{"line":107,"column":8},"end":{"line":110,"column":11}},"48":{"start":{"line":115,"column":31},"end":{"line":166,"column":1}},"49":{"start":{"line":115,"column":39},"end":{"line":166,"column":1}},"50":{"start":{"line":116,"column":2},"end":{"line":116,"column":40}},"51":{"start":{"line":117,"column":16},"end":{"line":117,"column":45}},"52":{"start":{"line":118,"column":17},"end":{"line":125,"column":3}},"53":{"start":{"line":126,"column":2},"end":{"line":165,"column":7}},"54":{"start":{"line":132,"column":21},"end":{"line":132,"column":29}},"55":{"start":{"line":133,"column":6},"end":{"line":140,"column":9}},"56":{"start":{"line":141,"column":6},"end":{"line":141,"column":61}},"57":{"start":{"line":144,"column":6},"end":{"line":164,"column":7}},"58":{"start":{"line":145,"column":8},"end":{"line":158,"column":11}},"59":{"start":{"line":146,"column":10},"end":{"line":153,"column":13}},"60":{"start":{"line":154,"column":10},"end":{"line":157,"column":13}},"61":{"start":{"line":160,"column":8},"end":{"line":163,"column":11}}},"fnMap":{"0":{"name":"(anonymous_0)","decl":{"start":{"line":11,"column":30},"end":{"line":11,"column":31}},"loc":{"start":{"line":11,"column":54},"end":{"line":61,"column":1}},"line":11},"1":{"name":"(anonymous_1)","decl":{"start":{"line":11,"column":54},"end":{"line":11,"column":55}},"loc":{"start":{"line":11,"column":68},"end":{"line":61,"column":1}},"line":11},"2":{"name":"(anonymous_2)","decl":{"start":{"line":24,"column":10},"end":{"line":24,"column":11}},"loc":{"start":{"line":24,"column":19},"end":{"line":37,"column":5}},"line":24},"3":{"name":"(anonymous_3)","decl":{"start":{"line":38,"column":11},"end":{"line":38,"column":12}},"loc":{"start":{"line":38,"column":20},"end":{"line":60,"column":5}},"line":38},"4":{"name":"(anonymous_4)","decl":{"start":{"line":40,"column":24},"end":{"line":40,"column":25}},"loc":{"start":{"line":40,"column":33},"end":{"line":53,"column":9}},"line":40},"5":{"name":"(anonymous_5)","decl":{"start":{"line":63,"column":29},"end":{"line":63,"column":30}},"loc":{"start":{"line":63,"column":45},"end":{"line":113,"column":1}},"line":63},"6":{"name":"(anonymous_6)","decl":{"start":{"line":63,"column":45},"end":{"line":63,"column":46}},"loc":{"start":{"line":63,"column":59},"end":{"line":113,"column":1}},"line":63},"7":{"name":"(anonymous_7)","decl":{"start":{"line":76,"column":10},"end":{"line":76,"column":11}},"loc":{"start":{"line":76,"column":19},"end":{"line":89,"column":5}},"line":76},"8":{"name":"(anonymous_8)","decl":{"start":{"line":78,"column":42},"end":{"line":78,"column":43}},"loc":{"start":{"line":78,"column":52},"end":{"line":78,"column":81}},"line":78},"9":{"name":"(anonymous_9)","decl":{"start":{"line":79,"column":42},"end":{"line":79,"column":43}},"loc":{"start":{"line":79,"column":52},"end":{"line":79,"column":82}},"line":79},"10":{"name":"(anonymous_10)","decl":{"start":{"line":80,"column":40},"end":{"line":80,"column":41}},"loc":{"start":{"line":80,"column":50},"end":{"line":80,"column":77}},"line":80},"11":{"name":"(anonymous_11)","decl":{"start":{"line":81,"column":41},"end":{"line":81,"column":42}},"loc":{"start":{"line":81,"column":51},"end":{"line":81,"column":79}},"line":81},"12":{"name":"(anonymous_12)","decl":{"start":{"line":90,"column":11},"end":{"line":90,"column":12}},"loc":{"start":{"line":90,"column":20},"end":{"line":112,"column":5}},"line":90},"13":{"name":"(anonymous_13)","decl":{"start":{"line":92,"column":24},"end":{"line":92,"column":25}},"loc":{"start":{"line":92,"column":33},"end":{"line":105,"column":9}},"line":92},"14":{"name":"(anonymous_14)","decl":{"start":{"line":115,"column":31},"end":{"line":115,"column":32}},"loc":{"start":{"line":115,"column":39},"end":{"line":166,"column":1}},"line":115},"15":{"name":"(anonymous_15)","decl":{"start":{"line":115,"column":39},"end":{"line":115,"column":40}},"loc":{"start":{"line":115,"column":53},"end":{"line":166,"column":1}},"line":115},"16":{"name":"(anonymous_16)","decl":{"start":{"line":131,"column":10},"end":{"line":131,"column":11}},"loc":{"start":{"line":131,"column":19},"end":{"line":142,"column":5}},"line":131},"17":{"name":"(anonymous_17)","decl":{"start":{"line":143,"column":11},"end":{"line":143,"column":12}},"loc":{"start":{"line":143,"column":20},"end":{"line":165,"column":5}},"line":143},"18":{"name":"(anonymous_18)","decl":{"start":{"line":145,"column":24},"end":{"line":145,"column":25}},"loc":{"start":{"line":145,"column":33},"end":{"line":158,"column":9}},"line":145}},"branchMap":{"0":{"loc":{"start":{"line":11,"column":39},"end":{"line":11,"column":49}},"type":"default-arg","locations":[{"start":{"line":11,"column":48},"end":{"line":11,"column":49}}],"line":11},"1":{"loc":{"start":{"line":39,"column":6},"end":{"line":59,"column":7}},"type":"if","locations":[{"start":{"line":39,"column":6},"end":{"line":59,"column":7}},{"start":{"line":39,"column":6},"end":{"line":59,"column":7}}],"line":39},"2":{"loc":{"start":{"line":63,"column":30},"end":{"line":63,"column":40}},"type":"default-arg","locations":[{"start":{"line":63,"column":39},"end":{"line":63,"column":40}}],"line":63},"3":{"loc":{"start":{"line":91,"column":6},"end":{"line":111,"column":7}},"type":"if","locations":[{"start":{"line":91,"column":6},"end":{"line":111,"column":7}},{"start":{"line":91,"column":6},"end":{"line":111,"column":7}}],"line":91},"4":{"loc":{"start":{"line":144,"column":6},"end":{"line":164,"column":7}},"type":"if","locations":[{"start":{"line":144,"column":6},"end":{"line":164,"column":7}},{"start":{"line":144,"column":6},"end":{"line":164,"column":7}}],"line":144}},"s":{"0":9,"1":3,"2":3,"3":3,"4":3,"5":3,"6":1,"7":1,"8":1,"9":1,"10":1,"11":1,"12":1,"13":1,"14":1,"15":1,"16":1,"17":2,"18":0,"19":0,"20":0,"21":2,"22":9,"23":2,"24":2,"25":2,"26":2,"27":2,"28":1,"29":1,"30":4,"31":1,"32":4,"33":1,"34":4,"35":1,"36":4,"37":1,"38":1,"39":1,"40":1,"41":1,"42":1,"43":1,"44":0,"45":0,"46":0,"47":1,"48":9,"49":2,"50":2,"51":2,"52":2,"53":2,"54":1,"55":1,"56":1,"57":1,"58":0,"59":0,"60":0,"61":1},"f":{"0":3,"1":3,"2":1,"3":2,"4":0,"5":2,"6":2,"7":1,"8":4,"9":4,"10":4,"11":4,"12":1,"13":0,"14":2,"15":2,"16":1,"17":1,"18":0},"b":{"0":[3],"1":[0,2],"2":[0],"3":[0,1],"4":[0,1]},"_coverageSchema":"43e27e138ebf9cfc5966b082cf9a028302ed4184","hash":"1eafa359518348697e927c49a66e66e761228562"}
,"/Users/tikuochukwuokoye/Documents/SendIt-React/src/actions/userActions.js": {"path":"/Users/tikuochukwuokoye/Documents/SendIt-React/src/actions/userActions.js","statementMap":{"0":{"start":{"line":9,"column":27},"end":{"line":49,"column":1}},"1":{"start":{"line":9,"column":43},"end":{"line":49,"column":1}},"2":{"start":{"line":10,"column":2},"end":{"line":10,"column":38}},"3":{"start":{"line":11,"column":16},"end":{"line":11,"column":45}},"4":{"start":{"line":11,"column":56},"end":{"line":16,"column":3}},"5":{"start":{"line":17,"column":2},"end":{"line":48,"column":7}},"6":{"start":{"line":23,"column":6},"end":{"line":23,"column":59}},"7":{"start":{"line":24,"column":6},"end":{"line":24,"column":56}},"8":{"start":{"line":27,"column":6},"end":{"line":47,"column":7}},"9":{"start":{"line":28,"column":8},"end":{"line":41,"column":11}},"10":{"start":{"line":29,"column":10},"end":{"line":36,"column":13}},"11":{"start":{"line":37,"column":10},"end":{"line":40,"column":13}},"12":{"start":{"line":43,"column":8},"end":{"line":46,"column":11}}},"fnMap":{"0":{"name":"(anonymous_0)","decl":{"start":{"line":9,"column":27},"end":{"line":9,"column":28}},"loc":{"start":{"line":9,"column":43},"end":{"line":49,"column":1}},"line":9},"1":{"name":"(anonymous_1)","decl":{"start":{"line":9,"column":43},"end":{"line":9,"column":44}},"loc":{"start":{"line":9,"column":57},"end":{"line":49,"column":1}},"line":9},"2":{"name":"(anonymous_2)","decl":{"start":{"line":22,"column":10},"end":{"line":22,"column":11}},"loc":{"start":{"line":22,"column":19},"end":{"line":25,"column":5}},"line":22},"3":{"name":"(anonymous_3)","decl":{"start":{"line":26,"column":11},"end":{"line":26,"column":12}},"loc":{"start":{"line":26,"column":20},"end":{"line":48,"column":5}},"line":26},"4":{"name":"(anonymous_4)","decl":{"start":{"line":28,"column":24},"end":{"line":28,"column":25}},"loc":{"start":{"line":28,"column":33},"end":{"line":41,"column":9}},"line":28}},"branchMap":{"0":{"loc":{"start":{"line":9,"column":28},"end":{"line":9,"column":38}},"type":"default-arg","locations":[{"start":{"line":9,"column":37},"end":{"line":9,"column":38}}],"line":9},"1":{"loc":{"start":{"line":27,"column":6},"end":{"line":47,"column":7}},"type":"if","locations":[{"start":{"line":27,"column":6},"end":{"line":47,"column":7}},{"start":{"line":27,"column":6},"end":{"line":47,"column":7}}],"line":27}},"s":{"0":2,"1":2,"2":2,"3":2,"4":2,"5":2,"6":1,"7":1,"8":1,"9":0,"10":0,"11":0,"12":1},"f":{"0":2,"1":2,"2":1,"3":1,"4":0},"b":{"0":[0],"1":[0,1]},"_coverageSchema":"43e27e138ebf9cfc5966b082cf9a028302ed4184","hash":"df442e41e0ffa35eff4f5af6643355d132cc132a"}
,"/Users/tikuochukwuokoye/Documents/SendIt-React/src/asset/imgs/ico/index.js": {"path":"/Users/tikuochukwuokoye/Documents/SendIt-React/src/asset/imgs/ico/index.js","statementMap":{},"fnMap":{},"branchMap":{},"s":{},"f":{},"b":{},"_coverageSchema":"43e27e138ebf9cfc5966b082cf9a028302ed4184","hash":"628c43dfa8ce116b7da3a6e2f9f89f4120d1185a"}
,"/Users/tikuochukwuokoye/Documents/SendIt-React/src/components/adminPagination.jsx": {"path":"/Users/tikuochukwuokoye/Documents/SendIt-React/src/components/adminPagination.jsx","statementMap":{"0":{"start":{"line":8,"column":4},"end":{"line":8,"column":29}},"1":{"start":{"line":11,"column":25},"end":{"line":13,"column":81}},"2":{"start":{"line":12,"column":27},"end":{"line":13,"column":80}},"3":{"start":{"line":13,"column":33},"end":{"line":13,"column":56}},"4":{"start":{"line":16,"column":22},"end":{"line":16,"column":32}},"5":{"start":{"line":17,"column":4},"end":{"line":21,"column":11}},"6":{"start":{"line":25,"column":0},"end":{"line":30,"column":2}},"7":{"start":{"line":32,"column":24},"end":{"line":34,"column":2}},"8":{"start":{"line":32,"column":34},"end":{"line":34,"column":1}}},"fnMap":{"0":{"name":"(anonymous_0)","decl":{"start":{"line":7,"column":15},"end":{"line":7,"column":16}},"loc":{"start":{"line":7,"column":26},"end":{"line":9,"column":3}},"line":7},"1":{"name":"(anonymous_1)","decl":{"start":{"line":11,"column":16},"end":{"line":11,"column":17}},"loc":{"start":{"line":11,"column":25},"end":{"line":13,"column":81}},"line":11},"2":{"name":"(anonymous_2)","decl":{"start":{"line":12,"column":9},"end":{"line":12,"column":10}},"loc":{"start":{"line":12,"column":27},"end":{"line":13,"column":80}},"line":12},"3":{"name":"(anonymous_3)","decl":{"start":{"line":13,"column":25},"end":{"line":13,"column":26}},"loc":{"start":{"line":13,"column":31},"end":{"line":13,"column":58}},"line":13},"4":{"name":"(anonymous_4)","decl":{"start":{"line":15,"column":2},"end":{"line":15,"column":3}},"loc":{"start":{"line":15,"column":11},"end":{"line":22,"column":3}},"line":15},"5":{"name":"(anonymous_5)","decl":{"start":{"line":32,"column":24},"end":{"line":32,"column":25}},"loc":{"start":{"line":32,"column":34},"end":{"line":34,"column":1}},"line":32}},"branchMap":{},"s":{"0":0,"1":2,"2":2,"3":0,"4":2,"5":2,"6":3,"7":3,"8":2},"f":{"0":0,"1":2,"2":2,"3":0,"4":2,"5":2},"b":{},"_coverageSchema":"43e27e138ebf9cfc5966b082cf9a028302ed4184","hash":"f710d61658268a178a76e43d4ff64104a219d885"}
,"/Users/tikuochukwuokoye/Documents/SendIt-React/src/components/allUsers.jsx": {"path":"/Users/tikuochukwuokoye/Documents/SendIt-React/src/components/allUsers.jsx","statementMap":{"0":{"start":{"line":16,"column":4},"end":{"line":20,"column":5}},"1":{"start":{"line":17,"column":6},"end":{"line":17,"column":27}},"2":{"start":{"line":18,"column":6},"end":{"line":18,"column":24}},"3":{"start":{"line":19,"column":6},"end":{"line":19,"column":13}},"4":{"start":{"line":21,"column":4},"end":{"line":21,"column":29}},"5":{"start":{"line":25,"column":21},"end":{"line":25,"column":36}},"6":{"start":{"line":26,"column":43},"end":{"line":26,"column":59}},"7":{"start":{"line":28,"column":4},"end":{"line":37,"column":12}},"8":{"start":{"line":41,"column":0},"end":{"line":45,"column":2}},"9":{"start":{"line":48,"column":24},"end":{"line":51,"column":2}},"10":{"start":{"line":48,"column":34},"end":{"line":51,"column":1}}},"fnMap":{"0":{"name":"(anonymous_0)","decl":{"start":{"line":15,"column":2},"end":{"line":15,"column":3}},"loc":{"start":{"line":15,"column":22},"end":{"line":22,"column":3}},"line":15},"1":{"name":"(anonymous_1)","decl":{"start":{"line":24,"column":2},"end":{"line":24,"column":3}},"loc":{"start":{"line":24,"column":11},"end":{"line":38,"column":3}},"line":24},"2":{"name":"(anonymous_2)","decl":{"start":{"line":48,"column":24},"end":{"line":48,"column":25}},"loc":{"start":{"line":48,"column":34},"end":{"line":51,"column":1}},"line":48}},"branchMap":{"0":{"loc":{"start":{"line":16,"column":4},"end":{"line":20,"column":5}},"type":"if","locations":[{"start":{"line":16,"column":4},"end":{"line":20,"column":5}},{"start":{"line":16,"column":4},"end":{"line":20,"column":5}}],"line":16}},"s":{"0":1,"1":1,"2":1,"3":1,"4":0,"5":1,"6":1,"7":1,"8":1,"9":1,"10":1},"f":{"0":1,"1":1,"2":1},"b":{"0":[1,0]},"_coverageSchema":"43e27e138ebf9cfc5966b082cf9a028302ed4184","hash":"4587d7f32b1523fb14c59e02872bb6eccf8ad6f2"}
,"/Users/tikuochukwuokoye/Documents/SendIt-React/src/components/dashboard.jsx": {"path":"/Users/tikuochukwuokoye/Documents/SendIt-React/src/components/dashboard.jsx","statementMap":{"0":{"start":{"line":19,"column":19},"end":{"line":19,"column":42}},"1":{"start":{"line":21,"column":4},"end":{"line":24,"column":5}},"2":{"start":{"line":22,"column":6},"end":{"line":22,"column":33}},"3":{"start":{"line":23,"column":6},"end":{"line":23,"column":13}},"4":{"start":{"line":25,"column":4},"end":{"line":25,"column":38}},"5":{"start":{"line":29,"column":42},"end":{"line":29,"column":59}},"6":{"start":{"line":30,"column":21},"end":{"line":30,"column":36}},"7":{"start":{"line":31,"column":4},"end":{"line":44,"column":12}},"8":{"start":{"line":48,"column":0},"end":{"line":53,"column":2}},"9":{"start":{"line":56,"column":24},"end":{"line":59,"column":2}},"10":{"start":{"line":56,"column":34},"end":{"line":59,"column":1}}},"fnMap":{"0":{"name":"(anonymous_0)","decl":{"start":{"line":18,"column":2},"end":{"line":18,"column":3}},"loc":{"start":{"line":18,"column":22},"end":{"line":26,"column":3}},"line":18},"1":{"name":"(anonymous_1)","decl":{"start":{"line":28,"column":2},"end":{"line":28,"column":3}},"loc":{"start":{"line":28,"column":11},"end":{"line":45,"column":3}},"line":28},"2":{"name":"(anonymous_2)","decl":{"start":{"line":56,"column":24},"end":{"line":56,"column":25}},"loc":{"start":{"line":56,"column":34},"end":{"line":59,"column":1}},"line":56}},"branchMap":{"0":{"loc":{"start":{"line":21,"column":4},"end":{"line":24,"column":5}},"type":"if","locations":[{"start":{"line":21,"column":4},"end":{"line":24,"column":5}},{"start":{"line":21,"column":4},"end":{"line":24,"column":5}}],"line":21},"1":{"loc":{"start":{"line":38,"column":11},"end":{"line":40,"column":77}},"type":"cond-expr","locations":[{"start":{"line":39,"column":14},"end":{"line":39,"column":81}},{"start":{"line":40,"column":14},"end":{"line":40,"column":77}}],"line":38}},"s":{"0":1,"1":1,"2":0,"3":0,"4":1,"5":1,"6":1,"7":1,"8":1,"9":1,"10":1},"f":{"0":1,"1":1,"2":1},"b":{"0":[0,1],"1":[0,1]},"_coverageSchema":"43e27e138ebf9cfc5966b082cf9a028302ed4184","hash":"31678af9bd18d153f5e6117a956cafda78679ef5"}
,"/Users/tikuochukwuokoye/Documents/SendIt-React/src/components/deliveredParcel.jsx": {"path":"/Users/tikuochukwuokoye/Documents/SendIt-React/src/components/deliveredParcel.jsx","statementMap":{"0":{"start":{"line":15,"column":44},"end":{"line":15,"column":61}},"1":{"start":{"line":16,"column":21},"end":{"line":16,"column":36}},"2":{"start":{"line":17,"column":4},"end":{"line":27,"column":12}},"3":{"start":{"line":31,"column":0},"end":{"line":36,"column":2}},"4":{"start":{"line":38,"column":24},"end":{"line":41,"column":2}},"5":{"start":{"line":38,"column":34},"end":{"line":41,"column":1}}},"fnMap":{"0":{"name":"(anonymous_0)","decl":{"start":{"line":14,"column":2},"end":{"line":14,"column":3}},"loc":{"start":{"line":14,"column":11},"end":{"line":28,"column":3}},"line":14},"1":{"name":"(anonymous_1)","decl":{"start":{"line":38,"column":24},"end":{"line":38,"column":25}},"loc":{"start":{"line":38,"column":34},"end":{"line":41,"column":1}},"line":38}},"branchMap":{},"s":{"0":1,"1":1,"2":1,"3":1,"4":1,"5":1},"f":{"0":1,"1":1},"b":{},"_coverageSchema":"43e27e138ebf9cfc5966b082cf9a028302ed4184","hash":"f4d57132c3b2e694aa7ed63b2eabd1d3e0ef606f"}
,"/Users/tikuochukwuokoye/Documents/SendIt-React/src/components/details.jsx": {"path":"/Users/tikuochukwuokoye/Documents/SendIt-React/src/components/details.jsx","statementMap":{"0":{"start":{"line":12,"column":16},"end":{"line":26,"column":1}},"1":{"start":{"line":13,"column":22},"end":{"line":13,"column":34}},"2":{"start":{"line":14,"column":19},"end":{"line":14,"column":29}},"3":{"start":{"line":15,"column":17},"end":{"line":15,"column":81}},"4":{"start":{"line":15,"column":40},"end":{"line":15,"column":80}},"5":{"start":{"line":17,"column":2},"end":{"line":25,"column":10}},"6":{"start":{"line":28,"column":0},"end":{"line":32,"column":2}},"7":{"start":{"line":34,"column":24},"end":{"line":37,"column":2}},"8":{"start":{"line":34,"column":34},"end":{"line":37,"column":1}}},"fnMap":{"0":{"name":"(anonymous_0)","decl":{"start":{"line":12,"column":16},"end":{"line":12,"column":17}},"loc":{"start":{"line":12,"column":27},"end":{"line":26,"column":1}},"line":12},"1":{"name":"(anonymous_1)","decl":{"start":{"line":15,"column":32},"end":{"line":15,"column":33}},"loc":{"start":{"line":15,"column":40},"end":{"line":15,"column":80}},"line":15},"2":{"name":"(anonymous_2)","decl":{"start":{"line":34,"column":24},"end":{"line":34,"column":25}},"loc":{"start":{"line":34,"column":34},"end":{"line":37,"column":1}},"line":34}},"branchMap":{},"s":{"0":1,"1":1,"2":1,"3":1,"4":2,"5":1,"6":1,"7":1,"8":1},"f":{"0":1,"1":2,"2":1},"b":{},"_coverageSchema":"43e27e138ebf9cfc5966b082cf9a028302ed4184","hash":"1af4df49b7f2249b85a3c42e4e44662ad205eeee"}
,"/Users/tikuochukwuokoye/Documents/SendIt-React/src/components/inTransitParcel.jsx": {"path":"/Users/tikuochukwuokoye/Documents/SendIt-React/src/components/inTransitParcel.jsx","statementMap":{"0":{"start":{"line":14,"column":44},"end":{"line":14,"column":61}},"1":{"start":{"line":15,"column":21},"end":{"line":15,"column":36}},"2":{"start":{"line":16,"column":4},"end":{"line":26,"column":12}},"3":{"start":{"line":30,"column":0},"end":{"line":35,"column":2}},"4":{"start":{"line":37,"column":24},"end":{"line":40,"column":2}},"5":{"start":{"line":37,"column":34},"end":{"line":40,"column":1}}},"fnMap":{"0":{"name":"(anonymous_0)","decl":{"start":{"line":13,"column":2},"end":{"line":13,"column":3}},"loc":{"start":{"line":13,"column":11},"end":{"line":27,"column":3}},"line":13},"1":{"name":"(anonymous_1)","decl":{"start":{"line":37,"column":24},"end":{"line":37,"column":25}},"loc":{"start":{"line":37,"column":34},"end":{"line":40,"column":1}},"line":37}},"branchMap":{},"s":{"0":1,"1":1,"2":1,"3":1,"4":1,"5":1},"f":{"0":1,"1":1},"b":{},"_coverageSchema":"43e27e138ebf9cfc5966b082cf9a028302ed4184","hash":"063dd0798054adc69dacd01ece248abda60126b9"}
,"/Users/tikuochukwuokoye/Documents/SendIt-React/src/components/infoBox.jsx": {"path":"/Users/tikuochukwuokoye/Documents/SendIt-React/src/components/infoBox.jsx","statementMap":{"0":{"start":{"line":7,"column":20},"end":{"line":7,"column":59}},"1":{"start":{"line":8,"column":18},"end":{"line":8,"column":59}},"2":{"start":{"line":9,"column":18},"end":{"line":9,"column":59}},"3":{"start":{"line":10,"column":4},"end":{"line":25,"column":6}},"4":{"start":{"line":29,"column":0},"end":{"line":32,"column":2}},"5":{"start":{"line":34,"column":24},"end":{"line":37,"column":2}},"6":{"start":{"line":34,"column":34},"end":{"line":37,"column":1}}},"fnMap":{"0":{"name":"(anonymous_0)","decl":{"start":{"line":6,"column":2},"end":{"line":6,"column":3}},"loc":{"start":{"line":6,"column":11},"end":{"line":26,"column":3}},"line":6},"1":{"name":"(anonymous_1)","decl":{"start":{"line":34,"column":24},"end":{"line":34,"column":25}},"loc":{"start":{"line":34,"column":34},"end":{"line":37,"column":1}},"line":34}},"branchMap":{},"s":{"0":3,"1":3,"2":3,"3":3,"4":3,"5":3,"6":3},"f":{"0":3,"1":3},"b":{},"_coverageSchema":"43e27e138ebf9cfc5966b082cf9a028302ed4184","hash":"7d581883e3cee41b6494400342f8d5c22ad0300b"}
,"/Users/tikuochukwuokoye/Documents/SendIt-React/src/components/modal.jsx": {"path":"/Users/tikuochukwuokoye/Documents/SendIt-React/src/components/modal.jsx","statementMap":{"0":{"start":{"line":6,"column":4},"end":{"line":6,"column":57}},"1":{"start":{"line":10,"column":4},"end":{"line":10,"column":60}},"2":{"start":{"line":14,"column":27},"end":{"line":14,"column":37}},"3":{"start":{"line":15,"column":4},"end":{"line":20,"column":5}},"4":{"start":{"line":16,"column":6},"end":{"line":19,"column":7}},"5":{"start":{"line":17,"column":8},"end":{"line":17,"column":21}},"6":{"start":{"line":18,"column":8},"end":{"line":18,"column":64}},"7":{"start":{"line":25,"column":38},"end":{"line":25,"column":48}},"8":{"start":{"line":26,"column":4},"end":{"line":33,"column":11}},"9":{"start":{"line":27,"column":24},"end":{"line":27,"column":41}},"10":{"start":{"line":37,"column":0},"end":{"line":41,"column":2}}},"fnMap":{"0":{"name":"(anonymous_0)","decl":{"start":{"line":5,"column":2},"end":{"line":5,"column":3}},"loc":{"start":{"line":5,"column":22},"end":{"line":7,"column":3}},"line":5},"1":{"name":"(anonymous_1)","decl":{"start":{"line":9,"column":2},"end":{"line":9,"column":3}},"loc":{"start":{"line":9,"column":25},"end":{"line":11,"column":3}},"line":9},"2":{"name":"(anonymous_2)","decl":{"start":{"line":13,"column":16},"end":{"line":13,"column":17}},"loc":{"start":{"line":13,"column":23},"end":{"line":21,"column":3}},"line":13},"3":{"name":"(anonymous_3)","decl":{"start":{"line":24,"column":2},"end":{"line":24,"column":3}},"loc":{"start":{"line":24,"column":11},"end":{"line":34,"column":3}},"line":24},"4":{"name":"(anonymous_4)","decl":{"start":{"line":27,"column":16},"end":{"line":27,"column":17}},"loc":{"start":{"line":27,"column":24},"end":{"line":27,"column":41}},"line":27}},"branchMap":{"0":{"loc":{"start":{"line":15,"column":4},"end":{"line":20,"column":5}},"type":"if","locations":[{"start":{"line":15,"column":4},"end":{"line":20,"column":5}},{"start":{"line":15,"column":4},"end":{"line":20,"column":5}}],"line":15},"1":{"loc":{"start":{"line":15,"column":8},"end":{"line":15,"column":55}},"type":"binary-expr","locations":[{"start":{"line":15,"column":8},"end":{"line":15,"column":27}},{"start":{"line":15,"column":31},"end":{"line":15,"column":55}}],"line":15},"2":{"loc":{"start":{"line":16,"column":6},"end":{"line":19,"column":7}},"type":"if","locations":[{"start":{"line":16,"column":6},"end":{"line":19,"column":7}},{"start":{"line":16,"column":6},"end":{"line":19,"column":7}}],"line":16}},"s":{"0":2,"1":1,"2":0,"3":0,"4":0,"5":0,"6":0,"7":2,"8":2,"9":3,"10":8},"f":{"0":2,"1":1,"2":0,"3":2,"4":3},"b":{"0":[0,0],"1":[0,0],"2":[0,0]},"_coverageSchema":"43e27e138ebf9cfc5966b082cf9a028302ed4184","hash":"ea7591d51839a91d3d839b8598286e61b2e8ad2b"}
,"/Users/tikuochukwuokoye/Documents/SendIt-React/src/components/pagination.jsx": {"path":"/Users/tikuochukwuokoye/Documents/SendIt-React/src/components/pagination.jsx","statementMap":{"0":{"start":{"line":8,"column":19},"end":{"line":8,"column":42}},"1":{"start":{"line":9,"column":4},"end":{"line":9,"column":37}},"2":{"start":{"line":12,"column":25},"end":{"line":14,"column":82}},"3":{"start":{"line":13,"column":27},"end":{"line":14,"column":81}},"4":{"start":{"line":14,"column":35},"end":{"line":14,"column":58}},"5":{"start":{"line":17,"column":22},"end":{"line":17,"column":32}},"6":{"start":{"line":18,"column":4},"end":{"line":22,"column":11}},"7":{"start":{"line":26,"column":0},"end":{"line":31,"column":2}},"8":{"start":{"line":33,"column":24},"end":{"line":35,"column":2}},"9":{"start":{"line":33,"column":34},"end":{"line":35,"column":1}}},"fnMap":{"0":{"name":"(anonymous_0)","decl":{"start":{"line":7,"column":15},"end":{"line":7,"column":16}},"loc":{"start":{"line":7,"column":26},"end":{"line":10,"column":3}},"line":7},"1":{"name":"(anonymous_1)","decl":{"start":{"line":12,"column":16},"end":{"line":12,"column":17}},"loc":{"start":{"line":12,"column":25},"end":{"line":14,"column":82}},"line":12},"2":{"name":"(anonymous_2)","decl":{"start":{"line":13,"column":9},"end":{"line":13,"column":10}},"loc":{"start":{"line":13,"column":27},"end":{"line":14,"column":81}},"line":13},"3":{"name":"(anonymous_3)","decl":{"start":{"line":14,"column":27},"end":{"line":14,"column":28}},"loc":{"start":{"line":14,"column":33},"end":{"line":14,"column":60}},"line":14},"4":{"name":"(anonymous_4)","decl":{"start":{"line":16,"column":2},"end":{"line":16,"column":3}},"loc":{"start":{"line":16,"column":11},"end":{"line":23,"column":3}},"line":16},"5":{"name":"(anonymous_5)","decl":{"start":{"line":33,"column":24},"end":{"line":33,"column":25}},"loc":{"start":{"line":33,"column":34},"end":{"line":35,"column":1}},"line":33}},"branchMap":{},"s":{"0":0,"1":0,"2":1,"3":2,"4":0,"5":1,"6":1,"7":1,"8":1,"9":1},"f":{"0":0,"1":1,"2":2,"3":0,"4":1,"5":1},"b":{},"_coverageSchema":"43e27e138ebf9cfc5966b082cf9a028302ed4184","hash":"174064780e53debe0cdb8edb661bba114709da38"}
,"/Users/tikuochukwuokoye/Documents/SendIt-React/src/components/profile.jsx": {"path":"/Users/tikuochukwuokoye/Documents/SendIt-React/src/components/profile.jsx","statementMap":{"0":{"start":{"line":17,"column":21},"end":{"line":17,"column":36}},"1":{"start":{"line":18,"column":23},"end":{"line":18,"column":33}},"2":{"start":{"line":20,"column":4},"end":{"line":30,"column":6}},"3":{"start":{"line":33,"column":0},"end":{"line":36,"column":2}},"4":{"start":{"line":38,"column":24},"end":{"line":41,"column":2}},"5":{"start":{"line":38,"column":34},"end":{"line":41,"column":1}}},"fnMap":{"0":{"name":"(anonymous_0)","decl":{"start":{"line":16,"column":2},"end":{"line":16,"column":3}},"loc":{"start":{"line":16,"column":11},"end":{"line":31,"column":3}},"line":16},"1":{"name":"(anonymous_1)","decl":{"start":{"line":38,"column":24},"end":{"line":38,"column":25}},"loc":{"start":{"line":38,"column":34},"end":{"line":41,"column":1}},"line":38}},"branchMap":{},"s":{"0":1,"1":1,"2":1,"3":1,"4":1,"5":1},"f":{"0":1,"1":1},"b":{},"_coverageSchema":"43e27e138ebf9cfc5966b082cf9a028302ed4184","hash":"de1d83b1ae13fa3e6011e7ef5f49e4ccf91b02f8"}
,"/Users/tikuochukwuokoye/Documents/SendIt-React/src/components/auth/login.jsx": {"path":"/Users/tikuochukwuokoye/Documents/SendIt-React/src/components/auth/login.jsx","statementMap":{"0":{"start":{"line":10,"column":21},"end":{"line":37,"column":1}},"1":{"start":{"line":11,"column":2},"end":{"line":36,"column":12}},"2":{"start":{"line":39,"column":22},"end":{"line":72,"column":1}},"3":{"start":{"line":40,"column":2},"end":{"line":71,"column":12}},"4":{"start":{"line":74,"column":21},"end":{"line":102,"column":1}},"5":{"start":{"line":75,"column":2},"end":{"line":101,"column":12}}},"fnMap":{"0":{"name":"(anonymous_0)","decl":{"start":{"line":10,"column":21},"end":{"line":10,"column":22}},"loc":{"start":{"line":11,"column":2},"end":{"line":36,"column":12}},"line":11},"1":{"name":"(anonymous_1)","decl":{"start":{"line":39,"column":22},"end":{"line":39,"column":23}},"loc":{"start":{"line":40,"column":2},"end":{"line":71,"column":12}},"line":40},"2":{"name":"(anonymous_2)","decl":{"start":{"line":74,"column":21},"end":{"line":74,"column":22}},"loc":{"start":{"line":75,"column":2},"end":{"line":101,"column":12}},"line":75}},"branchMap":{},"s":{"0":3,"1":1,"2":3,"3":1,"4":3,"5":1},"f":{"0":1,"1":1,"2":1},"b":{},"_coverageSchema":"43e27e138ebf9cfc5966b082cf9a028302ed4184","hash":"950a21e3e1b5061c6bde42a99be826bcb349c26c"}
,"/Users/tikuochukwuokoye/Documents/SendIt-React/src/components/forms/loginForm.jsx": {"path":"/Users/tikuochukwuokoye/Documents/SendIt-React/src/components/forms/loginForm.jsx","statementMap":{"0":{"start":{"line":16,"column":4},"end":{"line":19,"column":7}},"1":{"start":{"line":23,"column":4},"end":{"line":23,"column":63}},"2":{"start":{"line":27,"column":4},"end":{"line":27,"column":27}},"3":{"start":{"line":28,"column":17},"end":{"line":28,"column":27}},"4":{"start":{"line":30,"column":4},"end":{"line":30,"column":31}},"5":{"start":{"line":34,"column":32},"end":{"line":34,"column":42}},"6":{"start":{"line":35,"column":26},"end":{"line":35,"column":41}},"7":{"start":{"line":37,"column":4},"end":{"line":56,"column":14}},"8":{"start":{"line":60,"column":0},"end":{"line":63,"column":2}},"9":{"start":{"line":65,"column":24},"end":{"line":67,"column":2}},"10":{"start":{"line":65,"column":34},"end":{"line":67,"column":1}}},"fnMap":{"0":{"name":"(anonymous_0)","decl":{"start":{"line":14,"column":2},"end":{"line":14,"column":3}},"loc":{"start":{"line":14,"column":25},"end":{"line":20,"column":3}},"line":14},"1":{"name":"(anonymous_1)","decl":{"start":{"line":22,"column":13},"end":{"line":22,"column":14}},"loc":{"start":{"line":22,"column":24},"end":{"line":24,"column":3}},"line":22},"2":{"name":"(anonymous_2)","decl":{"start":{"line":26,"column":10},"end":{"line":26,"column":11}},"loc":{"start":{"line":26,"column":21},"end":{"line":31,"column":3}},"line":26},"3":{"name":"(anonymous_3)","decl":{"start":{"line":33,"column":2},"end":{"line":33,"column":3}},"loc":{"start":{"line":33,"column":11},"end":{"line":57,"column":3}},"line":33},"4":{"name":"(anonymous_4)","decl":{"start":{"line":65,"column":24},"end":{"line":65,"column":25}},"loc":{"start":{"line":65,"column":34},"end":{"line":67,"column":1}},"line":65}},"branchMap":{"0":{"loc":{"start":{"line":47,"column":11},"end":{"line":51,"column":11}},"type":"binary-expr","locations":[{"start":{"line":47,"column":11},"end":{"line":47,"column":20}},{"start":{"line":48,"column":10},"end":{"line":50,"column":17}}],"line":47}},"s":{"0":0,"1":0,"2":0,"3":0,"4":0,"5":1,"6":1,"7":1,"8":3,"9":3,"10":1},"f":{"0":0,"1":0,"2":0,"3":1,"4":1},"b":{"0":[1,0]},"_coverageSchema":"43e27e138ebf9cfc5966b082cf9a028302ed4184","hash":"b9eb0bc7c673cbf963b322ce047ec9f6159e041d"}
,"/Users/tikuochukwuokoye/Documents/SendIt-React/src/components/forms/newParcelForm.jsx": {"path":"/Users/tikuochukwuokoye/Documents/SendIt-React/src/components/forms/newParcelForm.jsx","statementMap":{"0":{"start":{"line":21,"column":4},"end":{"line":29,"column":7}},"1":{"start":{"line":33,"column":4},"end":{"line":33,"column":27}},"2":{"start":{"line":34,"column":17},"end":{"line":34,"column":27}},"3":{"start":{"line":36,"column":4},"end":{"line":36,"column":37}},"4":{"start":{"line":40,"column":4},"end":{"line":40,"column":63}},"5":{"start":{"line":47,"column":8},"end":{"line":47,"column":18}},"6":{"start":{"line":49,"column":26},"end":{"line":49,"column":43}},"7":{"start":{"line":51,"column":4},"end":{"line":104,"column":12}},"8":{"start":{"line":108,"column":0},"end":{"line":111,"column":2}},"9":{"start":{"line":113,"column":24},"end":{"line":116,"column":2}},"10":{"start":{"line":113,"column":34},"end":{"line":116,"column":1}}},"fnMap":{"0":{"name":"(anonymous_0)","decl":{"start":{"line":19,"column":2},"end":{"line":19,"column":3}},"loc":{"start":{"line":19,"column":25},"end":{"line":30,"column":3}},"line":19},"1":{"name":"(anonymous_1)","decl":{"start":{"line":32,"column":11},"end":{"line":32,"column":12}},"loc":{"start":{"line":32,"column":22},"end":{"line":37,"column":3}},"line":32},"2":{"name":"(anonymous_2)","decl":{"start":{"line":39,"column":13},"end":{"line":39,"column":14}},"loc":{"start":{"line":39,"column":24},"end":{"line":41,"column":3}},"line":39},"3":{"name":"(anonymous_3)","decl":{"start":{"line":43,"column":2},"end":{"line":43,"column":3}},"loc":{"start":{"line":43,"column":11},"end":{"line":105,"column":3}},"line":43},"4":{"name":"(anonymous_4)","decl":{"start":{"line":113,"column":24},"end":{"line":113,"column":25}},"loc":{"start":{"line":113,"column":34},"end":{"line":116,"column":1}},"line":113}},"branchMap":{"0":{"loc":{"start":{"line":98,"column":9},"end":{"line":102,"column":9}},"type":"binary-expr","locations":[{"start":{"line":98,"column":9},"end":{"line":98,"column":18}},{"start":{"line":99,"column":10},"end":{"line":101,"column":17}}],"line":98}},"s":{"0":3,"1":1,"2":1,"3":1,"4":8,"5":12,"6":12,"7":12,"8":8,"9":8,"10":2},"f":{"0":3,"1":1,"2":8,"3":12,"4":2},"b":{"0":[12,0]},"_coverageSchema":"43e27e138ebf9cfc5966b082cf9a028302ed4184","hash":"eada0649e81dff0ae3054e085ee11d852d381bfa"}
,"/Users/tikuochukwuokoye/Documents/SendIt-React/src/components/forms/resetForm.jsx": {"path":"/Users/tikuochukwuokoye/Documents/SendIt-React/src/components/forms/resetForm.jsx","statementMap":{"0":{"start":{"line":12,"column":4},"end":{"line":12,"column":63}},"1":{"start":{"line":17,"column":4},"end":{"line":19,"column":7}},"2":{"start":{"line":23,"column":4},"end":{"line":23,"column":27}},"3":{"start":{"line":24,"column":17},"end":{"line":24,"column":27}},"4":{"start":{"line":26,"column":4},"end":{"line":26,"column":35}},"5":{"start":{"line":30,"column":22},"end":{"line":30,"column":32}},"6":{"start":{"line":31,"column":4},"end":{"line":53,"column":6}},"7":{"start":{"line":57,"column":0},"end":{"line":59,"column":2}}},"fnMap":{"0":{"name":"(anonymous_0)","decl":{"start":{"line":11,"column":13},"end":{"line":11,"column":14}},"loc":{"start":{"line":11,"column":24},"end":{"line":13,"column":3}},"line":11},"1":{"name":"(anonymous_1)","decl":{"start":{"line":15,"column":2},"end":{"line":15,"column":3}},"loc":{"start":{"line":15,"column":25},"end":{"line":20,"column":3}},"line":15},"2":{"name":"(anonymous_2)","decl":{"start":{"line":22,"column":18},"end":{"line":22,"column":19}},"loc":{"start":{"line":22,"column":29},"end":{"line":27,"column":3}},"line":22},"3":{"name":"(anonymous_3)","decl":{"start":{"line":29,"column":2},"end":{"line":29,"column":3}},"loc":{"start":{"line":29,"column":11},"end":{"line":54,"column":3}},"line":29}},"branchMap":{},"s":{"0":2,"1":2,"2":1,"3":1,"4":1,"5":6,"6":6,"7":4},"f":{"0":2,"1":2,"2":1,"3":6},"b":{},"_coverageSchema":"43e27e138ebf9cfc5966b082cf9a028302ed4184","hash":"c91150020b36b160aed92b376efc198ba125ea7b"}
,"/Users/tikuochukwuokoye/Documents/SendIt-React/src/components/forms/signUpForm.jsx": {"path":"/Users/tikuochukwuokoye/Documents/SendIt-React/src/components/forms/signUpForm.jsx","statementMap":{"0":{"start":{"line":17,"column":4},"end":{"line":22,"column":7}},"1":{"start":{"line":26,"column":4},"end":{"line":26,"column":63}},"2":{"start":{"line":30,"column":4},"end":{"line":30,"column":27}},"3":{"start":{"line":31,"column":17},"end":{"line":31,"column":27}},"4":{"start":{"line":33,"column":4},"end":{"line":33,"column":32}},"5":{"start":{"line":39,"column":8},"end":{"line":39,"column":18}},"6":{"start":{"line":40,"column":26},"end":{"line":40,"column":41}},"7":{"start":{"line":41,"column":4},"end":{"line":92,"column":6}},"8":{"start":{"line":96,"column":0},"end":{"line":99,"column":2}},"9":{"start":{"line":101,"column":24},"end":{"line":103,"column":2}},"10":{"start":{"line":101,"column":34},"end":{"line":103,"column":1}}},"fnMap":{"0":{"name":"(anonymous_0)","decl":{"start":{"line":15,"column":2},"end":{"line":15,"column":3}},"loc":{"start":{"line":15,"column":25},"end":{"line":23,"column":3}},"line":15},"1":{"name":"(anonymous_1)","decl":{"start":{"line":25,"column":13},"end":{"line":25,"column":14}},"loc":{"start":{"line":25,"column":24},"end":{"line":27,"column":3}},"line":25},"2":{"name":"(anonymous_2)","decl":{"start":{"line":29,"column":11},"end":{"line":29,"column":12}},"loc":{"start":{"line":29,"column":22},"end":{"line":34,"column":3}},"line":29},"3":{"name":"(anonymous_3)","decl":{"start":{"line":36,"column":2},"end":{"line":36,"column":3}},"loc":{"start":{"line":36,"column":11},"end":{"line":93,"column":3}},"line":36},"4":{"name":"(anonymous_4)","decl":{"start":{"line":101,"column":24},"end":{"line":101,"column":25}},"loc":{"start":{"line":101,"column":34},"end":{"line":103,"column":1}},"line":101}},"branchMap":{"0":{"loc":{"start":{"line":85,"column":11},"end":{"line":89,"column":11}},"type":"binary-expr","locations":[{"start":{"line":85,"column":11},"end":{"line":85,"column":20}},{"start":{"line":86,"column":12},"end":{"line":88,"column":19}}],"line":85}},"s":{"0":2,"1":5,"2":1,"3":1,"4":1,"5":9,"6":9,"7":9,"8":4,"9":4,"10":2},"f":{"0":2,"1":5,"2":1,"3":9,"4":2},"b":{"0":[9,0]},"_coverageSchema":"43e27e138ebf9cfc5966b082cf9a028302ed4184","hash":"0f6b09ea7c4e211128dd495b734e3b958ea0176f"}
,"/Users/tikuochukwuokoye/Documents/SendIt-React/src/components/navs/aside.jsx": {"path":"/Users/tikuochukwuokoye/Documents/SendIt-React/src/components/navs/aside.jsx","statementMap":{"0":{"start":{"line":18,"column":4},"end":{"line":18,"column":59}},"1":{"start":{"line":22,"column":4},"end":{"line":22,"column":42}},"2":{"start":{"line":26,"column":4},"end":{"line":26,"column":43}},"3":{"start":{"line":30,"column":25},"end":{"line":30,"column":35}},"4":{"start":{"line":31,"column":4},"end":{"line":36,"column":5}},"5":{"start":{"line":32,"column":6},"end":{"line":35,"column":7}},"6":{"start":{"line":33,"column":8},"end":{"line":33,"column":39}},"7":{"start":{"line":34,"column":8},"end":{"line":34,"column":64}},"8":{"start":{"line":40,"column":4},"end":{"line":40,"column":56}},"9":{"start":{"line":41,"column":21},"end":{"line":41,"column":37}},"10":{"start":{"line":42,"column":4},"end":{"line":42,"column":43}},"11":{"start":{"line":42,"column":14},"end":{"line":42,"column":43}},"12":{"start":{"line":43,"column":4},"end":{"line":43,"column":14}},"13":{"start":{"line":47,"column":21},"end":{"line":47,"column":36}},"14":{"start":{"line":48,"column":29},"end":{"line":48,"column":39}},"15":{"start":{"line":49,"column":4},"end":{"line":106,"column":13}},"16":{"start":{"line":50,"column":24},"end":{"line":50,"column":41}},"17":{"start":{"line":110,"column":0},"end":{"line":115,"column":2}},"18":{"start":{"line":117,"column":24},"end":{"line":120,"column":2}},"19":{"start":{"line":117,"column":34},"end":{"line":120,"column":1}}},"fnMap":{"0":{"name":"(anonymous_0)","decl":{"start":{"line":17,"column":2},"end":{"line":17,"column":3}},"loc":{"start":{"line":17,"column":25},"end":{"line":19,"column":3}},"line":17},"1":{"name":"(anonymous_1)","decl":{"start":{"line":21,"column":14},"end":{"line":21,"column":15}},"loc":{"start":{"line":21,"column":20},"end":{"line":23,"column":3}},"line":21},"2":{"name":"(anonymous_2)","decl":{"start":{"line":25,"column":15},"end":{"line":25,"column":16}},"loc":{"start":{"line":25,"column":21},"end":{"line":27,"column":3}},"line":25},"3":{"name":"(anonymous_3)","decl":{"start":{"line":29,"column":15},"end":{"line":29,"column":16}},"loc":{"start":{"line":29,"column":22},"end":{"line":37,"column":3}},"line":29},"4":{"name":"(anonymous_4)","decl":{"start":{"line":39,"column":14},"end":{"line":39,"column":15}},"loc":{"start":{"line":39,"column":20},"end":{"line":44,"column":3}},"line":39},"5":{"name":"(anonymous_5)","decl":{"start":{"line":46,"column":2},"end":{"line":46,"column":3}},"loc":{"start":{"line":46,"column":11},"end":{"line":107,"column":3}},"line":46},"6":{"name":"(anonymous_6)","decl":{"start":{"line":50,"column":16},"end":{"line":50,"column":17}},"loc":{"start":{"line":50,"column":24},"end":{"line":50,"column":41}},"line":50},"7":{"name":"(anonymous_7)","decl":{"start":{"line":117,"column":24},"end":{"line":117,"column":25}},"loc":{"start":{"line":117,"column":34},"end":{"line":120,"column":1}},"line":117}},"branchMap":{"0":{"loc":{"start":{"line":31,"column":4},"end":{"line":36,"column":5}},"type":"if","locations":[{"start":{"line":31,"column":4},"end":{"line":36,"column":5}},{"start":{"line":31,"column":4},"end":{"line":36,"column":5}}],"line":31},"1":{"loc":{"start":{"line":31,"column":8},"end":{"line":31,"column":55}},"type":"binary-expr","locations":[{"start":{"line":31,"column":8},"end":{"line":31,"column":27}},{"start":{"line":31,"column":31},"end":{"line":31,"column":55}}],"line":31},"2":{"loc":{"start":{"line":32,"column":6},"end":{"line":35,"column":7}},"type":"if","locations":[{"start":{"line":32,"column":6},"end":{"line":35,"column":7}},{"start":{"line":32,"column":6},"end":{"line":35,"column":7}}],"line":32},"3":{"loc":{"start":{"line":42,"column":4},"end":{"line":42,"column":43}},"type":"if","locations":[{"start":{"line":42,"column":4},"end":{"line":42,"column":43}},{"start":{"line":42,"column":4},"end":{"line":42,"column":43}}],"line":42},"4":{"loc":{"start":{"line":61,"column":40},"end":{"line":61,"column":76}},"type":"binary-expr","locations":[{"start":{"line":61,"column":40},"end":{"line":61,"column":52}},{"start":{"line":61,"column":56},"end":{"line":61,"column":76}}],"line":61},"5":{"loc":{"start":{"line":72,"column":11},"end":{"line":78,"column":15}},"type":"binary-expr","locations":[{"start":{"line":72,"column":11},"end":{"line":72,"column":33}},{"start":{"line":72,"column":37},"end":{"line":78,"column":15}}],"line":72},"6":{"loc":{"start":{"line":93,"column":11},"end":{"line":99,"column":15}},"type":"binary-expr","locations":[{"start":{"line":93,"column":11},"end":{"line":93,"column":23}},{"start":{"line":93,"column":27},"end":{"line":99,"column":15}}],"line":93},"7":{"loc":{"start":{"line":102,"column":7},"end":{"line":104,"column":51}},"type":"binary-expr","locations":[{"start":{"line":102,"column":7},"end":{"line":102,"column":19}},{"start":{"line":103,"column":11},"end":{"line":104,"column":51}}],"line":102}},"s":{"0":1,"1":1,"2":0,"3":0,"4":0,"5":0,"6":0,"7":0,"8":9,"9":9,"10":9,"11":0,"12":9,"13":9,"14":9,"15":9,"16":11,"17":7,"18":7,"19":8},"f":{"0":1,"1":1,"2":0,"3":0,"4":9,"5":9,"6":11,"7":8},"b":{"0":[0,0],"1":[0,0],"2":[0,0],"3":[0,9],"4":[9,0],"5":[9,3],"6":[9,0],"7":[9,1]},"_coverageSchema":"43e27e138ebf9cfc5966b082cf9a028302ed4184","hash":"c469a16f29557d3f54dac2e94ae66d0dbf09ccf7"}
,"/Users/tikuochukwuokoye/Documents/SendIt-React/src/components/navs/parcelDetails.jsx": {"path":"/Users/tikuochukwuokoye/Documents/SendIt-React/src/components/navs/parcelDetails.jsx","statementMap":{"0":{"start":{"line":4,"column":29},"end":{"line":56,"column":1}},"1":{"start":{"line":5,"column":17},"end":{"line":5,"column":32}},"2":{"start":{"line":6,"column":19},"end":{"line":6,"column":24}},"3":{"start":{"line":8,"column":2},"end":{"line":55,"column":9}},"4":{"start":{"line":58,"column":0},"end":{"line":61,"column":2}}},"fnMap":{"0":{"name":"(anonymous_0)","decl":{"start":{"line":4,"column":29},"end":{"line":4,"column":30}},"loc":{"start":{"line":4,"column":40},"end":{"line":56,"column":1}},"line":4}},"branchMap":{"0":{"loc":{"start":{"line":36,"column":14},"end":{"line":36,"column":75}},"type":"cond-expr","locations":[{"start":{"line":36,"column":35},"end":{"line":36,"column":53}},{"start":{"line":36,"column":56},"end":{"line":36,"column":75}}],"line":36},"1":{"loc":{"start":{"line":41,"column":9},"end":{"line":45,"column":70}},"type":"cond-expr","locations":[{"start":{"line":42,"column":12},"end":{"line":43,"column":69}},{"start":{"line":44,"column":12},"end":{"line":45,"column":70}}],"line":41},"2":{"loc":{"start":{"line":47,"column":9},"end":{"line":51,"column":63}},"type":"cond-expr","locations":[{"start":{"line":48,"column":12},"end":{"line":49,"column":65}},{"start":{"line":50,"column":12},"end":{"line":51,"column":63}}],"line":47}},"s":{"0":2,"1":2,"2":2,"3":2,"4":2},"f":{"0":2},"b":{"0":[0,2],"1":[0,2],"2":[0,2]},"_coverageSchema":"43e27e138ebf9cfc5966b082cf9a028302ed4184","hash":"e195b2272b6597e912b5880974643870e1d0719a"}
,"/Users/tikuochukwuokoye/Documents/SendIt-React/src/components/navs/profile.jsx": {"path":"/Users/tikuochukwuokoye/Documents/SendIt-React/src/components/navs/profile.jsx","statementMap":{"0":{"start":{"line":7,"column":20},"end":{"line":43,"column":1}},"1":{"start":{"line":8,"column":4},"end":{"line":42,"column":10}},"2":{"start":{"line":45,"column":0},"end":{"line":48,"column":2}}},"fnMap":{"0":{"name":"(anonymous_0)","decl":{"start":{"line":7,"column":20},"end":{"line":7,"column":21}},"loc":{"start":{"line":8,"column":4},"end":{"line":42,"column":10}},"line":8}},"branchMap":{},"s":{"0":2,"1":2,"2":2},"f":{"0":2},"b":{},"_coverageSchema":"43e27e138ebf9cfc5966b082cf9a028302ed4184","hash":"4933c9c30e68e38a961e25f65d81bbc1aafb3777"}
,"/Users/tikuochukwuokoye/Documents/SendIt-React/src/components/navs/table.jsx": {"path":"/Users/tikuochukwuokoye/Documents/SendIt-React/src/components/navs/table.jsx","statementMap":{"0":{"start":{"line":6,"column":22},"end":{"line":15,"column":5}},"1":{"start":{"line":17,"column":14},"end":{"line":20,"column":1}},"2":{"start":{"line":22,"column":19},"end":{"line":38,"column":2}},"3":{"start":{"line":22,"column":30},"end":{"line":38,"column":2}},"4":{"start":{"line":23,"column":4},"end":{"line":37,"column":9}},"5":{"start":{"line":40,"column":27},"end":{"line":54,"column":8}},"6":{"start":{"line":43,"column":6},"end":{"line":54,"column":8}},"7":{"start":{"line":56,"column":0},"end":{"line":60,"column":2}}},"fnMap":{"0":{"name":"(anonymous_0)","decl":{"start":{"line":22,"column":19},"end":{"line":22,"column":20}},"loc":{"start":{"line":22,"column":30},"end":{"line":38,"column":2}},"line":22},"1":{"name":"(anonymous_1)","decl":{"start":{"line":22,"column":42},"end":{"line":22,"column":43}},"loc":{"start":{"line":23,"column":4},"end":{"line":37,"column":9}},"line":23},"2":{"name":"(anonymous_2)","decl":{"start":{"line":40,"column":27},"end":{"line":40,"column":28}},"loc":{"start":{"line":43,"column":6},"end":{"line":54,"column":8}},"line":43}},"branchMap":{"0":{"loc":{"start":{"line":48,"column":7},"end":{"line":52,"column":79}},"type":"cond-expr","locations":[{"start":{"line":49,"column":11},"end":{"line":49,"column":78}},{"start":{"line":50,"column":10},"end":{"line":52,"column":79}}],"line":48},"1":{"loc":{"start":{"line":50,"column":10},"end":{"line":52,"column":79}},"type":"cond-expr","locations":[{"start":{"line":51,"column":13},"end":{"line":51,"column":52}},{"start":{"line":52,"column":13},"end":{"line":52,"column":78}}],"line":50}},"s":{"0":4,"1":4,"2":4,"3":2,"4":4,"5":4,"6":4,"7":4},"f":{"0":2,"1":4,"2":4},"b":{"0":[0,4],"1":[2,2]},"_coverageSchema":"43e27e138ebf9cfc5966b082cf9a028302ed4184","hash":"50c74841fa9bffb4b270fa39c231107ff0ceef1b"}
,"/Users/tikuochukwuokoye/Documents/SendIt-React/src/components/navs/topNav.jsx": {"path":"/Users/tikuochukwuokoye/Documents/SendIt-React/src/components/navs/topNav.jsx","statementMap":{"0":{"start":{"line":11,"column":22},"end":{"line":35,"column":1}},"1":{"start":{"line":12,"column":2},"end":{"line":34,"column":8}},"2":{"start":{"line":14,"column":19},"end":{"line":14,"column":49}},"3":{"start":{"line":37,"column":0},"end":{"line":39,"column":2}}},"fnMap":{"0":{"name":"(anonymous_0)","decl":{"start":{"line":11,"column":22},"end":{"line":11,"column":23}},"loc":{"start":{"line":12,"column":2},"end":{"line":34,"column":8}},"line":12},"1":{"name":"(anonymous_1)","decl":{"start":{"line":14,"column":13},"end":{"line":14,"column":14}},"loc":{"start":{"line":14,"column":19},"end":{"line":14,"column":49}},"line":14}},"branchMap":{},"s":{"0":7,"1":7,"2":0,"3":7},"f":{"0":7,"1":0},"b":{},"_coverageSchema":"43e27e138ebf9cfc5966b082cf9a028302ed4184","hash":"81bac9b85d99fca3f3ee27233ca277949c5d4aae"}
,"/Users/tikuochukwuokoye/Documents/SendIt-React/src/components/navs/userTable.jsx": {"path":"/Users/tikuochukwuokoye/Documents/SendIt-React/src/components/navs/userTable.jsx","statementMap":{"0":{"start":{"line":6,"column":22},"end":{"line":13,"column":5}},"1":{"start":{"line":15,"column":14},"end":{"line":18,"column":1}},"2":{"start":{"line":20,"column":17},"end":{"line":37,"column":1}},"3":{"start":{"line":21,"column":20},"end":{"line":35,"column":4}},"4":{"start":{"line":22,"column":4},"end":{"line":34,"column":9}},"5":{"start":{"line":36,"column":2},"end":{"line":36,"column":19}},"6":{"start":{"line":39,"column":25},"end":{"line":51,"column":6}},"7":{"start":{"line":39,"column":54},"end":{"line":51,"column":6}},"8":{"start":{"line":54,"column":0},"end":{"line":57,"column":2}}},"fnMap":{"0":{"name":"(anonymous_0)","decl":{"start":{"line":20,"column":17},"end":{"line":20,"column":18}},"loc":{"start":{"line":20,"column":31},"end":{"line":37,"column":1}},"line":20},"1":{"name":"(anonymous_1)","decl":{"start":{"line":21,"column":33},"end":{"line":21,"column":34}},"loc":{"start":{"line":22,"column":4},"end":{"line":34,"column":9}},"line":22},"2":{"name":"(anonymous_2)","decl":{"start":{"line":39,"column":25},"end":{"line":39,"column":26}},"loc":{"start":{"line":39,"column":54},"end":{"line":51,"column":6}},"line":39}},"branchMap":{"0":{"loc":{"start":{"line":44,"column":5},"end":{"line":48,"column":76}},"type":"cond-expr","locations":[{"start":{"line":45,"column":9},"end":{"line":45,"column":76}},{"start":{"line":46,"column":8},"end":{"line":48,"column":76}}],"line":44},"1":{"loc":{"start":{"line":46,"column":8},"end":{"line":48,"column":76}},"type":"cond-expr","locations":[{"start":{"line":47,"column":11},"end":{"line":47,"column":42}},{"start":{"line":48,"column":11},"end":{"line":48,"column":75}}],"line":46}},"s":{"0":2,"1":2,"2":2,"3":2,"4":4,"5":2,"6":2,"7":2,"8":2},"f":{"0":2,"1":4,"2":2},"b":{"0":[0,2],"1":[0,2]},"_coverageSchema":"43e27e138ebf9cfc5966b082cf9a028302ed4184","hash":"0cce9de2814464502818d3971c57e0eacd9c2244"}
,"/Users/tikuochukwuokoye/Documents/SendIt-React/src/helpers/errorHelper.js": {"path":"/Users/tikuochukwuokoye/Documents/SendIt-React/src/helpers/errorHelper.js","statementMap":{"0":{"start":{"line":1,"column":21},"end":{"line":7,"column":1}},"1":{"start":{"line":2,"column":2},"end":{"line":6,"column":3}},"2":{"start":{"line":3,"column":4},"end":{"line":3,"column":14}},"3":{"start":{"line":5,"column":4},"end":{"line":5,"column":22}}},"fnMap":{"0":{"name":"(anonymous_0)","decl":{"start":{"line":1,"column":21},"end":{"line":1,"column":22}},"loc":{"start":{"line":1,"column":30},"end":{"line":7,"column":1}},"line":1}},"branchMap":{"0":{"loc":{"start":{"line":2,"column":2},"end":{"line":6,"column":3}},"type":"if","locations":[{"start":{"line":2,"column":2},"end":{"line":6,"column":3}},{"start":{"line":2,"column":2},"end":{"line":6,"column":3}}],"line":2}},"s":{"0":16,"1":7,"2":0,"3":7},"f":{"0":7},"b":{"0":[0,7]},"_coverageSchema":"43e27e138ebf9cfc5966b082cf9a028302ed4184","hash":"94ed28ce3bd5bf7d7b34c1a1e8b619e8ff29b3c8"}
,"/Users/tikuochukwuokoye/Documents/SendIt-React/src/helpers/privateRoute.js": {"path":"/Users/tikuochukwuokoye/Documents/SendIt-React/src/helpers/privateRoute.js","statementMap":{"0":{"start":{"line":10,"column":21},"end":{"line":25,"column":1}},"1":{"start":{"line":11,"column":4},"end":{"line":24,"column":6}},"2":{"start":{"line":13,"column":24},"end":{"line":22,"column":7}},"3":{"start":{"line":27,"column":0},"end":{"line":31,"column":2}},"4":{"start":{"line":33,"column":24},"end":{"line":35,"column":2}},"5":{"start":{"line":33,"column":34},"end":{"line":35,"column":1}}},"fnMap":{"0":{"name":"(anonymous_0)","decl":{"start":{"line":10,"column":21},"end":{"line":10,"column":22}},"loc":{"start":{"line":11,"column":4},"end":{"line":24,"column":6}},"line":11},"1":{"name":"(anonymous_1)","decl":{"start":{"line":13,"column":14},"end":{"line":13,"column":15}},"loc":{"start":{"line":13,"column":24},"end":{"line":22,"column":7}},"line":13},"2":{"name":"(anonymous_2)","decl":{"start":{"line":33,"column":24},"end":{"line":33,"column":25}},"loc":{"start":{"line":33,"column":34},"end":{"line":35,"column":1}},"line":33}},"branchMap":{"0":{"loc":{"start":{"line":13,"column":24},"end":{"line":22,"column":7}},"type":"cond-expr","locations":[{"start":{"line":14,"column":10},"end":{"line":14,"column":34}},{"start":{"line":16,"column":12},"end":{"line":21,"column":14}}],"line":13}},"s":{"0":0,"1":0,"2":0,"3":0,"4":0,"5":0},"f":{"0":0,"1":0,"2":0},"b":{"0":[0,0]}}
,"/Users/tikuochukwuokoye/Documents/SendIt-React/src/helpers/utils.js": {"path":"/Users/tikuochukwuokoye/Documents/SendIt-React/src/helpers/utils.js","statementMap":{"0":{"start":{"line":1,"column":21},"end":{"line":4,"column":1}},"1":{"start":{"line":2,"column":2},"end":{"line":2,"column":27}},"2":{"start":{"line":2,"column":15},"end":{"line":2,"column":27}},"3":{"start":{"line":3,"column":2},"end":{"line":3,"column":15}},"4":{"start":{"line":6,"column":29},"end":{"line":7,"column":45}},"5":{"start":{"line":6,"column":50},"end":{"line":7,"column":45}},"6":{"start":{"line":7,"column":20},"end":{"line":7,"column":44}}},"fnMap":{"0":{"name":"(anonymous_0)","decl":{"start":{"line":1,"column":21},"end":{"line":1,"column":22}},"loc":{"start":{"line":1,"column":31},"end":{"line":4,"column":1}},"line":1},"1":{"name":"(anonymous_1)","decl":{"start":{"line":6,"column":29},"end":{"line":6,"column":30}},"loc":{"start":{"line":6,"column":50},"end":{"line":7,"column":45}},"line":6},"2":{"name":"(anonymous_2)","decl":{"start":{"line":7,"column":10},"end":{"line":7,"column":11}},"loc":{"start":{"line":7,"column":20},"end":{"line":7,"column":44}},"line":7}},"branchMap":{"0":{"loc":{"start":{"line":2,"column":2},"end":{"line":2,"column":27}},"type":"if","locations":[{"start":{"line":2,"column":2},"end":{"line":2,"column":27}},{"start":{"line":2,"column":2},"end":{"line":2,"column":27}}],"line":2}},"s":{"0":11,"1":4,"2":3,"3":1,"4":11,"5":4,"6":16},"f":{"0":4,"1":4,"2":16},"b":{"0":[3,1]},"_coverageSchema":"43e27e138ebf9cfc5966b082cf9a028302ed4184","hash":"4f19b9e8769d356a00c9f85fc8f8bc27e8fab712"}
,"/Users/tikuochukwuokoye/Documents/SendIt-React/src/reducers/authReducer.js": {"path":"/Users/tikuochukwuokoye/Documents/SendIt-React/src/reducers/authReducer.js","statementMap":{"0":{"start":{"line":7,"column":21},"end":{"line":12,"column":1}},"1":{"start":{"line":15,"column":2},"end":{"line":51,"column":3}},"2":{"start":{"line":17,"column":6},"end":{"line":22,"column":8}},"3":{"start":{"line":24,"column":6},"end":{"line":29,"column":8}},"4":{"start":{"line":31,"column":6},"end":{"line":36,"column":8}},"5":{"start":{"line":38,"column":6},"end":{"line":43,"column":8}},"6":{"start":{"line":45,"column":6},"end":{"line":48,"column":8}},"7":{"start":{"line":50,"column":6},"end":{"line":50,"column":19}}},"fnMap":{"0":{"name":"(anonymous_0)","decl":{"start":{"line":14,"column":15},"end":{"line":14,"column":16}},"loc":{"start":{"line":14,"column":49},"end":{"line":52,"column":1}},"line":14}},"branchMap":{"0":{"loc":{"start":{"line":14,"column":16},"end":{"line":14,"column":36}},"type":"default-arg","locations":[{"start":{"line":14,"column":24},"end":{"line":14,"column":36}}],"line":14},"1":{"loc":{"start":{"line":15,"column":2},"end":{"line":51,"column":3}},"type":"switch","locations":[{"start":{"line":16,"column":4},"end":{"line":22,"column":8}},{"start":{"line":23,"column":4},"end":{"line":29,"column":8}},{"start":{"line":30,"column":4},"end":{"line":36,"column":8}},{"start":{"line":37,"column":4},"end":{"line":43,"column":8}},{"start":{"line":44,"column":4},"end":{"line":48,"column":8}},{"start":{"line":49,"column":4},"end":{"line":50,"column":19}}],"line":15}},"s":{"0":1,"1":6,"2":1,"3":1,"4":1,"5":1,"6":1,"7":1},"f":{"0":6},"b":{"0":[1],"1":[1,1,1,1,1,1]},"_coverageSchema":"43e27e138ebf9cfc5966b082cf9a028302ed4184","hash":"3d5c849c55153aea6d3a4ce63e534ca6de2475c5"}
,"/Users/tikuochukwuokoye/Documents/SendIt-React/src/reducers/index.js": {"path":"/Users/tikuochukwuokoye/Documents/SendIt-React/src/reducers/index.js","statementMap":{},"fnMap":{},"branchMap":{},"s":{},"f":{},"b":{}}
,"/Users/tikuochukwuokoye/Documents/SendIt-React/src/reducers/parcelReducer.js": {"path":"/Users/tikuochukwuokoye/Documents/SendIt-React/src/reducers/parcelReducer.js","statementMap":{"0":{"start":{"line":9,"column":21},"end":{"line":18,"column":1}},"1":{"start":{"line":21,"column":2},"end":{"line":71,"column":3}},"2":{"start":{"line":23,"column":6},"end":{"line":27,"column":8}},"3":{"start":{"line":29,"column":6},"end":{"line":33,"column":8}},"4":{"start":{"line":35,"column":6},"end":{"line":39,"column":8}},"5":{"start":{"line":41,"column":6},"end":{"line":45,"column":8}},"6":{"start":{"line":47,"column":6},"end":{"line":51,"column":8}},"7":{"start":{"line":53,"column":6},"end":{"line":57,"column":8}},"8":{"start":{"line":59,"column":6},"end":{"line":62,"column":8}},"9":{"start":{"line":64,"column":6},"end":{"line":68,"column":8}},"10":{"start":{"line":70,"column":6},"end":{"line":70,"column":19}}},"fnMap":{"0":{"name":"(anonymous_0)","decl":{"start":{"line":20,"column":15},"end":{"line":20,"column":16}},"loc":{"start":{"line":20,"column":49},"end":{"line":72,"column":1}},"line":20}},"branchMap":{"0":{"loc":{"start":{"line":20,"column":16},"end":{"line":20,"column":36}},"type":"default-arg","locations":[{"start":{"line":20,"column":24},"end":{"line":20,"column":36}}],"line":20},"1":{"loc":{"start":{"line":21,"column":2},"end":{"line":71,"column":3}},"type":"switch","locations":[{"start":{"line":22,"column":4},"end":{"line":27,"column":8}},{"start":{"line":28,"column":4},"end":{"line":33,"column":8}},{"start":{"line":34,"column":4},"end":{"line":39,"column":8}},{"start":{"line":40,"column":4},"end":{"line":45,"column":8}},{"start":{"line":46,"column":4},"end":{"line":51,"column":8}},{"start":{"line":52,"column":4},"end":{"line":57,"column":8}},{"start":{"line":58,"column":4},"end":{"line":62,"column":8}},{"start":{"line":63,"column":4},"end":{"line":68,"column":8}},{"start":{"line":69,"column":4},"end":{"line":70,"column":19}}],"line":21}},"s":{"0":1,"1":9,"2":1,"3":1,"4":1,"5":1,"6":1,"7":1,"8":1,"9":1,"10":1},"f":{"0":9},"b":{"0":[1],"1":[1,1,1,1,1,1,1,1,1]},"_coverageSchema":"43e27e138ebf9cfc5966b082cf9a028302ed4184","hash":"6f0c459a7fd45fe7111f29104ac7a8b83a53d0ad"}
,"/Users/tikuochukwuokoye/Documents/SendIt-React/src/reducers/userReducer.js": {"path":"/Users/tikuochukwuokoye/Documents/SendIt-React/src/reducers/userReducer.js","statementMap":{"0":{"start":{"line":7,"column":21},"end":{"line":13,"column":1}},"1":{"start":{"line":16,"column":2},"end":{"line":53,"column":3}},"2":{"start":{"line":18,"column":6},"end":{"line":21,"column":8}},"3":{"start":{"line":23,"column":6},"end":{"line":27,"column":8}},"4":{"start":{"line":29,"column":6},"end":{"line":33,"column":8}},"5":{"start":{"line":35,"column":6},"end":{"line":39,"column":8}},"6":{"start":{"line":41,"column":6},"end":{"line":44,"column":8}},"7":{"start":{"line":46,"column":6},"end":{"line":50,"column":8}},"8":{"start":{"line":52,"column":6},"end":{"line":52,"column":19}}},"fnMap":{"0":{"name":"(anonymous_0)","decl":{"start":{"line":15,"column":15},"end":{"line":15,"column":16}},"loc":{"start":{"line":15,"column":49},"end":{"line":54,"column":1}},"line":15}},"branchMap":{"0":{"loc":{"start":{"line":15,"column":16},"end":{"line":15,"column":36}},"type":"default-arg","locations":[{"start":{"line":15,"column":24},"end":{"line":15,"column":36}}],"line":15},"1":{"loc":{"start":{"line":16,"column":2},"end":{"line":53,"column":3}},"type":"switch","locations":[{"start":{"line":17,"column":4},"end":{"line":21,"column":8}},{"start":{"line":22,"column":4},"end":{"line":27,"column":8}},{"start":{"line":28,"column":4},"end":{"line":33,"column":8}},{"start":{"line":34,"column":4},"end":{"line":39,"column":8}},{"start":{"line":40,"column":4},"end":{"line":44,"column":8}},{"start":{"line":45,"column":4},"end":{"line":50,"column":8}},{"start":{"line":51,"column":4},"end":{"line":52,"column":19}}],"line":16}},"s":{"0":1,"1":7,"2":1,"3":1,"4":1,"5":1,"6":1,"7":1,"8":1},"f":{"0":7},"b":{"0":[1],"1":[1,1,1,1,1,1,1]},"_coverageSchema":"43e27e138ebf9cfc5966b082cf9a028302ed4184","hash":"d7b5579e3137451e58facfa806449cbad7e403bc"}
}
