{"/Users/tikuochukwuokoye/Documents/SendIt-React/src/Main.js": {"path":"/Users/tikuochukwuokoye/Documents/SendIt-React/src/Main.js","statementMap":{"0":{"start":{"line":19,"column":16},"end":{"line":35,"column":1}},"1":{"start":{"line":20,"column":2},"end":{"line":34,"column":13}},"2":{"start":{"line":37,"column":0},"end":{"line":37,"column":61}}},"fnMap":{"0":{"name":"(anonymous_0)","decl":{"start":{"line":19,"column":16},"end":{"line":19,"column":17}},"loc":{"start":{"line":20,"column":2},"end":{"line":34,"column":13}},"line":20}},"branchMap":{},"s":{"0":0,"1":0,"2":0},"f":{"0":0},"b":{}}
,"/Users/tikuochukwuokoye/Documents/SendIt-React/src/app.js": {"path":"/Users/tikuochukwuokoye/Documents/SendIt-React/src/app.js","statementMap":{},"fnMap":{},"branchMap":{},"s":{},"f":{},"b":{}}
,"/Users/tikuochukwuokoye/Documents/SendIt-React/src/history.js": {"path":"/Users/tikuochukwuokoye/Documents/SendIt-React/src/history.js","statementMap":{"0":{"start":{"line":3,"column":16},"end":{"line":3,"column":38}}},"fnMap":{},"branchMap":{},"s":{"0":9},"f":{},"b":{},"_coverageSchema":"43e27e138ebf9cfc5966b082cf9a028302ed4184","hash":"17287285530dc2e57ed8441037baa4330fbdef96"}
,"/Users/tikuochukwuokoye/Documents/SendIt-React/src/localStorage.js": {"path":"/Users/tikuochukwuokoye/Documents/SendIt-React/src/localStorage.js","statementMap":{"0":{"start":{"line":1,"column":25},"end":{"line":11,"column":1}},"1":{"start":{"line":2,"column":2},"end":{"line":10,"column":3}},"2":{"start":{"line":3,"column":28},"end":{"line":3,"column":57}},"3":{"start":{"line":4,"column":4},"end":{"line":6,"column":5}},"4":{"start":{"line":5,"column":6},"end":{"line":5,"column":41}},"5":{"start":{"line":7,"column":4},"end":{"line":7,"column":21}},"6":{"start":{"line":9,"column":4},"end":{"line":9,"column":21}},"7":{"start":{"line":13,"column":25},"end":{"line":20,"column":1}},"8":{"start":{"line":14,"column":2},"end":{"line":19,"column":3}},"9":{"start":{"line":15,"column":28},"end":{"line":15,"column":49}},"10":{"start":{"line":16,"column":4},"end":{"line":16,"column":51}},"11":{"start":{"line":18,"column":4},"end":{"line":18,"column":23}}},"fnMap":{"0":{"name":"(anonymous_0)","decl":{"start":{"line":1,"column":25},"end":{"line":1,"column":26}},"loc":{"start":{"line":1,"column":31},"end":{"line":11,"column":1}},"line":1},"1":{"name":"(anonymous_1)","decl":{"start":{"line":13,"column":25},"end":{"line":13,"column":26}},"loc":{"start":{"line":13,"column":36},"end":{"line":20,"column":1}},"line":13}},"branchMap":{"0":{"loc":{"start":{"line":4,"column":4},"end":{"line":6,"column":5}},"type":"if","locations":[{"start":{"line":4,"column":4},"end":{"line":6,"column":5}},{"start":{"line":4,"column":4},"end":{"line":6,"column":5}}],"line":4}},"s":{"0":0,"1":0,"2":0,"3":0,"4":0,"5":0,"6":0,"7":0,"8":0,"9":0,"10":0,"11":0},"f":{"0":0,"1":0},"b":{"0":[0,0]}}
,"/Users/tikuochukwuokoye/Documents/SendIt-React/src/store.js": {"path":"/Users/tikuochukwuokoye/Documents/SendIt-React/src/store.js","statementMap":{"0":{"start":{"line":7,"column":19},"end":{"line":7,"column":26}},"1":{"start":{"line":8,"column":23},"end":{"line":8,"column":34}},"2":{"start":{"line":10,"column":14},"end":{"line":14,"column":1}},"3":{"start":{"line":15,"column":0},"end":{"line":17,"column":3}},"4":{"start":{"line":16,"column":2},"end":{"line":16,"column":30}}},"fnMap":{"0":{"name":"(anonymous_0)","decl":{"start":{"line":15,"column":16},"end":{"line":15,"column":17}},"loc":{"start":{"line":15,"column":22},"end":{"line":17,"column":1}},"line":15}},"branchMap":{},"s":{"0":0,"1":0,"2":0,"3":0,"4":0},"f":{"0":0},"b":{}}
,"/Users/tikuochukwuokoye/Documents/SendIt-React/src/actions/actionTypes.js": {"path":"/Users/tikuochukwuokoye/Documents/SendIt-React/src/actions/actionTypes.js","statementMap":{"0":{"start":{"line":1,"column":26},"end":{"line":1,"column":38}},"1":{"start":{"line":2,"column":35},"end":{"line":2,"column":56}},"2":{"start":{"line":3,"column":41},"end":{"line":3,"column":68}},"3":{"start":{"line":4,"column":41},"end":{"line":4,"column":68}},"4":{"start":{"line":5,"column":39},"end":{"line":5,"column":64}},"5":{"start":{"line":6,"column":40},"end":{"line":6,"column":66}},"6":{"start":{"line":7,"column":29},"end":{"line":7,"column":44}},"7":{"start":{"line":8,"column":27},"end":{"line":8,"column":40}},"8":{"start":{"line":9,"column":28},"end":{"line":9,"column":42}},"9":{"start":{"line":10,"column":27},"end":{"line":10,"column":40}},"10":{"start":{"line":11,"column":33},"end":{"line":11,"column":52}},"11":{"start":{"line":12,"column":41},"end":{"line":12,"column":68}},"12":{"start":{"line":13,"column":26},"end":{"line":13,"column":38}},"13":{"start":{"line":14,"column":21},"end":{"line":14,"column":28}},"14":{"start":{"line":15,"column":25},"end":{"line":15,"column":36}},"15":{"start":{"line":16,"column":26},"end":{"line":16,"column":38}},"16":{"start":{"line":17,"column":26},"end":{"line":17,"column":38}},"17":{"start":{"line":18,"column":25},"end":{"line":18,"column":36}},"18":{"start":{"line":19,"column":33},"end":{"line":19,"column":52}},"19":{"start":{"line":20,"column":31},"end":{"line":20,"column":48}},"20":{"start":{"line":21,"column":31},"end":{"line":21,"column":48}}},"fnMap":{},"branchMap":{},"s":{"0":22,"1":22,"2":22,"3":22,"4":22,"5":22,"6":22,"7":22,"8":22,"9":22,"10":22,"11":22,"12":22,"13":22,"14":22,"15":22,"16":22,"17":22,"18":22,"19":22,"20":22},"f":{},"b":{},"_coverageSchema":"43e27e138ebf9cfc5966b082cf9a028302ed4184","hash":"0c7f2e792d5caf09f5ed8a8dcacd5142d407995d"}
,"/Users/tikuochukwuokoye/Documents/SendIt-React/src/actions/authActions.js": {"path":"/Users/tikuochukwuokoye/Documents/SendIt-React/src/actions/authActions.js","statementMap":{"0":{"start":{"line":10,"column":25},"end":{"line":51,"column":1}},"1":{"start":{"line":10,"column":37},"end":{"line":51,"column":1}},"2":{"start":{"line":11,"column":2},"end":{"line":11,"column":33}},"3":{"start":{"line":12,"column":17},"end":{"line":18,"column":3}},"4":{"start":{"line":20,"column":2},"end":{"line":50,"column":7}},"5":{"start":{"line":23,"column":6},"end":{"line":23,"column":55}},"6":{"start":{"line":24,"column":23},"end":{"line":24,"column":34}},"7":{"start":{"line":25,"column":6},"end":{"line":25,"column":52}},"8":{"start":{"line":26,"column":6},"end":{"line":26,"column":33}},"9":{"start":{"line":29,"column":6},"end":{"line":49,"column":7}},"10":{"start":{"line":30,"column":8},"end":{"line":43,"column":11}},"11":{"start":{"line":31,"column":10},"end":{"line":38,"column":13}},"12":{"start":{"line":39,"column":10},"end":{"line":42,"column":13}},"13":{"start":{"line":45,"column":8},"end":{"line":48,"column":11}},"14":{"start":{"line":53,"column":26},"end":{"line":94,"column":1}},"15":{"start":{"line":53,"column":38},"end":{"line":94,"column":1}},"16":{"start":{"line":54,"column":2},"end":{"line":54,"column":33}},"17":{"start":{"line":55,"column":17},"end":{"line":61,"column":3}},"18":{"start":{"line":63,"column":2},"end":{"line":93,"column":7}},"19":{"start":{"line":66,"column":6},"end":{"line":66,"column":52}},"20":{"start":{"line":67,"column":23},"end":{"line":67,"column":31}},"21":{"start":{"line":68,"column":6},"end":{"line":68,"column":53}},"22":{"start":{"line":69,"column":6},"end":{"line":69,"column":33}},"23":{"start":{"line":72,"column":6},"end":{"line":92,"column":7}},"24":{"start":{"line":73,"column":8},"end":{"line":86,"column":11}},"25":{"start":{"line":74,"column":10},"end":{"line":81,"column":13}},"26":{"start":{"line":82,"column":10},"end":{"line":85,"column":13}},"27":{"start":{"line":88,"column":8},"end":{"line":91,"column":11}},"28":{"start":{"line":96,"column":29},"end":{"line":137,"column":1}},"29":{"start":{"line":96,"column":41},"end":{"line":137,"column":1}},"30":{"start":{"line":97,"column":17},"end":{"line":103,"column":3}},"31":{"start":{"line":105,"column":2},"end":{"line":136,"column":7}},"32":{"start":{"line":108,"column":6},"end":{"line":108,"column":55}},"33":{"start":{"line":109,"column":23},"end":{"line":109,"column":34}},"34":{"start":{"line":110,"column":6},"end":{"line":110,"column":37}},"35":{"start":{"line":111,"column":6},"end":{"line":111,"column":53}},"36":{"start":{"line":112,"column":6},"end":{"line":112,"column":33}},"37":{"start":{"line":115,"column":6},"end":{"line":135,"column":7}},"38":{"start":{"line":116,"column":8},"end":{"line":129,"column":11}},"39":{"start":{"line":117,"column":10},"end":{"line":124,"column":13}},"40":{"start":{"line":125,"column":10},"end":{"line":128,"column":13}},"41":{"start":{"line":131,"column":8},"end":{"line":134,"column":11}}},"fnMap":{"0":{"name":"(anonymous_0)","decl":{"start":{"line":10,"column":25},"end":{"line":10,"column":26}},"loc":{"start":{"line":10,"column":37},"end":{"line":51,"column":1}},"line":10},"1":{"name":"(anonymous_1)","decl":{"start":{"line":10,"column":37},"end":{"line":10,"column":38}},"loc":{"start":{"line":10,"column":51},"end":{"line":51,"column":1}},"line":10},"2":{"name":"(anonymous_2)","decl":{"start":{"line":22,"column":10},"end":{"line":22,"column":11}},"loc":{"start":{"line":22,"column":19},"end":{"line":27,"column":5}},"line":22},"3":{"name":"(anonymous_3)","decl":{"start":{"line":28,"column":11},"end":{"line":28,"column":12}},"loc":{"start":{"line":28,"column":20},"end":{"line":50,"column":5}},"line":28},"4":{"name":"(anonymous_4)","decl":{"start":{"line":30,"column":24},"end":{"line":30,"column":25}},"loc":{"start":{"line":30,"column":33},"end":{"line":43,"column":9}},"line":30},"5":{"name":"(anonymous_5)","decl":{"start":{"line":53,"column":26},"end":{"line":53,"column":27}},"loc":{"start":{"line":53,"column":38},"end":{"line":94,"column":1}},"line":53},"6":{"name":"(anonymous_6)","decl":{"start":{"line":53,"column":38},"end":{"line":53,"column":39}},"loc":{"start":{"line":53,"column":52},"end":{"line":94,"column":1}},"line":53},"7":{"name":"(anonymous_7)","decl":{"start":{"line":65,"column":10},"end":{"line":65,"column":11}},"loc":{"start":{"line":65,"column":19},"end":{"line":70,"column":5}},"line":65},"8":{"name":"(anonymous_8)","decl":{"start":{"line":71,"column":11},"end":{"line":71,"column":12}},"loc":{"start":{"line":71,"column":20},"end":{"line":93,"column":5}},"line":71},"9":{"name":"(anonymous_9)","decl":{"start":{"line":73,"column":24},"end":{"line":73,"column":25}},"loc":{"start":{"line":73,"column":33},"end":{"line":86,"column":9}},"line":73},"10":{"name":"(anonymous_10)","decl":{"start":{"line":96,"column":29},"end":{"line":96,"column":30}},"loc":{"start":{"line":96,"column":41},"end":{"line":137,"column":1}},"line":96},"11":{"name":"(anonymous_11)","decl":{"start":{"line":96,"column":41},"end":{"line":96,"column":42}},"loc":{"start":{"line":96,"column":55},"end":{"line":137,"column":1}},"line":96},"12":{"name":"(anonymous_12)","decl":{"start":{"line":107,"column":10},"end":{"line":107,"column":11}},"loc":{"start":{"line":107,"column":19},"end":{"line":113,"column":5}},"line":107},"13":{"name":"(anonymous_13)","decl":{"start":{"line":114,"column":11},"end":{"line":114,"column":12}},"loc":{"start":{"line":114,"column":20},"end":{"line":136,"column":5}},"line":114},"14":{"name":"(anonymous_14)","decl":{"start":{"line":116,"column":24},"end":{"line":116,"column":25}},"loc":{"start":{"line":116,"column":33},"end":{"line":129,"column":9}},"line":116}},"branchMap":{"0":{"loc":{"start":{"line":29,"column":6},"end":{"line":49,"column":7}},"type":"if","locations":[{"start":{"line":29,"column":6},"end":{"line":49,"column":7}},{"start":{"line":29,"column":6},"end":{"line":49,"column":7}}],"line":29},"1":{"loc":{"start":{"line":72,"column":6},"end":{"line":92,"column":7}},"type":"if","locations":[{"start":{"line":72,"column":6},"end":{"line":92,"column":7}},{"start":{"line":72,"column":6},"end":{"line":92,"column":7}}],"line":72},"2":{"loc":{"start":{"line":115,"column":6},"end":{"line":135,"column":7}},"type":"if","locations":[{"start":{"line":115,"column":6},"end":{"line":135,"column":7}},{"start":{"line":115,"column":6},"end":{"line":135,"column":7}}],"line":115}},"s":{"0":6,"1":2,"2":2,"3":2,"4":2,"5":1,"6":1,"7":1,"8":1,"9":1,"10":0,"11":0,"12":0,"13":1,"14":6,"15":2,"16":2,"17":2,"18":2,"19":1,"20":1,"21":1,"22":1,"23":1,"24":0,"25":0,"26":0,"27":1,"28":6,"29":0,"30":0,"31":0,"32":0,"33":0,"34":0,"35":0,"36":0,"37":0,"38":0,"39":0,"40":0,"41":0},"f":{"0":2,"1":2,"2":1,"3":1,"4":0,"5":2,"6":2,"7":1,"8":1,"9":0,"10":0,"11":0,"12":0,"13":0,"14":0},"b":{"0":[0,1],"1":[0,1],"2":[0,0]},"_coverageSchema":"43e27e138ebf9cfc5966b082cf9a028302ed4184","hash":"4be2e0d2ca1135f1e5da49766a02a02ed84fabbc"}
,"/Users/tikuochukwuokoye/Documents/SendIt-React/src/actions/parcelActions.js": {"path":"/Users/tikuochukwuokoye/Documents/SendIt-React/src/actions/parcelActions.js","statementMap":{"0":{"start":{"line":11,"column":30},"end":{"line":61,"column":1}},"1":{"start":{"line":11,"column":54},"end":{"line":61,"column":1}},"2":{"start":{"line":12,"column":2},"end":{"line":12,"column":40}},"3":{"start":{"line":13,"column":16},"end":{"line":13,"column":45}},"4":{"start":{"line":13,"column":56},"end":{"line":18,"column":3}},"5":{"start":{"line":19,"column":2},"end":{"line":60,"column":7}},"6":{"start":{"line":25,"column":22},"end":{"line":25,"column":45}},"7":{"start":{"line":26,"column":27},"end":{"line":26,"column":82}},"8":{"start":{"line":26,"column":52},"end":{"line":26,"column":81}},"9":{"start":{"line":27,"column":27},"end":{"line":27,"column":83}},"10":{"start":{"line":27,"column":52},"end":{"line":27,"column":82}},"11":{"start":{"line":28,"column":25},"end":{"line":28,"column":78}},"12":{"start":{"line":28,"column":50},"end":{"line":28,"column":77}},"13":{"start":{"line":29,"column":26},"end":{"line":29,"column":80}},"14":{"start":{"line":29,"column":51},"end":{"line":29,"column":79}},"15":{"start":{"line":31,"column":6},"end":{"line":31,"column":79}},"16":{"start":{"line":32,"column":6},"end":{"line":32,"column":79}},"17":{"start":{"line":33,"column":6},"end":{"line":33,"column":75}},"18":{"start":{"line":34,"column":6},"end":{"line":34,"column":77}},"19":{"start":{"line":35,"column":6},"end":{"line":35,"column":64}},"20":{"start":{"line":36,"column":6},"end":{"line":36,"column":56}},"21":{"start":{"line":39,"column":6},"end":{"line":59,"column":7}},"22":{"start":{"line":40,"column":8},"end":{"line":53,"column":11}},"23":{"start":{"line":41,"column":10},"end":{"line":48,"column":13}},"24":{"start":{"line":49,"column":10},"end":{"line":52,"column":13}},"25":{"start":{"line":55,"column":8},"end":{"line":58,"column":11}},"26":{"start":{"line":63,"column":29},"end":{"line":104,"column":1}},"27":{"start":{"line":63,"column":41},"end":{"line":104,"column":1}},"28":{"start":{"line":64,"column":2},"end":{"line":64,"column":40}},"29":{"start":{"line":65,"column":16},"end":{"line":65,"column":45}},"30":{"start":{"line":65,"column":56},"end":{"line":70,"column":3}},"31":{"start":{"line":71,"column":2},"end":{"line":103,"column":7}},"32":{"start":{"line":77,"column":21},"end":{"line":77,"column":32}},"33":{"start":{"line":78,"column":6},"end":{"line":78,"column":27}},"34":{"start":{"line":79,"column":6},"end":{"line":79,"column":59}},"35":{"start":{"line":82,"column":6},"end":{"line":102,"column":7}},"36":{"start":{"line":83,"column":8},"end":{"line":96,"column":11}},"37":{"start":{"line":84,"column":10},"end":{"line":91,"column":13}},"38":{"start":{"line":92,"column":10},"end":{"line":95,"column":13}},"39":{"start":{"line":98,"column":8},"end":{"line":101,"column":11}},"40":{"start":{"line":106,"column":29},"end":{"line":156,"column":1}},"41":{"start":{"line":106,"column":45},"end":{"line":156,"column":1}},"42":{"start":{"line":107,"column":2},"end":{"line":107,"column":40}},"43":{"start":{"line":108,"column":16},"end":{"line":108,"column":45}},"44":{"start":{"line":108,"column":56},"end":{"line":113,"column":3}},"45":{"start":{"line":114,"column":2},"end":{"line":155,"column":7}},"46":{"start":{"line":120,"column":22},"end":{"line":120,"column":45}},"47":{"start":{"line":121,"column":27},"end":{"line":121,"column":82}},"48":{"start":{"line":121,"column":52},"end":{"line":121,"column":81}},"49":{"start":{"line":122,"column":27},"end":{"line":122,"column":83}},"50":{"start":{"line":122,"column":52},"end":{"line":122,"column":82}},"51":{"start":{"line":123,"column":25},"end":{"line":123,"column":78}},"52":{"start":{"line":123,"column":50},"end":{"line":123,"column":77}},"53":{"start":{"line":124,"column":26},"end":{"line":124,"column":80}},"54":{"start":{"line":124,"column":51},"end":{"line":124,"column":79}},"55":{"start":{"line":126,"column":6},"end":{"line":126,"column":79}},"56":{"start":{"line":127,"column":6},"end":{"line":127,"column":79}},"57":{"start":{"line":128,"column":6},"end":{"line":128,"column":75}},"58":{"start":{"line":129,"column":6},"end":{"line":129,"column":77}},"59":{"start":{"line":130,"column":6},"end":{"line":130,"column":64}},"60":{"start":{"line":131,"column":6},"end":{"line":131,"column":56}},"61":{"start":{"line":134,"column":6},"end":{"line":154,"column":7}},"62":{"start":{"line":135,"column":8},"end":{"line":148,"column":11}},"63":{"start":{"line":136,"column":10},"end":{"line":143,"column":13}},"64":{"start":{"line":144,"column":10},"end":{"line":147,"column":13}},"65":{"start":{"line":150,"column":8},"end":{"line":153,"column":11}},"66":{"start":{"line":158,"column":31},"end":{"line":209,"column":1}},"67":{"start":{"line":158,"column":39},"end":{"line":209,"column":1}},"68":{"start":{"line":159,"column":2},"end":{"line":159,"column":40}},"69":{"start":{"line":160,"column":16},"end":{"line":160,"column":45}},"70":{"start":{"line":161,"column":17},"end":{"line":168,"column":3}},"71":{"start":{"line":169,"column":2},"end":{"line":208,"column":7}},"72":{"start":{"line":175,"column":21},"end":{"line":175,"column":29}},"73":{"start":{"line":176,"column":6},"end":{"line":183,"column":9}},"74":{"start":{"line":184,"column":6},"end":{"line":184,"column":61}},"75":{"start":{"line":187,"column":6},"end":{"line":207,"column":7}},"76":{"start":{"line":188,"column":8},"end":{"line":201,"column":11}},"77":{"start":{"line":189,"column":10},"end":{"line":196,"column":13}},"78":{"start":{"line":197,"column":10},"end":{"line":200,"column":13}},"79":{"start":{"line":203,"column":8},"end":{"line":206,"column":11}},"80":{"start":{"line":211,"column":39},"end":{"line":263,"column":1}},"81":{"start":{"line":211,"column":54},"end":{"line":263,"column":1}},"82":{"start":{"line":212,"column":2},"end":{"line":212,"column":40}},"83":{"start":{"line":213,"column":16},"end":{"line":213,"column":45}},"84":{"start":{"line":214,"column":17},"end":{"line":221,"column":3}},"85":{"start":{"line":222,"column":2},"end":{"line":262,"column":7}},"86":{"start":{"line":228,"column":6},"end":{"line":235,"column":9}},"87":{"start":{"line":236,"column":6},"end":{"line":236,"column":72}},"88":{"start":{"line":237,"column":6},"end":{"line":237,"column":35}},"89":{"start":{"line":240,"column":6},"end":{"line":240,"column":23}},"90":{"start":{"line":241,"column":6},"end":{"line":261,"column":7}},"91":{"start":{"line":242,"column":8},"end":{"line":255,"column":11}},"92":{"start":{"line":243,"column":10},"end":{"line":250,"column":13}},"93":{"start":{"line":251,"column":10},"end":{"line":254,"column":13}},"94":{"start":{"line":257,"column":8},"end":{"line":260,"column":11}}},"fnMap":{"0":{"name":"(anonymous_0)","decl":{"start":{"line":11,"column":30},"end":{"line":11,"column":31}},"loc":{"start":{"line":11,"column":54},"end":{"line":61,"column":1}},"line":11},"1":{"name":"(anonymous_1)","decl":{"start":{"line":11,"column":54},"end":{"line":11,"column":55}},"loc":{"start":{"line":11,"column":68},"end":{"line":61,"column":1}},"line":11},"2":{"name":"(anonymous_2)","decl":{"start":{"line":24,"column":10},"end":{"line":24,"column":11}},"loc":{"start":{"line":24,"column":19},"end":{"line":37,"column":5}},"line":24},"3":{"name":"(anonymous_3)","decl":{"start":{"line":26,"column":42},"end":{"line":26,"column":43}},"loc":{"start":{"line":26,"column":52},"end":{"line":26,"column":81}},"line":26},"4":{"name":"(anonymous_4)","decl":{"start":{"line":27,"column":42},"end":{"line":27,"column":43}},"loc":{"start":{"line":27,"column":52},"end":{"line":27,"column":82}},"line":27},"5":{"name":"(anonymous_5)","decl":{"start":{"line":28,"column":40},"end":{"line":28,"column":41}},"loc":{"start":{"line":28,"column":50},"end":{"line":28,"column":77}},"line":28},"6":{"name":"(anonymous_6)","decl":{"start":{"line":29,"column":41},"end":{"line":29,"column":42}},"loc":{"start":{"line":29,"column":51},"end":{"line":29,"column":79}},"line":29},"7":{"name":"(anonymous_7)","decl":{"start":{"line":38,"column":11},"end":{"line":38,"column":12}},"loc":{"start":{"line":38,"column":20},"end":{"line":60,"column":5}},"line":38},"8":{"name":"(anonymous_8)","decl":{"start":{"line":40,"column":24},"end":{"line":40,"column":25}},"loc":{"start":{"line":40,"column":33},"end":{"line":53,"column":9}},"line":40},"9":{"name":"(anonymous_9)","decl":{"start":{"line":63,"column":29},"end":{"line":63,"column":30}},"loc":{"start":{"line":63,"column":41},"end":{"line":104,"column":1}},"line":63},"10":{"name":"(anonymous_10)","decl":{"start":{"line":63,"column":41},"end":{"line":63,"column":42}},"loc":{"start":{"line":63,"column":55},"end":{"line":104,"column":1}},"line":63},"11":{"name":"(anonymous_11)","decl":{"start":{"line":76,"column":10},"end":{"line":76,"column":11}},"loc":{"start":{"line":76,"column":19},"end":{"line":80,"column":5}},"line":76},"12":{"name":"(anonymous_12)","decl":{"start":{"line":81,"column":11},"end":{"line":81,"column":12}},"loc":{"start":{"line":81,"column":20},"end":{"line":103,"column":5}},"line":81},"13":{"name":"(anonymous_13)","decl":{"start":{"line":83,"column":24},"end":{"line":83,"column":25}},"loc":{"start":{"line":83,"column":33},"end":{"line":96,"column":9}},"line":83},"14":{"name":"(anonymous_14)","decl":{"start":{"line":106,"column":29},"end":{"line":106,"column":30}},"loc":{"start":{"line":106,"column":45},"end":{"line":156,"column":1}},"line":106},"15":{"name":"(anonymous_15)","decl":{"start":{"line":106,"column":45},"end":{"line":106,"column":46}},"loc":{"start":{"line":106,"column":59},"end":{"line":156,"column":1}},"line":106},"16":{"name":"(anonymous_16)","decl":{"start":{"line":119,"column":10},"end":{"line":119,"column":11}},"loc":{"start":{"line":119,"column":19},"end":{"line":132,"column":5}},"line":119},"17":{"name":"(anonymous_17)","decl":{"start":{"line":121,"column":42},"end":{"line":121,"column":43}},"loc":{"start":{"line":121,"column":52},"end":{"line":121,"column":81}},"line":121},"18":{"name":"(anonymous_18)","decl":{"start":{"line":122,"column":42},"end":{"line":122,"column":43}},"loc":{"start":{"line":122,"column":52},"end":{"line":122,"column":82}},"line":122},"19":{"name":"(anonymous_19)","decl":{"start":{"line":123,"column":40},"end":{"line":123,"column":41}},"loc":{"start":{"line":123,"column":50},"end":{"line":123,"column":77}},"line":123},"20":{"name":"(anonymous_20)","decl":{"start":{"line":124,"column":41},"end":{"line":124,"column":42}},"loc":{"start":{"line":124,"column":51},"end":{"line":124,"column":79}},"line":124},"21":{"name":"(anonymous_21)","decl":{"start":{"line":133,"column":11},"end":{"line":133,"column":12}},"loc":{"start":{"line":133,"column":20},"end":{"line":155,"column":5}},"line":133},"22":{"name":"(anonymous_22)","decl":{"start":{"line":135,"column":24},"end":{"line":135,"column":25}},"loc":{"start":{"line":135,"column":33},"end":{"line":148,"column":9}},"line":135},"23":{"name":"(anonymous_23)","decl":{"start":{"line":158,"column":31},"end":{"line":158,"column":32}},"loc":{"start":{"line":158,"column":39},"end":{"line":209,"column":1}},"line":158},"24":{"name":"(anonymous_24)","decl":{"start":{"line":158,"column":39},"end":{"line":158,"column":40}},"loc":{"start":{"line":158,"column":53},"end":{"line":209,"column":1}},"line":158},"25":{"name":"(anonymous_25)","decl":{"start":{"line":174,"column":10},"end":{"line":174,"column":11}},"loc":{"start":{"line":174,"column":19},"end":{"line":185,"column":5}},"line":174},"26":{"name":"(anonymous_26)","decl":{"start":{"line":186,"column":11},"end":{"line":186,"column":12}},"loc":{"start":{"line":186,"column":20},"end":{"line":208,"column":5}},"line":186},"27":{"name":"(anonymous_27)","decl":{"start":{"line":188,"column":24},"end":{"line":188,"column":25}},"loc":{"start":{"line":188,"column":33},"end":{"line":201,"column":9}},"line":188},"28":{"name":"(anonymous_28)","decl":{"start":{"line":211,"column":39},"end":{"line":211,"column":40}},"loc":{"start":{"line":211,"column":54},"end":{"line":263,"column":1}},"line":211},"29":{"name":"(anonymous_29)","decl":{"start":{"line":211,"column":54},"end":{"line":211,"column":55}},"loc":{"start":{"line":211,"column":68},"end":{"line":263,"column":1}},"line":211},"30":{"name":"(anonymous_30)","decl":{"start":{"line":227,"column":10},"end":{"line":227,"column":11}},"loc":{"start":{"line":227,"column":22},"end":{"line":238,"column":5}},"line":227},"31":{"name":"(anonymous_31)","decl":{"start":{"line":239,"column":11},"end":{"line":239,"column":12}},"loc":{"start":{"line":239,"column":20},"end":{"line":262,"column":5}},"line":239},"32":{"name":"(anonymous_32)","decl":{"start":{"line":242,"column":24},"end":{"line":242,"column":25}},"loc":{"start":{"line":242,"column":33},"end":{"line":255,"column":9}},"line":242}},"branchMap":{"0":{"loc":{"start":{"line":11,"column":39},"end":{"line":11,"column":49}},"type":"default-arg","locations":[{"start":{"line":11,"column":48},"end":{"line":11,"column":49}}],"line":11},"1":{"loc":{"start":{"line":39,"column":6},"end":{"line":59,"column":7}},"type":"if","locations":[{"start":{"line":39,"column":6},"end":{"line":59,"column":7}},{"start":{"line":39,"column":6},"end":{"line":59,"column":7}}],"line":39},"2":{"loc":{"start":{"line":82,"column":6},"end":{"line":102,"column":7}},"type":"if","locations":[{"start":{"line":82,"column":6},"end":{"line":102,"column":7}},{"start":{"line":82,"column":6},"end":{"line":102,"column":7}}],"line":82},"3":{"loc":{"start":{"line":106,"column":30},"end":{"line":106,"column":40}},"type":"default-arg","locations":[{"start":{"line":106,"column":39},"end":{"line":106,"column":40}}],"line":106},"4":{"loc":{"start":{"line":134,"column":6},"end":{"line":154,"column":7}},"type":"if","locations":[{"start":{"line":134,"column":6},"end":{"line":154,"column":7}},{"start":{"line":134,"column":6},"end":{"line":154,"column":7}}],"line":134},"5":{"loc":{"start":{"line":187,"column":6},"end":{"line":207,"column":7}},"type":"if","locations":[{"start":{"line":187,"column":6},"end":{"line":207,"column":7}},{"start":{"line":187,"column":6},"end":{"line":207,"column":7}}],"line":187},"6":{"loc":{"start":{"line":241,"column":6},"end":{"line":261,"column":7}},"type":"if","locations":[{"start":{"line":241,"column":6},"end":{"line":261,"column":7}},{"start":{"line":241,"column":6},"end":{"line":261,"column":7}}],"line":241}},"s":{"0":11,"1":3,"2":3,"3":3,"4":3,"5":3,"6":1,"7":1,"8":4,"9":1,"10":4,"11":1,"12":4,"13":1,"14":4,"15":1,"16":1,"17":1,"18":1,"19":1,"20":1,"21":2,"22":0,"23":0,"24":0,"25":2,"26":11,"27":4,"28":4,"29":4,"30":4,"31":4,"32":0,"33":0,"34":0,"35":4,"36":0,"37":0,"38":0,"39":4,"40":11,"41":3,"42":3,"43":3,"44":3,"45":3,"46":1,"47":1,"48":4,"49":1,"50":4,"51":1,"52":4,"53":1,"54":4,"55":1,"56":1,"57":1,"58":1,"59":1,"60":1,"61":2,"62":0,"63":0,"64":0,"65":2,"66":11,"67":2,"68":2,"69":2,"70":2,"71":2,"72":1,"73":1,"74":1,"75":1,"76":0,"77":0,"78":0,"79":1,"80":11,"81":2,"82":2,"83":2,"84":2,"85":2,"86":1,"87":0,"88":0,"89":1,"90":1,"91":0,"92":0,"93":0,"94":1},"f":{"0":3,"1":3,"2":1,"3":4,"4":4,"5":4,"6":4,"7":2,"8":0,"9":4,"10":4,"11":0,"12":4,"13":0,"14":3,"15":3,"16":1,"17":4,"18":4,"19":4,"20":4,"21":2,"22":0,"23":2,"24":2,"25":1,"26":1,"27":0,"28":2,"29":2,"30":1,"31":1,"32":0},"b":{"0":[3],"1":[0,2],"2":[0,4],"3":[1],"4":[0,2],"5":[0,1],"6":[0,1]},"_coverageSchema":"43e27e138ebf9cfc5966b082cf9a028302ed4184","hash":"51472f032d576f69b107d26ed67d6353729f6f7d"}
,"/Users/tikuochukwuokoye/Documents/SendIt-React/src/actions/userActions.js": {"path":"/Users/tikuochukwuokoye/Documents/SendIt-React/src/actions/userActions.js","statementMap":{"0":{"start":{"line":9,"column":27},"end":{"line":49,"column":1}},"1":{"start":{"line":9,"column":43},"end":{"line":49,"column":1}},"2":{"start":{"line":10,"column":2},"end":{"line":10,"column":38}},"3":{"start":{"line":11,"column":16},"end":{"line":11,"column":45}},"4":{"start":{"line":11,"column":56},"end":{"line":16,"column":3}},"5":{"start":{"line":17,"column":2},"end":{"line":48,"column":7}},"6":{"start":{"line":23,"column":6},"end":{"line":23,"column":59}},"7":{"start":{"line":24,"column":6},"end":{"line":24,"column":56}},"8":{"start":{"line":27,"column":6},"end":{"line":47,"column":7}},"9":{"start":{"line":28,"column":8},"end":{"line":41,"column":11}},"10":{"start":{"line":29,"column":10},"end":{"line":36,"column":13}},"11":{"start":{"line":37,"column":10},"end":{"line":40,"column":13}},"12":{"start":{"line":43,"column":8},"end":{"line":46,"column":11}}},"fnMap":{"0":{"name":"(anonymous_0)","decl":{"start":{"line":9,"column":27},"end":{"line":9,"column":28}},"loc":{"start":{"line":9,"column":43},"end":{"line":49,"column":1}},"line":9},"1":{"name":"(anonymous_1)","decl":{"start":{"line":9,"column":43},"end":{"line":9,"column":44}},"loc":{"start":{"line":9,"column":57},"end":{"line":49,"column":1}},"line":9},"2":{"name":"(anonymous_2)","decl":{"start":{"line":22,"column":10},"end":{"line":22,"column":11}},"loc":{"start":{"line":22,"column":19},"end":{"line":25,"column":5}},"line":22},"3":{"name":"(anonymous_3)","decl":{"start":{"line":26,"column":11},"end":{"line":26,"column":12}},"loc":{"start":{"line":26,"column":20},"end":{"line":48,"column":5}},"line":26},"4":{"name":"(anonymous_4)","decl":{"start":{"line":28,"column":24},"end":{"line":28,"column":25}},"loc":{"start":{"line":28,"column":33},"end":{"line":41,"column":9}},"line":28}},"branchMap":{"0":{"loc":{"start":{"line":9,"column":28},"end":{"line":9,"column":38}},"type":"default-arg","locations":[{"start":{"line":9,"column":37},"end":{"line":9,"column":38}}],"line":9},"1":{"loc":{"start":{"line":27,"column":6},"end":{"line":47,"column":7}},"type":"if","locations":[{"start":{"line":27,"column":6},"end":{"line":47,"column":7}},{"start":{"line":27,"column":6},"end":{"line":47,"column":7}}],"line":27}},"s":{"0":2,"1":2,"2":2,"3":2,"4":2,"5":2,"6":1,"7":1,"8":1,"9":0,"10":0,"11":0,"12":1},"f":{"0":2,"1":2,"2":1,"3":1,"4":0},"b":{"0":[0],"1":[0,1]},"_coverageSchema":"43e27e138ebf9cfc5966b082cf9a028302ed4184","hash":"df442e41e0ffa35eff4f5af6643355d132cc132a"}
,"/Users/tikuochukwuokoye/Documents/SendIt-React/src/asset/imgs/ico/index.js": {"path":"/Users/tikuochukwuokoye/Documents/SendIt-React/src/asset/imgs/ico/index.js","statementMap":{},"fnMap":{},"branchMap":{},"s":{},"f":{},"b":{},"_coverageSchema":"43e27e138ebf9cfc5966b082cf9a028302ed4184","hash":"628c43dfa8ce116b7da3a6e2f9f89f4120d1185a"}
,"/Users/tikuochukwuokoye/Documents/SendIt-React/src/components/adminPagination.jsx": {"path":"/Users/tikuochukwuokoye/Documents/SendIt-React/src/components/adminPagination.jsx","statementMap":{"0":{"start":{"line":8,"column":4},"end":{"line":8,"column":29}},"1":{"start":{"line":11,"column":25},"end":{"line":13,"column":81}},"2":{"start":{"line":12,"column":27},"end":{"line":13,"column":80}},"3":{"start":{"line":13,"column":33},"end":{"line":13,"column":56}},"4":{"start":{"line":16,"column":22},"end":{"line":16,"column":32}},"5":{"start":{"line":17,"column":4},"end":{"line":21,"column":11}},"6":{"start":{"line":25,"column":0},"end":{"line":30,"column":2}},"7":{"start":{"line":32,"column":24},"end":{"line":34,"column":2}},"8":{"start":{"line":32,"column":34},"end":{"line":34,"column":1}}},"fnMap":{"0":{"name":"(anonymous_0)","decl":{"start":{"line":7,"column":15},"end":{"line":7,"column":16}},"loc":{"start":{"line":7,"column":26},"end":{"line":9,"column":3}},"line":7},"1":{"name":"(anonymous_1)","decl":{"start":{"line":11,"column":16},"end":{"line":11,"column":17}},"loc":{"start":{"line":11,"column":25},"end":{"line":13,"column":81}},"line":11},"2":{"name":"(anonymous_2)","decl":{"start":{"line":12,"column":9},"end":{"line":12,"column":10}},"loc":{"start":{"line":12,"column":27},"end":{"line":13,"column":80}},"line":12},"3":{"name":"(anonymous_3)","decl":{"start":{"line":13,"column":25},"end":{"line":13,"column":26}},"loc":{"start":{"line":13,"column":31},"end":{"line":13,"column":58}},"line":13},"4":{"name":"(anonymous_4)","decl":{"start":{"line":15,"column":2},"end":{"line":15,"column":3}},"loc":{"start":{"line":15,"column":11},"end":{"line":22,"column":3}},"line":15},"5":{"name":"(anonymous_5)","decl":{"start":{"line":32,"column":24},"end":{"line":32,"column":25}},"loc":{"start":{"line":32,"column":34},"end":{"line":34,"column":1}},"line":32}},"branchMap":{},"s":{"0":0,"1":3,"2":4,"3":0,"4":3,"5":3,"6":3,"7":3,"8":3},"f":{"0":0,"1":3,"2":4,"3":0,"4":3,"5":3},"b":{},"_coverageSchema":"43e27e138ebf9cfc5966b082cf9a028302ed4184","hash":"f710d61658268a178a76e43d4ff64104a219d885"}
,"/Users/tikuochukwuokoye/Documents/SendIt-React/src/components/allUsers.jsx": {"path":"/Users/tikuochukwuokoye/Documents/SendIt-React/src/components/allUsers.jsx","statementMap":{"0":{"start":{"line":16,"column":4},"end":{"line":20,"column":5}},"1":{"start":{"line":17,"column":6},"end":{"line":17,"column":27}},"2":{"start":{"line":18,"column":6},"end":{"line":18,"column":24}},"3":{"start":{"line":19,"column":6},"end":{"line":19,"column":13}},"4":{"start":{"line":21,"column":4},"end":{"line":21,"column":29}},"5":{"start":{"line":25,"column":21},"end":{"line":25,"column":36}},"6":{"start":{"line":26,"column":43},"end":{"line":26,"column":59}},"7":{"start":{"line":28,"column":4},"end":{"line":37,"column":12}},"8":{"start":{"line":41,"column":0},"end":{"line":45,"column":2}},"9":{"start":{"line":48,"column":24},"end":{"line":51,"column":2}},"10":{"start":{"line":48,"column":34},"end":{"line":51,"column":1}}},"fnMap":{"0":{"name":"(anonymous_0)","decl":{"start":{"line":15,"column":2},"end":{"line":15,"column":3}},"loc":{"start":{"line":15,"column":22},"end":{"line":22,"column":3}},"line":15},"1":{"name":"(anonymous_1)","decl":{"start":{"line":24,"column":2},"end":{"line":24,"column":3}},"loc":{"start":{"line":24,"column":11},"end":{"line":38,"column":3}},"line":24},"2":{"name":"(anonymous_2)","decl":{"start":{"line":48,"column":24},"end":{"line":48,"column":25}},"loc":{"start":{"line":48,"column":34},"end":{"line":51,"column":1}},"line":48}},"branchMap":{"0":{"loc":{"start":{"line":16,"column":4},"end":{"line":20,"column":5}},"type":"if","locations":[{"start":{"line":16,"column":4},"end":{"line":20,"column":5}},{"start":{"line":16,"column":4},"end":{"line":20,"column":5}}],"line":16}},"s":{"0":1,"1":1,"2":1,"3":1,"4":0,"5":1,"6":1,"7":1,"8":1,"9":1,"10":1},"f":{"0":1,"1":1,"2":1},"b":{"0":[1,0]},"_coverageSchema":"43e27e138ebf9cfc5966b082cf9a028302ed4184","hash":"4587d7f32b1523fb14c59e02872bb6eccf8ad6f2"}
,"/Users/tikuochukwuokoye/Documents/SendIt-React/src/components/dashboard.jsx": {"path":"/Users/tikuochukwuokoye/Documents/SendIt-React/src/components/dashboard.jsx","statementMap":{"0":{"start":{"line":19,"column":19},"end":{"line":19,"column":42}},"1":{"start":{"line":21,"column":4},"end":{"line":24,"column":5}},"2":{"start":{"line":22,"column":6},"end":{"line":22,"column":33}},"3":{"start":{"line":23,"column":6},"end":{"line":23,"column":13}},"4":{"start":{"line":25,"column":4},"end":{"line":25,"column":38}},"5":{"start":{"line":29,"column":42},"end":{"line":29,"column":59}},"6":{"start":{"line":30,"column":21},"end":{"line":30,"column":36}},"7":{"start":{"line":31,"column":4},"end":{"line":44,"column":12}},"8":{"start":{"line":48,"column":0},"end":{"line":53,"column":2}},"9":{"start":{"line":56,"column":24},"end":{"line":59,"column":2}},"10":{"start":{"line":56,"column":34},"end":{"line":59,"column":1}}},"fnMap":{"0":{"name":"(anonymous_0)","decl":{"start":{"line":18,"column":2},"end":{"line":18,"column":3}},"loc":{"start":{"line":18,"column":22},"end":{"line":26,"column":3}},"line":18},"1":{"name":"(anonymous_1)","decl":{"start":{"line":28,"column":2},"end":{"line":28,"column":3}},"loc":{"start":{"line":28,"column":11},"end":{"line":45,"column":3}},"line":28},"2":{"name":"(anonymous_2)","decl":{"start":{"line":56,"column":24},"end":{"line":56,"column":25}},"loc":{"start":{"line":56,"column":34},"end":{"line":59,"column":1}},"line":56}},"branchMap":{"0":{"loc":{"start":{"line":21,"column":4},"end":{"line":24,"column":5}},"type":"if","locations":[{"start":{"line":21,"column":4},"end":{"line":24,"column":5}},{"start":{"line":21,"column":4},"end":{"line":24,"column":5}}],"line":21},"1":{"loc":{"start":{"line":38,"column":11},"end":{"line":40,"column":77}},"type":"cond-expr","locations":[{"start":{"line":39,"column":14},"end":{"line":39,"column":81}},{"start":{"line":40,"column":14},"end":{"line":40,"column":77}}],"line":38}},"s":{"0":2,"1":2,"2":1,"3":1,"4":1,"5":2,"6":2,"7":2,"8":1,"9":1,"10":2},"f":{"0":2,"1":2,"2":2},"b":{"0":[1,1],"1":[1,1]},"_coverageSchema":"43e27e138ebf9cfc5966b082cf9a028302ed4184","hash":"31678af9bd18d153f5e6117a956cafda78679ef5"}
,"/Users/tikuochukwuokoye/Documents/SendIt-React/src/components/deliveredParcel.jsx": {"path":"/Users/tikuochukwuokoye/Documents/SendIt-React/src/components/deliveredParcel.jsx","statementMap":{"0":{"start":{"line":16,"column":4},"end":{"line":19,"column":5}},"1":{"start":{"line":17,"column":6},"end":{"line":17,"column":27}},"2":{"start":{"line":18,"column":6},"end":{"line":18,"column":24}},"3":{"start":{"line":23,"column":44},"end":{"line":23,"column":61}},"4":{"start":{"line":24,"column":21},"end":{"line":24,"column":36}},"5":{"start":{"line":25,"column":4},"end":{"line":35,"column":12}},"6":{"start":{"line":39,"column":0},"end":{"line":44,"column":2}},"7":{"start":{"line":46,"column":24},"end":{"line":49,"column":2}},"8":{"start":{"line":46,"column":34},"end":{"line":49,"column":1}}},"fnMap":{"0":{"name":"(anonymous_0)","decl":{"start":{"line":15,"column":2},"end":{"line":15,"column":3}},"loc":{"start":{"line":15,"column":22},"end":{"line":20,"column":3}},"line":15},"1":{"name":"(anonymous_1)","decl":{"start":{"line":22,"column":2},"end":{"line":22,"column":3}},"loc":{"start":{"line":22,"column":11},"end":{"line":36,"column":3}},"line":22},"2":{"name":"(anonymous_2)","decl":{"start":{"line":46,"column":24},"end":{"line":46,"column":25}},"loc":{"start":{"line":46,"column":34},"end":{"line":49,"column":1}},"line":46}},"branchMap":{"0":{"loc":{"start":{"line":16,"column":4},"end":{"line":19,"column":5}},"type":"if","locations":[{"start":{"line":16,"column":4},"end":{"line":19,"column":5}},{"start":{"line":16,"column":4},"end":{"line":19,"column":5}}],"line":16}},"s":{"0":1,"1":1,"2":1,"3":1,"4":1,"5":1,"6":1,"7":1,"8":1},"f":{"0":1,"1":1,"2":1},"b":{"0":[1,0]},"_coverageSchema":"43e27e138ebf9cfc5966b082cf9a028302ed4184","hash":"4ca006bfbc65243cf52d358736ea5b7ac9c8cd33"}
,"/Users/tikuochukwuokoye/Documents/SendIt-React/src/components/details.jsx": {"path":"/Users/tikuochukwuokoye/Documents/SendIt-React/src/components/details.jsx","statementMap":{"0":{"start":{"line":12,"column":16},"end":{"line":25,"column":1}},"1":{"start":{"line":13,"column":19},"end":{"line":13,"column":29}},"2":{"start":{"line":14,"column":19},"end":{"line":14,"column":47}},"3":{"start":{"line":16,"column":2},"end":{"line":24,"column":10}},"4":{"start":{"line":27,"column":0},"end":{"line":31,"column":2}},"5":{"start":{"line":33,"column":24},"end":{"line":36,"column":2}},"6":{"start":{"line":33,"column":34},"end":{"line":36,"column":1}}},"fnMap":{"0":{"name":"(anonymous_0)","decl":{"start":{"line":12,"column":16},"end":{"line":12,"column":17}},"loc":{"start":{"line":12,"column":27},"end":{"line":25,"column":1}},"line":12},"1":{"name":"(anonymous_1)","decl":{"start":{"line":33,"column":24},"end":{"line":33,"column":25}},"loc":{"start":{"line":33,"column":34},"end":{"line":36,"column":1}},"line":33}},"branchMap":{},"s":{"0":1,"1":1,"2":1,"3":1,"4":1,"5":1,"6":1},"f":{"0":1,"1":1},"b":{},"_coverageSchema":"43e27e138ebf9cfc5966b082cf9a028302ed4184","hash":"36a0a911780a16213f9cc7bfcf08160775f00c30"}
,"/Users/tikuochukwuokoye/Documents/SendIt-React/src/components/inTransitParcel.jsx": {"path":"/Users/tikuochukwuokoye/Documents/SendIt-React/src/components/inTransitParcel.jsx","statementMap":{"0":{"start":{"line":15,"column":4},"end":{"line":18,"column":5}},"1":{"start":{"line":16,"column":6},"end":{"line":16,"column":27}},"2":{"start":{"line":17,"column":6},"end":{"line":17,"column":24}},"3":{"start":{"line":22,"column":44},"end":{"line":22,"column":61}},"4":{"start":{"line":23,"column":21},"end":{"line":23,"column":36}},"5":{"start":{"line":24,"column":4},"end":{"line":34,"column":12}},"6":{"start":{"line":38,"column":0},"end":{"line":43,"column":2}},"7":{"start":{"line":45,"column":24},"end":{"line":48,"column":2}},"8":{"start":{"line":45,"column":34},"end":{"line":48,"column":1}}},"fnMap":{"0":{"name":"(anonymous_0)","decl":{"start":{"line":14,"column":2},"end":{"line":14,"column":3}},"loc":{"start":{"line":14,"column":22},"end":{"line":19,"column":3}},"line":14},"1":{"name":"(anonymous_1)","decl":{"start":{"line":21,"column":2},"end":{"line":21,"column":3}},"loc":{"start":{"line":21,"column":11},"end":{"line":35,"column":3}},"line":21},"2":{"name":"(anonymous_2)","decl":{"start":{"line":45,"column":24},"end":{"line":45,"column":25}},"loc":{"start":{"line":45,"column":34},"end":{"line":48,"column":1}},"line":45}},"branchMap":{"0":{"loc":{"start":{"line":15,"column":4},"end":{"line":18,"column":5}},"type":"if","locations":[{"start":{"line":15,"column":4},"end":{"line":18,"column":5}},{"start":{"line":15,"column":4},"end":{"line":18,"column":5}}],"line":15}},"s":{"0":1,"1":1,"2":1,"3":1,"4":1,"5":1,"6":1,"7":1,"8":1},"f":{"0":1,"1":1,"2":1},"b":{"0":[1,0]},"_coverageSchema":"43e27e138ebf9cfc5966b082cf9a028302ed4184","hash":"aba92d5c3eefe80cbad393616328ec93853bcd18"}
,"/Users/tikuochukwuokoye/Documents/SendIt-React/src/components/infoBox.jsx": {"path":"/Users/tikuochukwuokoye/Documents/SendIt-React/src/components/infoBox.jsx","statementMap":{"0":{"start":{"line":7,"column":20},"end":{"line":7,"column":59}},"1":{"start":{"line":8,"column":18},"end":{"line":8,"column":59}},"2":{"start":{"line":9,"column":18},"end":{"line":9,"column":59}},"3":{"start":{"line":10,"column":4},"end":{"line":25,"column":6}},"4":{"start":{"line":29,"column":0},"end":{"line":32,"column":2}},"5":{"start":{"line":34,"column":24},"end":{"line":37,"column":2}},"6":{"start":{"line":34,"column":34},"end":{"line":37,"column":1}}},"fnMap":{"0":{"name":"(anonymous_0)","decl":{"start":{"line":6,"column":2},"end":{"line":6,"column":3}},"loc":{"start":{"line":6,"column":11},"end":{"line":26,"column":3}},"line":6},"1":{"name":"(anonymous_1)","decl":{"start":{"line":34,"column":24},"end":{"line":34,"column":25}},"loc":{"start":{"line":34,"column":34},"end":{"line":37,"column":1}},"line":34}},"branchMap":{},"s":{"0":4,"1":4,"2":4,"3":4,"4":3,"5":3,"6":4},"f":{"0":4,"1":4},"b":{},"_coverageSchema":"43e27e138ebf9cfc5966b082cf9a028302ed4184","hash":"7d581883e3cee41b6494400342f8d5c22ad0300b"}
,"/Users/tikuochukwuokoye/Documents/SendIt-React/src/components/modal.jsx": {"path":"/Users/tikuochukwuokoye/Documents/SendIt-React/src/components/modal.jsx","statementMap":{"0":{"start":{"line":6,"column":4},"end":{"line":6,"column":57}},"1":{"start":{"line":10,"column":4},"end":{"line":10,"column":60}},"2":{"start":{"line":14,"column":27},"end":{"line":14,"column":37}},"3":{"start":{"line":15,"column":4},"end":{"line":20,"column":5}},"4":{"start":{"line":16,"column":6},"end":{"line":19,"column":7}},"5":{"start":{"line":17,"column":8},"end":{"line":17,"column":21}},"6":{"start":{"line":18,"column":8},"end":{"line":18,"column":64}},"7":{"start":{"line":25,"column":38},"end":{"line":25,"column":48}},"8":{"start":{"line":26,"column":4},"end":{"line":33,"column":11}},"9":{"start":{"line":27,"column":24},"end":{"line":27,"column":41}},"10":{"start":{"line":37,"column":0},"end":{"line":41,"column":2}}},"fnMap":{"0":{"name":"(anonymous_0)","decl":{"start":{"line":5,"column":2},"end":{"line":5,"column":3}},"loc":{"start":{"line":5,"column":22},"end":{"line":7,"column":3}},"line":5},"1":{"name":"(anonymous_1)","decl":{"start":{"line":9,"column":2},"end":{"line":9,"column":3}},"loc":{"start":{"line":9,"column":25},"end":{"line":11,"column":3}},"line":9},"2":{"name":"(anonymous_2)","decl":{"start":{"line":13,"column":16},"end":{"line":13,"column":17}},"loc":{"start":{"line":13,"column":23},"end":{"line":21,"column":3}},"line":13},"3":{"name":"(anonymous_3)","decl":{"start":{"line":24,"column":2},"end":{"line":24,"column":3}},"loc":{"start":{"line":24,"column":11},"end":{"line":34,"column":3}},"line":24},"4":{"name":"(anonymous_4)","decl":{"start":{"line":27,"column":16},"end":{"line":27,"column":17}},"loc":{"start":{"line":27,"column":24},"end":{"line":27,"column":41}},"line":27}},"branchMap":{"0":{"loc":{"start":{"line":15,"column":4},"end":{"line":20,"column":5}},"type":"if","locations":[{"start":{"line":15,"column":4},"end":{"line":20,"column":5}},{"start":{"line":15,"column":4},"end":{"line":20,"column":5}}],"line":15},"1":{"loc":{"start":{"line":15,"column":8},"end":{"line":15,"column":55}},"type":"binary-expr","locations":[{"start":{"line":15,"column":8},"end":{"line":15,"column":27}},{"start":{"line":15,"column":31},"end":{"line":15,"column":55}}],"line":15},"2":{"loc":{"start":{"line":16,"column":6},"end":{"line":19,"column":7}},"type":"if","locations":[{"start":{"line":16,"column":6},"end":{"line":19,"column":7}},{"start":{"line":16,"column":6},"end":{"line":19,"column":7}}],"line":16}},"s":{"0":3,"1":2,"2":0,"3":0,"4":0,"5":0,"6":0,"7":3,"8":3,"9":5,"10":9},"f":{"0":3,"1":2,"2":0,"3":3,"4":5},"b":{"0":[0,0],"1":[0,0],"2":[0,0]},"_coverageSchema":"43e27e138ebf9cfc5966b082cf9a028302ed4184","hash":"ea7591d51839a91d3d839b8598286e61b2e8ad2b"}
,"/Users/tikuochukwuokoye/Documents/SendIt-React/src/components/pagination.jsx": {"path":"/Users/tikuochukwuokoye/Documents/SendIt-React/src/components/pagination.jsx","statementMap":{"0":{"start":{"line":8,"column":19},"end":{"line":8,"column":42}},"1":{"start":{"line":9,"column":4},"end":{"line":9,"column":37}},"2":{"start":{"line":12,"column":25},"end":{"line":14,"column":82}},"3":{"start":{"line":13,"column":27},"end":{"line":14,"column":81}},"4":{"start":{"line":14,"column":35},"end":{"line":14,"column":58}},"5":{"start":{"line":17,"column":22},"end":{"line":17,"column":32}},"6":{"start":{"line":18,"column":4},"end":{"line":22,"column":11}},"7":{"start":{"line":26,"column":0},"end":{"line":31,"column":2}},"8":{"start":{"line":33,"column":24},"end":{"line":35,"column":2}},"9":{"start":{"line":33,"column":34},"end":{"line":35,"column":1}}},"fnMap":{"0":{"name":"(anonymous_0)","decl":{"start":{"line":7,"column":15},"end":{"line":7,"column":16}},"loc":{"start":{"line":7,"column":26},"end":{"line":10,"column":3}},"line":7},"1":{"name":"(anonymous_1)","decl":{"start":{"line":12,"column":16},"end":{"line":12,"column":17}},"loc":{"start":{"line":12,"column":25},"end":{"line":14,"column":82}},"line":12},"2":{"name":"(anonymous_2)","decl":{"start":{"line":13,"column":9},"end":{"line":13,"column":10}},"loc":{"start":{"line":13,"column":27},"end":{"line":14,"column":81}},"line":13},"3":{"name":"(anonymous_3)","decl":{"start":{"line":14,"column":27},"end":{"line":14,"column":28}},"loc":{"start":{"line":14,"column":33},"end":{"line":14,"column":60}},"line":14},"4":{"name":"(anonymous_4)","decl":{"start":{"line":16,"column":2},"end":{"line":16,"column":3}},"loc":{"start":{"line":16,"column":11},"end":{"line":23,"column":3}},"line":16},"5":{"name":"(anonymous_5)","decl":{"start":{"line":33,"column":24},"end":{"line":33,"column":25}},"loc":{"start":{"line":33,"column":34},"end":{"line":35,"column":1}},"line":33}},"branchMap":{},"s":{"0":1,"1":1,"2":4,"3":7,"4":1,"5":4,"6":4,"7":2,"8":2,"9":4},"f":{"0":1,"1":4,"2":7,"3":1,"4":4,"5":4},"b":{},"_coverageSchema":"43e27e138ebf9cfc5966b082cf9a028302ed4184","hash":"174064780e53debe0cdb8edb661bba114709da38"}
,"/Users/tikuochukwuokoye/Documents/SendIt-React/src/components/profile.jsx": {"path":"/Users/tikuochukwuokoye/Documents/SendIt-React/src/components/profile.jsx","statementMap":{"0":{"start":{"line":17,"column":21},"end":{"line":17,"column":36}},"1":{"start":{"line":18,"column":23},"end":{"line":18,"column":33}},"2":{"start":{"line":20,"column":4},"end":{"line":30,"column":6}},"3":{"start":{"line":33,"column":0},"end":{"line":36,"column":2}},"4":{"start":{"line":38,"column":24},"end":{"line":41,"column":2}},"5":{"start":{"line":38,"column":34},"end":{"line":41,"column":1}}},"fnMap":{"0":{"name":"(anonymous_0)","decl":{"start":{"line":16,"column":2},"end":{"line":16,"column":3}},"loc":{"start":{"line":16,"column":11},"end":{"line":31,"column":3}},"line":16},"1":{"name":"(anonymous_1)","decl":{"start":{"line":38,"column":24},"end":{"line":38,"column":25}},"loc":{"start":{"line":38,"column":34},"end":{"line":41,"column":1}},"line":38}},"branchMap":{},"s":{"0":1,"1":1,"2":1,"3":1,"4":1,"5":1},"f":{"0":1,"1":1},"b":{},"_coverageSchema":"43e27e138ebf9cfc5966b082cf9a028302ed4184","hash":"de1d83b1ae13fa3e6011e7ef5f49e4ccf91b02f8"}
,"/Users/tikuochukwuokoye/Documents/SendIt-React/src/components/auth/login.jsx": {"path":"/Users/tikuochukwuokoye/Documents/SendIt-React/src/components/auth/login.jsx","statementMap":{"0":{"start":{"line":10,"column":21},"end":{"line":37,"column":1}},"1":{"start":{"line":11,"column":2},"end":{"line":36,"column":12}},"2":{"start":{"line":39,"column":22},"end":{"line":72,"column":1}},"3":{"start":{"line":40,"column":2},"end":{"line":71,"column":12}},"4":{"start":{"line":74,"column":21},"end":{"line":102,"column":1}},"5":{"start":{"line":75,"column":2},"end":{"line":101,"column":12}}},"fnMap":{"0":{"name":"(anonymous_0)","decl":{"start":{"line":10,"column":21},"end":{"line":10,"column":22}},"loc":{"start":{"line":11,"column":2},"end":{"line":36,"column":12}},"line":11},"1":{"name":"(anonymous_1)","decl":{"start":{"line":39,"column":22},"end":{"line":39,"column":23}},"loc":{"start":{"line":40,"column":2},"end":{"line":71,"column":12}},"line":40},"2":{"name":"(anonymous_2)","decl":{"start":{"line":74,"column":21},"end":{"line":74,"column":22}},"loc":{"start":{"line":75,"column":2},"end":{"line":101,"column":12}},"line":75}},"branchMap":{},"s":{"0":3,"1":1,"2":3,"3":1,"4":3,"5":1},"f":{"0":1,"1":1,"2":1},"b":{},"_coverageSchema":"43e27e138ebf9cfc5966b082cf9a028302ed4184","hash":"950a21e3e1b5061c6bde42a99be826bcb349c26c"}
,"/Users/tikuochukwuokoye/Documents/SendIt-React/src/components/forms/changeDestinationForm.jsx": {"path":"/Users/tikuochukwuokoye/Documents/SendIt-React/src/components/forms/changeDestinationForm.jsx","statementMap":{"0":{"start":{"line":13,"column":4},"end":{"line":15,"column":7}},"1":{"start":{"line":19,"column":4},"end":{"line":19,"column":27}},"2":{"start":{"line":20,"column":17},"end":{"line":20,"column":27}},"3":{"start":{"line":21,"column":4},"end":{"line":21,"column":45}},"4":{"start":{"line":25,"column":4},"end":{"line":25,"column":63}},"5":{"start":{"line":29,"column":28},"end":{"line":29,"column":38}},"6":{"start":{"line":31,"column":4},"end":{"line":37,"column":12}},"7":{"start":{"line":41,"column":0},"end":{"line":44,"column":2}},"8":{"start":{"line":46,"column":24},"end":{"line":48,"column":2}},"9":{"start":{"line":46,"column":34},"end":{"line":48,"column":1}}},"fnMap":{"0":{"name":"(anonymous_0)","decl":{"start":{"line":11,"column":2},"end":{"line":11,"column":3}},"loc":{"start":{"line":11,"column":25},"end":{"line":16,"column":3}},"line":11},"1":{"name":"(anonymous_1)","decl":{"start":{"line":18,"column":9},"end":{"line":18,"column":10}},"loc":{"start":{"line":18,"column":20},"end":{"line":22,"column":3}},"line":18},"2":{"name":"(anonymous_2)","decl":{"start":{"line":24,"column":13},"end":{"line":24,"column":14}},"loc":{"start":{"line":24,"column":24},"end":{"line":26,"column":3}},"line":24},"3":{"name":"(anonymous_3)","decl":{"start":{"line":28,"column":2},"end":{"line":28,"column":3}},"loc":{"start":{"line":28,"column":11},"end":{"line":38,"column":3}},"line":28},"4":{"name":"(anonymous_4)","decl":{"start":{"line":46,"column":24},"end":{"line":46,"column":25}},"loc":{"start":{"line":46,"column":34},"end":{"line":48,"column":1}},"line":46}},"branchMap":{},"s":{"0":3,"1":1,"2":1,"3":1,"4":2,"5":6,"6":6,"7":3,"8":3,"9":2},"f":{"0":3,"1":1,"2":2,"3":6,"4":2},"b":{},"_coverageSchema":"43e27e138ebf9cfc5966b082cf9a028302ed4184","hash":"3944e9d368fc17598fc8ed2fb28b775aad0050df"}
,"/Users/tikuochukwuokoye/Documents/SendIt-React/src/components/forms/loginForm.jsx": {"path":"/Users/tikuochukwuokoye/Documents/SendIt-React/src/components/forms/loginForm.jsx","statementMap":{"0":{"start":{"line":16,"column":4},"end":{"line":19,"column":7}},"1":{"start":{"line":23,"column":4},"end":{"line":23,"column":63}},"2":{"start":{"line":27,"column":4},"end":{"line":27,"column":27}},"3":{"start":{"line":28,"column":17},"end":{"line":28,"column":27}},"4":{"start":{"line":30,"column":4},"end":{"line":30,"column":31}},"5":{"start":{"line":34,"column":32},"end":{"line":34,"column":42}},"6":{"start":{"line":35,"column":26},"end":{"line":35,"column":41}},"7":{"start":{"line":37,"column":4},"end":{"line":56,"column":14}},"8":{"start":{"line":60,"column":0},"end":{"line":63,"column":2}},"9":{"start":{"line":65,"column":24},"end":{"line":67,"column":2}},"10":{"start":{"line":65,"column":34},"end":{"line":67,"column":1}}},"fnMap":{"0":{"name":"(anonymous_0)","decl":{"start":{"line":14,"column":2},"end":{"line":14,"column":3}},"loc":{"start":{"line":14,"column":25},"end":{"line":20,"column":3}},"line":14},"1":{"name":"(anonymous_1)","decl":{"start":{"line":22,"column":13},"end":{"line":22,"column":14}},"loc":{"start":{"line":22,"column":24},"end":{"line":24,"column":3}},"line":22},"2":{"name":"(anonymous_2)","decl":{"start":{"line":26,"column":10},"end":{"line":26,"column":11}},"loc":{"start":{"line":26,"column":21},"end":{"line":31,"column":3}},"line":26},"3":{"name":"(anonymous_3)","decl":{"start":{"line":33,"column":2},"end":{"line":33,"column":3}},"loc":{"start":{"line":33,"column":11},"end":{"line":57,"column":3}},"line":33},"4":{"name":"(anonymous_4)","decl":{"start":{"line":65,"column":24},"end":{"line":65,"column":25}},"loc":{"start":{"line":65,"column":34},"end":{"line":67,"column":1}},"line":65}},"branchMap":{"0":{"loc":{"start":{"line":47,"column":11},"end":{"line":51,"column":11}},"type":"binary-expr","locations":[{"start":{"line":47,"column":11},"end":{"line":47,"column":20}},{"start":{"line":48,"column":10},"end":{"line":50,"column":17}}],"line":47}},"s":{"0":0,"1":0,"2":0,"3":0,"4":0,"5":1,"6":1,"7":1,"8":3,"9":3,"10":1},"f":{"0":0,"1":0,"2":0,"3":1,"4":1},"b":{"0":[1,0]},"_coverageSchema":"43e27e138ebf9cfc5966b082cf9a028302ed4184","hash":"b9eb0bc7c673cbf963b322ce047ec9f6159e041d"}
,"/Users/tikuochukwuokoye/Documents/SendIt-React/src/components/forms/newParcelForm.jsx": {"path":"/Users/tikuochukwuokoye/Documents/SendIt-React/src/components/forms/newParcelForm.jsx","statementMap":{"0":{"start":{"line":21,"column":4},"end":{"line":29,"column":7}},"1":{"start":{"line":33,"column":4},"end":{"line":33,"column":27}},"2":{"start":{"line":34,"column":17},"end":{"line":34,"column":27}},"3":{"start":{"line":36,"column":4},"end":{"line":36,"column":37}},"4":{"start":{"line":40,"column":4},"end":{"line":40,"column":63}},"5":{"start":{"line":47,"column":8},"end":{"line":47,"column":18}},"6":{"start":{"line":49,"column":26},"end":{"line":49,"column":43}},"7":{"start":{"line":51,"column":4},"end":{"line":104,"column":12}},"8":{"start":{"line":108,"column":0},"end":{"line":111,"column":2}},"9":{"start":{"line":113,"column":24},"end":{"line":116,"column":2}},"10":{"start":{"line":113,"column":34},"end":{"line":116,"column":1}}},"fnMap":{"0":{"name":"(anonymous_0)","decl":{"start":{"line":19,"column":2},"end":{"line":19,"column":3}},"loc":{"start":{"line":19,"column":25},"end":{"line":30,"column":3}},"line":19},"1":{"name":"(anonymous_1)","decl":{"start":{"line":32,"column":11},"end":{"line":32,"column":12}},"loc":{"start":{"line":32,"column":22},"end":{"line":37,"column":3}},"line":32},"2":{"name":"(anonymous_2)","decl":{"start":{"line":39,"column":13},"end":{"line":39,"column":14}},"loc":{"start":{"line":39,"column":24},"end":{"line":41,"column":3}},"line":39},"3":{"name":"(anonymous_3)","decl":{"start":{"line":43,"column":2},"end":{"line":43,"column":3}},"loc":{"start":{"line":43,"column":11},"end":{"line":105,"column":3}},"line":43},"4":{"name":"(anonymous_4)","decl":{"start":{"line":113,"column":24},"end":{"line":113,"column":25}},"loc":{"start":{"line":113,"column":34},"end":{"line":116,"column":1}},"line":113}},"branchMap":{"0":{"loc":{"start":{"line":98,"column":9},"end":{"line":102,"column":9}},"type":"binary-expr","locations":[{"start":{"line":98,"column":9},"end":{"line":98,"column":18}},{"start":{"line":99,"column":10},"end":{"line":101,"column":17}}],"line":98}},"s":{"0":3,"1":1,"2":1,"3":1,"4":8,"5":12,"6":12,"7":12,"8":8,"9":8,"10":2},"f":{"0":3,"1":1,"2":8,"3":12,"4":2},"b":{"0":[12,0]},"_coverageSchema":"43e27e138ebf9cfc5966b082cf9a028302ed4184","hash":"eada0649e81dff0ae3054e085ee11d852d381bfa"}
,"/Users/tikuochukwuokoye/Documents/SendIt-React/src/components/forms/resetForm.jsx": {"path":"/Users/tikuochukwuokoye/Documents/SendIt-React/src/components/forms/resetForm.jsx","statementMap":{"0":{"start":{"line":12,"column":4},"end":{"line":12,"column":63}},"1":{"start":{"line":17,"column":4},"end":{"line":19,"column":7}},"2":{"start":{"line":23,"column":4},"end":{"line":23,"column":27}},"3":{"start":{"line":24,"column":17},"end":{"line":24,"column":27}},"4":{"start":{"line":26,"column":4},"end":{"line":26,"column":35}},"5":{"start":{"line":30,"column":22},"end":{"line":30,"column":32}},"6":{"start":{"line":31,"column":4},"end":{"line":53,"column":6}},"7":{"start":{"line":57,"column":0},"end":{"line":59,"column":2}}},"fnMap":{"0":{"name":"(anonymous_0)","decl":{"start":{"line":11,"column":13},"end":{"line":11,"column":14}},"loc":{"start":{"line":11,"column":24},"end":{"line":13,"column":3}},"line":11},"1":{"name":"(anonymous_1)","decl":{"start":{"line":15,"column":2},"end":{"line":15,"column":3}},"loc":{"start":{"line":15,"column":25},"end":{"line":20,"column":3}},"line":15},"2":{"name":"(anonymous_2)","decl":{"start":{"line":22,"column":18},"end":{"line":22,"column":19}},"loc":{"start":{"line":22,"column":29},"end":{"line":27,"column":3}},"line":22},"3":{"name":"(anonymous_3)","decl":{"start":{"line":29,"column":2},"end":{"line":29,"column":3}},"loc":{"start":{"line":29,"column":11},"end":{"line":54,"column":3}},"line":29}},"branchMap":{},"s":{"0":2,"1":2,"2":1,"3":1,"4":1,"5":6,"6":6,"7":4},"f":{"0":2,"1":2,"2":1,"3":6},"b":{},"_coverageSchema":"43e27e138ebf9cfc5966b082cf9a028302ed4184","hash":"c91150020b36b160aed92b376efc198ba125ea7b"}
,"/Users/tikuochukwuokoye/Documents/SendIt-React/src/components/forms/signUpForm.jsx": {"path":"/Users/tikuochukwuokoye/Documents/SendIt-React/src/components/forms/signUpForm.jsx","statementMap":{"0":{"start":{"line":17,"column":4},"end":{"line":22,"column":7}},"1":{"start":{"line":26,"column":4},"end":{"line":26,"column":63}},"2":{"start":{"line":30,"column":4},"end":{"line":30,"column":27}},"3":{"start":{"line":31,"column":17},"end":{"line":31,"column":27}},"4":{"start":{"line":33,"column":4},"end":{"line":33,"column":32}},"5":{"start":{"line":39,"column":8},"end":{"line":39,"column":18}},"6":{"start":{"line":40,"column":26},"end":{"line":40,"column":41}},"7":{"start":{"line":41,"column":4},"end":{"line":92,"column":6}},"8":{"start":{"line":96,"column":0},"end":{"line":99,"column":2}},"9":{"start":{"line":101,"column":24},"end":{"line":103,"column":2}},"10":{"start":{"line":101,"column":34},"end":{"line":103,"column":1}}},"fnMap":{"0":{"name":"(anonymous_0)","decl":{"start":{"line":15,"column":2},"end":{"line":15,"column":3}},"loc":{"start":{"line":15,"column":25},"end":{"line":23,"column":3}},"line":15},"1":{"name":"(anonymous_1)","decl":{"start":{"line":25,"column":13},"end":{"line":25,"column":14}},"loc":{"start":{"line":25,"column":24},"end":{"line":27,"column":3}},"line":25},"2":{"name":"(anonymous_2)","decl":{"start":{"line":29,"column":11},"end":{"line":29,"column":12}},"loc":{"start":{"line":29,"column":22},"end":{"line":34,"column":3}},"line":29},"3":{"name":"(anonymous_3)","decl":{"start":{"line":36,"column":2},"end":{"line":36,"column":3}},"loc":{"start":{"line":36,"column":11},"end":{"line":93,"column":3}},"line":36},"4":{"name":"(anonymous_4)","decl":{"start":{"line":101,"column":24},"end":{"line":101,"column":25}},"loc":{"start":{"line":101,"column":34},"end":{"line":103,"column":1}},"line":101}},"branchMap":{"0":{"loc":{"start":{"line":85,"column":11},"end":{"line":89,"column":11}},"type":"binary-expr","locations":[{"start":{"line":85,"column":11},"end":{"line":85,"column":20}},{"start":{"line":86,"column":12},"end":{"line":88,"column":19}}],"line":85}},"s":{"0":2,"1":5,"2":1,"3":1,"4":1,"5":9,"6":9,"7":9,"8":4,"9":4,"10":2},"f":{"0":2,"1":5,"2":1,"3":9,"4":2},"b":{"0":[9,0]},"_coverageSchema":"43e27e138ebf9cfc5966b082cf9a028302ed4184","hash":"0f6b09ea7c4e211128dd495b734e3b958ea0176f"}
,"/Users/tikuochukwuokoye/Documents/SendIt-React/src/components/navs/aside.jsx": {"path":"/Users/tikuochukwuokoye/Documents/SendIt-React/src/components/navs/aside.jsx","statementMap":{"0":{"start":{"line":18,"column":4},"end":{"line":18,"column":59}},"1":{"start":{"line":22,"column":4},"end":{"line":22,"column":42}},"2":{"start":{"line":26,"column":4},"end":{"line":26,"column":43}},"3":{"start":{"line":30,"column":4},"end":{"line":30,"column":24}},"4":{"start":{"line":31,"column":25},"end":{"line":31,"column":35}},"5":{"start":{"line":32,"column":16},"end":{"line":32,"column":46}},"6":{"start":{"line":33,"column":4},"end":{"line":38,"column":5}},"7":{"start":{"line":34,"column":6},"end":{"line":37,"column":7}},"8":{"start":{"line":35,"column":8},"end":{"line":35,"column":39}},"9":{"start":{"line":36,"column":8},"end":{"line":36,"column":64}},"10":{"start":{"line":42,"column":4},"end":{"line":42,"column":56}},"11":{"start":{"line":43,"column":21},"end":{"line":43,"column":37}},"12":{"start":{"line":44,"column":4},"end":{"line":44,"column":43}},"13":{"start":{"line":44,"column":14},"end":{"line":44,"column":43}},"14":{"start":{"line":45,"column":4},"end":{"line":45,"column":14}},"15":{"start":{"line":49,"column":21},"end":{"line":49,"column":36}},"16":{"start":{"line":50,"column":29},"end":{"line":50,"column":39}},"17":{"start":{"line":51,"column":4},"end":{"line":108,"column":13}},"18":{"start":{"line":52,"column":24},"end":{"line":52,"column":41}},"19":{"start":{"line":112,"column":0},"end":{"line":117,"column":2}},"20":{"start":{"line":119,"column":24},"end":{"line":122,"column":2}},"21":{"start":{"line":119,"column":34},"end":{"line":122,"column":1}}},"fnMap":{"0":{"name":"(anonymous_0)","decl":{"start":{"line":17,"column":2},"end":{"line":17,"column":3}},"loc":{"start":{"line":17,"column":25},"end":{"line":19,"column":3}},"line":17},"1":{"name":"(anonymous_1)","decl":{"start":{"line":21,"column":14},"end":{"line":21,"column":15}},"loc":{"start":{"line":21,"column":20},"end":{"line":23,"column":3}},"line":21},"2":{"name":"(anonymous_2)","decl":{"start":{"line":25,"column":15},"end":{"line":25,"column":16}},"loc":{"start":{"line":25,"column":21},"end":{"line":27,"column":3}},"line":25},"3":{"name":"(anonymous_3)","decl":{"start":{"line":29,"column":15},"end":{"line":29,"column":16}},"loc":{"start":{"line":29,"column":22},"end":{"line":39,"column":3}},"line":29},"4":{"name":"(anonymous_4)","decl":{"start":{"line":41,"column":14},"end":{"line":41,"column":15}},"loc":{"start":{"line":41,"column":20},"end":{"line":46,"column":3}},"line":41},"5":{"name":"(anonymous_5)","decl":{"start":{"line":48,"column":2},"end":{"line":48,"column":3}},"loc":{"start":{"line":48,"column":11},"end":{"line":109,"column":3}},"line":48},"6":{"name":"(anonymous_6)","decl":{"start":{"line":52,"column":16},"end":{"line":52,"column":17}},"loc":{"start":{"line":52,"column":24},"end":{"line":52,"column":41}},"line":52},"7":{"name":"(anonymous_7)","decl":{"start":{"line":119,"column":24},"end":{"line":119,"column":25}},"loc":{"start":{"line":119,"column":34},"end":{"line":122,"column":1}},"line":119}},"branchMap":{"0":{"loc":{"start":{"line":33,"column":4},"end":{"line":38,"column":5}},"type":"if","locations":[{"start":{"line":33,"column":4},"end":{"line":38,"column":5}},{"start":{"line":33,"column":4},"end":{"line":38,"column":5}}],"line":33},"1":{"loc":{"start":{"line":33,"column":8},"end":{"line":33,"column":55}},"type":"binary-expr","locations":[{"start":{"line":33,"column":8},"end":{"line":33,"column":27}},{"start":{"line":33,"column":31},"end":{"line":33,"column":55}}],"line":33},"2":{"loc":{"start":{"line":34,"column":6},"end":{"line":37,"column":7}},"type":"if","locations":[{"start":{"line":34,"column":6},"end":{"line":37,"column":7}},{"start":{"line":34,"column":6},"end":{"line":37,"column":7}}],"line":34},"3":{"loc":{"start":{"line":34,"column":10},"end":{"line":34,"column":67}},"type":"binary-expr","locations":[{"start":{"line":34,"column":10},"end":{"line":34,"column":40}},{"start":{"line":34,"column":44},"end":{"line":34,"column":67}}],"line":34},"4":{"loc":{"start":{"line":44,"column":4},"end":{"line":44,"column":43}},"type":"if","locations":[{"start":{"line":44,"column":4},"end":{"line":44,"column":43}},{"start":{"line":44,"column":4},"end":{"line":44,"column":43}}],"line":44},"5":{"loc":{"start":{"line":63,"column":40},"end":{"line":63,"column":76}},"type":"binary-expr","locations":[{"start":{"line":63,"column":40},"end":{"line":63,"column":52}},{"start":{"line":63,"column":56},"end":{"line":63,"column":76}}],"line":63},"6":{"loc":{"start":{"line":74,"column":11},"end":{"line":80,"column":15}},"type":"binary-expr","locations":[{"start":{"line":74,"column":11},"end":{"line":74,"column":33}},{"start":{"line":74,"column":37},"end":{"line":80,"column":15}}],"line":74},"7":{"loc":{"start":{"line":95,"column":11},"end":{"line":101,"column":15}},"type":"binary-expr","locations":[{"start":{"line":95,"column":11},"end":{"line":95,"column":23}},{"start":{"line":95,"column":27},"end":{"line":101,"column":15}}],"line":95},"8":{"loc":{"start":{"line":104,"column":7},"end":{"line":106,"column":41}},"type":"binary-expr","locations":[{"start":{"line":104,"column":7},"end":{"line":104,"column":19}},{"start":{"line":105,"column":11},"end":{"line":106,"column":41}}],"line":104}},"s":{"0":1,"1":1,"2":0,"3":0,"4":0,"5":0,"6":0,"7":0,"8":0,"9":0,"10":10,"11":10,"12":10,"13":0,"14":10,"15":10,"16":10,"17":10,"18":12,"19":7,"20":7,"21":9},"f":{"0":1,"1":1,"2":0,"3":0,"4":10,"5":10,"6":12,"7":9},"b":{"0":[0,0],"1":[0,0],"2":[0,0],"3":[0,0],"4":[0,10],"5":[10,1],"6":[10,4],"7":[10,1],"8":[10,1]},"_coverageSchema":"43e27e138ebf9cfc5966b082cf9a028302ed4184","hash":"125c680413459689f36c7112b76b507892b4b90a"}
,"/Users/tikuochukwuokoye/Documents/SendIt-React/src/components/navs/parcelDetails.jsx": {"path":"/Users/tikuochukwuokoye/Documents/SendIt-React/src/components/navs/parcelDetails.jsx","statementMap":{"0":{"start":{"line":14,"column":25},"end":{"line":14,"column":35}},"1":{"start":{"line":15,"column":4},"end":{"line":15,"column":39}},"2":{"start":{"line":19,"column":4},"end":{"line":19,"column":42}},"3":{"start":{"line":23,"column":4},"end":{"line":23,"column":43}},"4":{"start":{"line":27,"column":19},"end":{"line":27,"column":47}},"5":{"start":{"line":28,"column":21},"end":{"line":28,"column":31}},"6":{"start":{"line":29,"column":29},"end":{"line":29,"column":39}},"7":{"start":{"line":31,"column":4},"end":{"line":82,"column":11}},"8":{"start":{"line":86,"column":0},"end":{"line":91,"column":2}},"9":{"start":{"line":93,"column":24},"end":{"line":95,"column":2}},"10":{"start":{"line":93,"column":34},"end":{"line":95,"column":1}}},"fnMap":{"0":{"name":"(anonymous_0)","decl":{"start":{"line":13,"column":2},"end":{"line":13,"column":3}},"loc":{"start":{"line":13,"column":22},"end":{"line":16,"column":3}},"line":13},"1":{"name":"(anonymous_1)","decl":{"start":{"line":18,"column":14},"end":{"line":18,"column":15}},"loc":{"start":{"line":18,"column":20},"end":{"line":20,"column":3}},"line":18},"2":{"name":"(anonymous_2)","decl":{"start":{"line":22,"column":15},"end":{"line":22,"column":16}},"loc":{"start":{"line":22,"column":21},"end":{"line":24,"column":3}},"line":22},"3":{"name":"(anonymous_3)","decl":{"start":{"line":26,"column":2},"end":{"line":26,"column":3}},"loc":{"start":{"line":26,"column":11},"end":{"line":83,"column":3}},"line":26},"4":{"name":"(anonymous_4)","decl":{"start":{"line":93,"column":24},"end":{"line":93,"column":25}},"loc":{"start":{"line":93,"column":34},"end":{"line":95,"column":1}},"line":93}},"branchMap":{"0":{"loc":{"start":{"line":58,"column":16},"end":{"line":58,"column":77}},"type":"cond-expr","locations":[{"start":{"line":58,"column":37},"end":{"line":58,"column":55}},{"start":{"line":58,"column":58},"end":{"line":58,"column":77}}],"line":58},"1":{"loc":{"start":{"line":63,"column":11},"end":{"line":68,"column":61}},"type":"cond-expr","locations":[{"start":{"line":64,"column":14},"end":{"line":65,"column":71}},{"start":{"line":66,"column":14},"end":{"line":68,"column":61}}],"line":63},"2":{"loc":{"start":{"line":70,"column":11},"end":{"line":74,"column":67}},"type":"cond-expr","locations":[{"start":{"line":71,"column":14},"end":{"line":72,"column":67}},{"start":{"line":73,"column":14},"end":{"line":74,"column":67}}],"line":70},"3":{"loc":{"start":{"line":78,"column":7},"end":{"line":80,"column":39}},"type":"binary-expr","locations":[{"start":{"line":78,"column":7},"end":{"line":78,"column":19}},{"start":{"line":79,"column":11},"end":{"line":80,"column":39}}],"line":78}},"s":{"0":4,"1":4,"2":1,"3":0,"4":5,"5":5,"6":5,"7":5,"8":2,"9":2,"10":4},"f":{"0":4,"1":1,"2":0,"3":5,"4":4},"b":{"0":[0,5],"1":[0,5],"2":[0,5],"3":[5,1]},"_coverageSchema":"43e27e138ebf9cfc5966b082cf9a028302ed4184","hash":"936eccfdf6be1790309266eccc2c8eb3cc7108c0"}
,"/Users/tikuochukwuokoye/Documents/SendIt-React/src/components/navs/profile.jsx": {"path":"/Users/tikuochukwuokoye/Documents/SendIt-React/src/components/navs/profile.jsx","statementMap":{"0":{"start":{"line":7,"column":20},"end":{"line":43,"column":1}},"1":{"start":{"line":8,"column":4},"end":{"line":42,"column":10}},"2":{"start":{"line":45,"column":0},"end":{"line":48,"column":2}}},"fnMap":{"0":{"name":"(anonymous_0)","decl":{"start":{"line":7,"column":20},"end":{"line":7,"column":21}},"loc":{"start":{"line":8,"column":4},"end":{"line":42,"column":10}},"line":8}},"branchMap":{},"s":{"0":2,"1":2,"2":2},"f":{"0":2},"b":{},"_coverageSchema":"43e27e138ebf9cfc5966b082cf9a028302ed4184","hash":"4933c9c30e68e38a961e25f65d81bbc1aafb3777"}
,"/Users/tikuochukwuokoye/Documents/SendIt-React/src/components/navs/table.jsx": {"path":"/Users/tikuochukwuokoye/Documents/SendIt-React/src/components/navs/table.jsx","statementMap":{"0":{"start":{"line":6,"column":22},"end":{"line":15,"column":5}},"1":{"start":{"line":17,"column":14},"end":{"line":20,"column":1}},"2":{"start":{"line":22,"column":19},"end":{"line":38,"column":2}},"3":{"start":{"line":22,"column":30},"end":{"line":38,"column":2}},"4":{"start":{"line":23,"column":4},"end":{"line":37,"column":9}},"5":{"start":{"line":40,"column":27},"end":{"line":54,"column":8}},"6":{"start":{"line":43,"column":6},"end":{"line":54,"column":8}},"7":{"start":{"line":56,"column":0},"end":{"line":60,"column":2}}},"fnMap":{"0":{"name":"(anonymous_0)","decl":{"start":{"line":22,"column":19},"end":{"line":22,"column":20}},"loc":{"start":{"line":22,"column":30},"end":{"line":38,"column":2}},"line":22},"1":{"name":"(anonymous_1)","decl":{"start":{"line":22,"column":42},"end":{"line":22,"column":43}},"loc":{"start":{"line":23,"column":4},"end":{"line":37,"column":9}},"line":23},"2":{"name":"(anonymous_2)","decl":{"start":{"line":40,"column":27},"end":{"line":40,"column":28}},"loc":{"start":{"line":43,"column":6},"end":{"line":54,"column":8}},"line":43}},"branchMap":{"0":{"loc":{"start":{"line":48,"column":7},"end":{"line":52,"column":79}},"type":"cond-expr","locations":[{"start":{"line":49,"column":11},"end":{"line":49,"column":78}},{"start":{"line":50,"column":10},"end":{"line":52,"column":79}}],"line":48},"1":{"loc":{"start":{"line":50,"column":10},"end":{"line":52,"column":79}},"type":"cond-expr","locations":[{"start":{"line":51,"column":13},"end":{"line":51,"column":52}},{"start":{"line":52,"column":13},"end":{"line":52,"column":78}}],"line":50}},"s":{"0":4,"1":4,"2":4,"3":3,"4":6,"5":4,"6":5,"7":4},"f":{"0":3,"1":6,"2":5},"b":{"0":[0,5],"1":[2,3]},"_coverageSchema":"43e27e138ebf9cfc5966b082cf9a028302ed4184","hash":"50c74841fa9bffb4b270fa39c231107ff0ceef1b"}
,"/Users/tikuochukwuokoye/Documents/SendIt-React/src/components/navs/topNav.jsx": {"path":"/Users/tikuochukwuokoye/Documents/SendIt-React/src/components/navs/topNav.jsx","statementMap":{"0":{"start":{"line":11,"column":22},"end":{"line":35,"column":1}},"1":{"start":{"line":12,"column":2},"end":{"line":34,"column":8}},"2":{"start":{"line":14,"column":19},"end":{"line":14,"column":49}},"3":{"start":{"line":37,"column":0},"end":{"line":39,"column":2}}},"fnMap":{"0":{"name":"(anonymous_0)","decl":{"start":{"line":11,"column":22},"end":{"line":11,"column":23}},"loc":{"start":{"line":12,"column":2},"end":{"line":34,"column":8}},"line":12},"1":{"name":"(anonymous_1)","decl":{"start":{"line":14,"column":13},"end":{"line":14,"column":14}},"loc":{"start":{"line":14,"column":19},"end":{"line":14,"column":49}},"line":14}},"branchMap":{},"s":{"0":7,"1":9,"2":1,"3":7},"f":{"0":9,"1":1},"b":{},"_coverageSchema":"43e27e138ebf9cfc5966b082cf9a028302ed4184","hash":"81bac9b85d99fca3f3ee27233ca277949c5d4aae"}
,"/Users/tikuochukwuokoye/Documents/SendIt-React/src/components/navs/userTable.jsx": {"path":"/Users/tikuochukwuokoye/Documents/SendIt-React/src/components/navs/userTable.jsx","statementMap":{"0":{"start":{"line":6,"column":22},"end":{"line":13,"column":5}},"1":{"start":{"line":15,"column":14},"end":{"line":18,"column":1}},"2":{"start":{"line":20,"column":17},"end":{"line":37,"column":1}},"3":{"start":{"line":21,"column":20},"end":{"line":35,"column":4}},"4":{"start":{"line":22,"column":4},"end":{"line":34,"column":9}},"5":{"start":{"line":36,"column":2},"end":{"line":36,"column":19}},"6":{"start":{"line":39,"column":25},"end":{"line":51,"column":6}},"7":{"start":{"line":39,"column":54},"end":{"line":51,"column":6}},"8":{"start":{"line":54,"column":0},"end":{"line":57,"column":2}}},"fnMap":{"0":{"name":"(anonymous_0)","decl":{"start":{"line":20,"column":17},"end":{"line":20,"column":18}},"loc":{"start":{"line":20,"column":31},"end":{"line":37,"column":1}},"line":20},"1":{"name":"(anonymous_1)","decl":{"start":{"line":21,"column":33},"end":{"line":21,"column":34}},"loc":{"start":{"line":22,"column":4},"end":{"line":34,"column":9}},"line":22},"2":{"name":"(anonymous_2)","decl":{"start":{"line":39,"column":25},"end":{"line":39,"column":26}},"loc":{"start":{"line":39,"column":54},"end":{"line":51,"column":6}},"line":39}},"branchMap":{"0":{"loc":{"start":{"line":44,"column":5},"end":{"line":48,"column":76}},"type":"cond-expr","locations":[{"start":{"line":45,"column":9},"end":{"line":45,"column":76}},{"start":{"line":46,"column":8},"end":{"line":48,"column":76}}],"line":44},"1":{"loc":{"start":{"line":46,"column":8},"end":{"line":48,"column":76}},"type":"cond-expr","locations":[{"start":{"line":47,"column":11},"end":{"line":47,"column":42}},{"start":{"line":48,"column":11},"end":{"line":48,"column":75}}],"line":46}},"s":{"0":2,"1":2,"2":2,"3":2,"4":4,"5":2,"6":2,"7":2,"8":2},"f":{"0":2,"1":4,"2":2},"b":{"0":[0,2],"1":[0,2]},"_coverageSchema":"43e27e138ebf9cfc5966b082cf9a028302ed4184","hash":"0cce9de2814464502818d3971c57e0eacd9c2244"}
,"/Users/tikuochukwuokoye/Documents/SendIt-React/src/helpers/errorHelper.js": {"path":"/Users/tikuochukwuokoye/Documents/SendIt-React/src/helpers/errorHelper.js","statementMap":{"0":{"start":{"line":1,"column":21},"end":{"line":7,"column":1}},"1":{"start":{"line":2,"column":2},"end":{"line":6,"column":3}},"2":{"start":{"line":3,"column":4},"end":{"line":3,"column":14}},"3":{"start":{"line":5,"column":4},"end":{"line":5,"column":22}}},"fnMap":{"0":{"name":"(anonymous_0)","decl":{"start":{"line":1,"column":21},"end":{"line":1,"column":22}},"loc":{"start":{"line":1,"column":30},"end":{"line":7,"column":1}},"line":1}},"branchMap":{"0":{"loc":{"start":{"line":2,"column":2},"end":{"line":6,"column":3}},"type":"if","locations":[{"start":{"line":2,"column":2},"end":{"line":6,"column":3}},{"start":{"line":2,"column":2},"end":{"line":6,"column":3}}],"line":2}},"s":{"0":18,"1":13,"2":0,"3":13},"f":{"0":13},"b":{"0":[0,13]},"_coverageSchema":"43e27e138ebf9cfc5966b082cf9a028302ed4184","hash":"94ed28ce3bd5bf7d7b34c1a1e8b619e8ff29b3c8"}
,"/Users/tikuochukwuokoye/Documents/SendIt-React/src/helpers/privateRoute.js": {"path":"/Users/tikuochukwuokoye/Documents/SendIt-React/src/helpers/privateRoute.js","statementMap":{"0":{"start":{"line":10,"column":21},"end":{"line":25,"column":1}},"1":{"start":{"line":11,"column":4},"end":{"line":24,"column":6}},"2":{"start":{"line":13,"column":24},"end":{"line":22,"column":7}},"3":{"start":{"line":27,"column":0},"end":{"line":31,"column":2}},"4":{"start":{"line":33,"column":24},"end":{"line":35,"column":2}},"5":{"start":{"line":33,"column":34},"end":{"line":35,"column":1}}},"fnMap":{"0":{"name":"(anonymous_0)","decl":{"start":{"line":10,"column":21},"end":{"line":10,"column":22}},"loc":{"start":{"line":11,"column":4},"end":{"line":24,"column":6}},"line":11},"1":{"name":"(anonymous_1)","decl":{"start":{"line":13,"column":14},"end":{"line":13,"column":15}},"loc":{"start":{"line":13,"column":24},"end":{"line":22,"column":7}},"line":13},"2":{"name":"(anonymous_2)","decl":{"start":{"line":33,"column":24},"end":{"line":33,"column":25}},"loc":{"start":{"line":33,"column":34},"end":{"line":35,"column":1}},"line":33}},"branchMap":{"0":{"loc":{"start":{"line":13,"column":24},"end":{"line":22,"column":7}},"type":"cond-expr","locations":[{"start":{"line":14,"column":10},"end":{"line":14,"column":34}},{"start":{"line":16,"column":12},"end":{"line":21,"column":14}}],"line":13}},"s":{"0":0,"1":0,"2":0,"3":0,"4":0,"5":0},"f":{"0":0,"1":0,"2":0},"b":{"0":[0,0]}}
,"/Users/tikuochukwuokoye/Documents/SendIt-React/src/helpers/validator.js": {"path":"/Users/tikuochukwuokoye/Documents/SendIt-React/src/helpers/validator.js","statementMap":{"0":{"start":{"line":1,"column":14},"end":{"line":4,"column":1}},"1":{"start":{"line":2,"column":2},"end":{"line":2,"column":27}},"2":{"start":{"line":2,"column":15},"end":{"line":2,"column":27}},"3":{"start":{"line":3,"column":2},"end":{"line":3,"column":15}}},"fnMap":{"0":{"name":"(anonymous_0)","decl":{"start":{"line":1,"column":14},"end":{"line":1,"column":15}},"loc":{"start":{"line":1,"column":24},"end":{"line":4,"column":1}},"line":1}},"branchMap":{"0":{"loc":{"start":{"line":2,"column":2},"end":{"line":2,"column":27}},"type":"if","locations":[{"start":{"line":2,"column":2},"end":{"line":2,"column":27}},{"start":{"line":2,"column":2},"end":{"line":2,"column":27}}],"line":2}},"s":{"0":2,"1":4,"2":3,"3":1},"f":{"0":4},"b":{"0":[3,1]},"_coverageSchema":"43e27e138ebf9cfc5966b082cf9a028302ed4184","hash":"d27b079cf653e08540c697b8c16d35d2001c91e3"}
,"/Users/tikuochukwuokoye/Documents/SendIt-React/src/reducers/authReducer.js": {"path":"/Users/tikuochukwuokoye/Documents/SendIt-React/src/reducers/authReducer.js","statementMap":{"0":{"start":{"line":7,"column":21},"end":{"line":12,"column":1}},"1":{"start":{"line":15,"column":2},"end":{"line":51,"column":3}},"2":{"start":{"line":17,"column":6},"end":{"line":22,"column":8}},"3":{"start":{"line":24,"column":6},"end":{"line":29,"column":8}},"4":{"start":{"line":31,"column":6},"end":{"line":36,"column":8}},"5":{"start":{"line":38,"column":6},"end":{"line":43,"column":8}},"6":{"start":{"line":45,"column":6},"end":{"line":48,"column":8}},"7":{"start":{"line":50,"column":6},"end":{"line":50,"column":19}}},"fnMap":{"0":{"name":"(anonymous_0)","decl":{"start":{"line":14,"column":15},"end":{"line":14,"column":16}},"loc":{"start":{"line":14,"column":49},"end":{"line":52,"column":1}},"line":14}},"branchMap":{"0":{"loc":{"start":{"line":14,"column":16},"end":{"line":14,"column":36}},"type":"default-arg","locations":[{"start":{"line":14,"column":24},"end":{"line":14,"column":36}}],"line":14},"1":{"loc":{"start":{"line":15,"column":2},"end":{"line":51,"column":3}},"type":"switch","locations":[{"start":{"line":16,"column":4},"end":{"line":22,"column":8}},{"start":{"line":23,"column":4},"end":{"line":29,"column":8}},{"start":{"line":30,"column":4},"end":{"line":36,"column":8}},{"start":{"line":37,"column":4},"end":{"line":43,"column":8}},{"start":{"line":44,"column":4},"end":{"line":48,"column":8}},{"start":{"line":49,"column":4},"end":{"line":50,"column":19}}],"line":15}},"s":{"0":1,"1":6,"2":1,"3":1,"4":1,"5":1,"6":1,"7":1},"f":{"0":6},"b":{"0":[1],"1":[1,1,1,1,1,1]},"_coverageSchema":"43e27e138ebf9cfc5966b082cf9a028302ed4184","hash":"3d5c849c55153aea6d3a4ce63e534ca6de2475c5"}
,"/Users/tikuochukwuokoye/Documents/SendIt-React/src/reducers/index.js": {"path":"/Users/tikuochukwuokoye/Documents/SendIt-React/src/reducers/index.js","statementMap":{},"fnMap":{},"branchMap":{},"s":{},"f":{},"b":{}}
,"/Users/tikuochukwuokoye/Documents/SendIt-React/src/reducers/parcelReducer.js": {"path":"/Users/tikuochukwuokoye/Documents/SendIt-React/src/reducers/parcelReducer.js","statementMap":{"0":{"start":{"line":9,"column":21},"end":{"line":21,"column":1}},"1":{"start":{"line":24,"column":2},"end":{"line":92,"column":3}},"2":{"start":{"line":26,"column":6},"end":{"line":30,"column":8}},"3":{"start":{"line":32,"column":6},"end":{"line":36,"column":8}},"4":{"start":{"line":38,"column":6},"end":{"line":42,"column":8}},"5":{"start":{"line":44,"column":6},"end":{"line":48,"column":8}},"6":{"start":{"line":50,"column":6},"end":{"line":54,"column":8}},"7":{"start":{"line":56,"column":6},"end":{"line":60,"column":8}},"8":{"start":{"line":62,"column":6},"end":{"line":66,"column":8}},"9":{"start":{"line":68,"column":6},"end":{"line":71,"column":8}},"10":{"start":{"line":73,"column":6},"end":{"line":77,"column":8}},"11":{"start":{"line":79,"column":6},"end":{"line":83,"column":8}},"12":{"start":{"line":85,"column":6},"end":{"line":89,"column":8}},"13":{"start":{"line":91,"column":6},"end":{"line":91,"column":19}}},"fnMap":{"0":{"name":"(anonymous_0)","decl":{"start":{"line":23,"column":15},"end":{"line":23,"column":16}},"loc":{"start":{"line":23,"column":49},"end":{"line":93,"column":1}},"line":23}},"branchMap":{"0":{"loc":{"start":{"line":23,"column":16},"end":{"line":23,"column":36}},"type":"default-arg","locations":[{"start":{"line":23,"column":24},"end":{"line":23,"column":36}}],"line":23},"1":{"loc":{"start":{"line":24,"column":2},"end":{"line":92,"column":3}},"type":"switch","locations":[{"start":{"line":25,"column":4},"end":{"line":30,"column":8}},{"start":{"line":31,"column":4},"end":{"line":36,"column":8}},{"start":{"line":37,"column":4},"end":{"line":42,"column":8}},{"start":{"line":43,"column":4},"end":{"line":48,"column":8}},{"start":{"line":49,"column":4},"end":{"line":54,"column":8}},{"start":{"line":55,"column":4},"end":{"line":60,"column":8}},{"start":{"line":61,"column":4},"end":{"line":66,"column":8}},{"start":{"line":67,"column":4},"end":{"line":71,"column":8}},{"start":{"line":72,"column":4},"end":{"line":77,"column":8}},{"start":{"line":78,"column":4},"end":{"line":83,"column":8}},{"start":{"line":84,"column":4},"end":{"line":89,"column":8}},{"start":{"line":90,"column":4},"end":{"line":91,"column":19}}],"line":24}},"s":{"0":1,"1":12,"2":1,"3":1,"4":1,"5":1,"6":1,"7":1,"8":1,"9":1,"10":1,"11":1,"12":1,"13":1},"f":{"0":12},"b":{"0":[1],"1":[1,1,1,1,1,1,1,1,1,1,1,1]},"_coverageSchema":"43e27e138ebf9cfc5966b082cf9a028302ed4184","hash":"5dacf9d9cd56f6723bab0c9600797cf5cf415a03"}
,"/Users/tikuochukwuokoye/Documents/SendIt-React/src/reducers/userReducer.js": {"path":"/Users/tikuochukwuokoye/Documents/SendIt-React/src/reducers/userReducer.js","statementMap":{"0":{"start":{"line":7,"column":21},"end":{"line":13,"column":1}},"1":{"start":{"line":16,"column":2},"end":{"line":53,"column":3}},"2":{"start":{"line":18,"column":6},"end":{"line":21,"column":8}},"3":{"start":{"line":23,"column":6},"end":{"line":27,"column":8}},"4":{"start":{"line":29,"column":6},"end":{"line":33,"column":8}},"5":{"start":{"line":35,"column":6},"end":{"line":39,"column":8}},"6":{"start":{"line":41,"column":6},"end":{"line":44,"column":8}},"7":{"start":{"line":46,"column":6},"end":{"line":50,"column":8}},"8":{"start":{"line":52,"column":6},"end":{"line":52,"column":19}}},"fnMap":{"0":{"name":"(anonymous_0)","decl":{"start":{"line":15,"column":15},"end":{"line":15,"column":16}},"loc":{"start":{"line":15,"column":49},"end":{"line":54,"column":1}},"line":15}},"branchMap":{"0":{"loc":{"start":{"line":15,"column":16},"end":{"line":15,"column":36}},"type":"default-arg","locations":[{"start":{"line":15,"column":24},"end":{"line":15,"column":36}}],"line":15},"1":{"loc":{"start":{"line":16,"column":2},"end":{"line":53,"column":3}},"type":"switch","locations":[{"start":{"line":17,"column":4},"end":{"line":21,"column":8}},{"start":{"line":22,"column":4},"end":{"line":27,"column":8}},{"start":{"line":28,"column":4},"end":{"line":33,"column":8}},{"start":{"line":34,"column":4},"end":{"line":39,"column":8}},{"start":{"line":40,"column":4},"end":{"line":44,"column":8}},{"start":{"line":45,"column":4},"end":{"line":50,"column":8}},{"start":{"line":51,"column":4},"end":{"line":52,"column":19}}],"line":16}},"s":{"0":1,"1":7,"2":1,"3":1,"4":1,"5":1,"6":1,"7":1,"8":1},"f":{"0":7},"b":{"0":[1],"1":[1,1,1,1,1,1,1]},"_coverageSchema":"43e27e138ebf9cfc5966b082cf9a028302ed4184","hash":"d7b5579e3137451e58facfa806449cbad7e403bc"}
}
