TN:
SF:/Users/tikuochukwuokoye/Documents/SendIt-React/src/Main.js
FN:19,(anonymous_0)
FNF:1
FNH:0
FNDA:0,(anonymous_0)
DA:19,0
DA:20,0
DA:37,0
LF:3
LH:0
BRF:0
BRH:0
end_of_record
TN:
SF:/Users/tikuochukwuokoye/Documents/SendIt-React/src/app.js
FNF:0
FNH:0
LF:0
LH:0
BRF:0
BRH:0
end_of_record
TN:
SF:/Users/tikuochukwuokoye/Documents/SendIt-React/src/history.js
FNF:0
FNH:0
DA:3,7
LF:1
LH:1
BRF:0
BRH:0
end_of_record
TN:
SF:/Users/tikuochukwuokoye/Documents/SendIt-React/src/localStorage.js
FN:1,(anonymous_0)
FN:13,(anonymous_1)
FNF:2
FNH:0
FNDA:0,(anonymous_0)
FNDA:0,(anonymous_1)
DA:1,0
DA:2,0
DA:3,0
DA:4,0
DA:5,0
DA:7,0
DA:9,0
DA:13,0
DA:14,0
DA:15,0
DA:16,0
DA:18,0
LF:12
LH:0
BRDA:4,0,0,0
BRDA:4,0,1,0
BRF:2
BRH:0
end_of_record
TN:
SF:/Users/tikuochukwuokoye/Documents/SendIt-React/src/store.js
FN:15,(anonymous_0)
FNF:1
FNH:0
FNDA:0,(anonymous_0)
DA:7,0
DA:8,0
DA:10,0
DA:15,0
DA:16,0
LF:5
LH:0
BRF:0
BRH:0
end_of_record
TN:
SF:/Users/tikuochukwuokoye/Documents/SendIt-React/src/actions/actionTypes.js
FNF:0
FNH:0
DA:1,20
DA:2,20
DA:3,20
DA:4,20
DA:5,20
DA:6,20
DA:7,20
DA:8,20
DA:9,20
DA:10,20
DA:11,20
DA:12,20
DA:13,20
DA:14,20
DA:15,20
DA:16,20
DA:17,20
DA:18,20
DA:19,20
LF:19
LH:19
BRF:0
BRH:0
end_of_record
TN:
SF:/Users/tikuochukwuokoye/Documents/SendIt-React/src/actions/authActions.js
FN:10,(anonymous_0)
FN:10,(anonymous_1)
FN:22,(anonymous_2)
FN:28,(anonymous_3)
FN:30,(anonymous_4)
FN:53,(anonymous_5)
FN:53,(anonymous_6)
FN:65,(anonymous_7)
FN:71,(anonymous_8)
FN:73,(anonymous_9)
FN:96,(anonymous_10)
FN:96,(anonymous_11)
FN:107,(anonymous_12)
FN:114,(anonymous_13)
FN:116,(anonymous_14)
FNF:15
FNH:8
FNDA:2,(anonymous_0)
FNDA:2,(anonymous_1)
FNDA:1,(anonymous_2)
FNDA:1,(anonymous_3)
FNDA:0,(anonymous_4)
FNDA:2,(anonymous_5)
FNDA:2,(anonymous_6)
FNDA:1,(anonymous_7)
FNDA:1,(anonymous_8)
FNDA:0,(anonymous_9)
FNDA:0,(anonymous_10)
FNDA:0,(anonymous_11)
FNDA:0,(anonymous_12)
FNDA:0,(anonymous_13)
FNDA:0,(anonymous_14)
DA:10,6
DA:11,2
DA:12,2
DA:20,2
DA:23,1
DA:24,1
DA:25,1
DA:26,1
DA:29,1
DA:30,0
DA:31,0
DA:39,0
DA:45,1
DA:53,6
DA:54,2
DA:55,2
DA:63,2
DA:66,1
DA:67,1
DA:68,1
DA:69,1
DA:72,1
DA:73,0
DA:74,0
DA:82,0
DA:88,1
DA:96,6
DA:97,0
DA:105,0
DA:108,0
DA:109,0
DA:110,0
DA:111,0
DA:112,0
DA:115,0
DA:116,0
DA:117,0
DA:125,0
DA:131,0
LF:39
LH:21
BRDA:29,0,0,0
BRDA:29,0,1,1
BRDA:72,1,0,0
BRDA:72,1,1,1
BRDA:115,2,0,0
BRDA:115,2,1,0
BRF:6
BRH:2
end_of_record
TN:
SF:/Users/tikuochukwuokoye/Documents/SendIt-React/src/actions/parcelActions.js
FN:11,(anonymous_0)
FN:11,(anonymous_1)
FN:24,(anonymous_2)
FN:38,(anonymous_3)
FN:40,(anonymous_4)
FN:63,(anonymous_5)
FN:63,(anonymous_6)
FN:76,(anonymous_7)
FN:78,(anonymous_8)
FN:79,(anonymous_9)
FN:80,(anonymous_10)
FN:81,(anonymous_11)
FN:90,(anonymous_12)
FN:92,(anonymous_13)
FN:115,(anonymous_14)
FN:115,(anonymous_15)
FN:131,(anonymous_16)
FN:143,(anonymous_17)
FN:145,(anonymous_18)
FNF:19
FNH:16
FNDA:3,(anonymous_0)
FNDA:3,(anonymous_1)
FNDA:1,(anonymous_2)
FNDA:2,(anonymous_3)
FNDA:0,(anonymous_4)
FNDA:2,(anonymous_5)
FNDA:2,(anonymous_6)
FNDA:1,(anonymous_7)
FNDA:4,(anonymous_8)
FNDA:4,(anonymous_9)
FNDA:4,(anonymous_10)
FNDA:4,(anonymous_11)
FNDA:1,(anonymous_12)
FNDA:0,(anonymous_13)
FNDA:2,(anonymous_14)
FNDA:2,(anonymous_15)
FNDA:1,(anonymous_16)
FNDA:1,(anonymous_17)
FNDA:0,(anonymous_18)
DA:11,9
DA:12,3
DA:13,3
DA:19,3
DA:25,1
DA:26,1
DA:27,1
DA:28,1
DA:29,1
DA:31,1
DA:32,1
DA:33,1
DA:34,1
DA:35,1
DA:36,1
DA:39,2
DA:40,0
DA:41,0
DA:49,0
DA:55,2
DA:63,9
DA:64,2
DA:65,2
DA:71,2
DA:77,1
DA:78,4
DA:79,4
DA:80,4
DA:81,4
DA:83,1
DA:84,1
DA:85,1
DA:86,1
DA:87,1
DA:88,1
DA:91,1
DA:92,0
DA:93,0
DA:101,0
DA:107,1
DA:115,9
DA:116,2
DA:117,2
DA:118,2
DA:126,2
DA:132,1
DA:133,1
DA:141,1
DA:144,1
DA:145,0
DA:146,0
DA:154,0
DA:160,1
LF:53
LH:44
BRDA:11,0,0,3
BRDA:39,1,0,0
BRDA:39,1,1,2
BRDA:63,2,0,0
BRDA:91,3,0,0
BRDA:91,3,1,1
BRDA:144,4,0,0
BRDA:144,4,1,1
BRF:8
BRH:4
end_of_record
TN:
SF:/Users/tikuochukwuokoye/Documents/SendIt-React/src/actions/userActions.js
FN:9,(anonymous_0)
FN:9,(anonymous_1)
FN:22,(anonymous_2)
FN:26,(anonymous_3)
FN:28,(anonymous_4)
FNF:5
FNH:4
FNDA:2,(anonymous_0)
FNDA:2,(anonymous_1)
FNDA:1,(anonymous_2)
FNDA:1,(anonymous_3)
FNDA:0,(anonymous_4)
DA:9,2
DA:10,2
DA:11,2
DA:17,2
DA:23,1
DA:24,1
DA:27,1
DA:28,0
DA:29,0
DA:37,0
DA:43,1
LF:11
LH:8
BRDA:9,0,0,0
BRDA:27,1,0,0
BRDA:27,1,1,1
BRF:3
BRH:1
end_of_record
TN:
SF:/Users/tikuochukwuokoye/Documents/SendIt-React/src/asset/imgs/ico/index.js
FNF:0
FNH:0
LF:0
LH:0
BRF:0
BRH:0
end_of_record
TN:
SF:/Users/tikuochukwuokoye/Documents/SendIt-React/src/components/adminPagination.jsx
FN:7,(anonymous_0)
FN:11,(anonymous_1)
FN:12,(anonymous_2)
FN:13,(anonymous_3)
FN:15,(anonymous_4)
FN:32,(anonymous_5)
FNF:6
FNH:4
FNDA:0,(anonymous_0)
FNDA:2,(anonymous_1)
FNDA:2,(anonymous_2)
FNDA:0,(anonymous_3)
FNDA:2,(anonymous_4)
FNDA:2,(anonymous_5)
DA:8,0
DA:11,2
DA:12,2
DA:13,0
DA:16,2
DA:17,2
DA:25,3
DA:32,3
LF:8
LH:6
BRF:0
BRH:0
end_of_record
TN:
SF:/Users/tikuochukwuokoye/Documents/SendIt-React/src/components/allUsers.jsx
FN:15,(anonymous_0)
FN:24,(anonymous_1)
FN:48,(anonymous_2)
FNF:3
FNH:3
FNDA:1,(anonymous_0)
FNDA:1,(anonymous_1)
FNDA:1,(anonymous_2)
DA:16,1
DA:17,1
DA:18,1
DA:19,1
DA:21,0
DA:25,1
DA:26,1
DA:28,1
DA:41,1
DA:48,1
LF:10
LH:9
BRDA:16,0,0,1
BRDA:16,0,1,0
BRF:2
BRH:1
end_of_record
TN:
SF:/Users/tikuochukwuokoye/Documents/SendIt-React/src/components/dashboard.jsx
FN:18,(anonymous_0)
FN:28,(anonymous_1)
FN:56,(anonymous_2)
FNF:3
FNH:3
FNDA:1,(anonymous_0)
FNDA:1,(anonymous_1)
FNDA:1,(anonymous_2)
DA:19,1
DA:21,1
DA:22,0
DA:23,0
DA:25,1
DA:29,1
DA:30,1
DA:31,1
DA:48,1
DA:56,1
LF:10
LH:8
BRDA:21,0,0,0
BRDA:21,0,1,1
BRDA:38,1,0,0
BRDA:38,1,1,1
BRF:4
BRH:2
end_of_record
TN:
SF:/Users/tikuochukwuokoye/Documents/SendIt-React/src/components/deliveredParcel.jsx
FN:14,(anonymous_0)
FN:38,(anonymous_1)
FNF:2
FNH:2
FNDA:1,(anonymous_0)
FNDA:1,(anonymous_1)
DA:15,1
DA:16,1
DA:17,1
DA:31,1
DA:38,1
LF:5
LH:5
BRF:0
BRH:0
end_of_record
TN:
SF:/Users/tikuochukwuokoye/Documents/SendIt-React/src/components/details.jsx
FN:12,(anonymous_0)
FN:15,(anonymous_1)
FN:34,(anonymous_2)
FNF:3
FNH:3
FNDA:1,(anonymous_0)
FNDA:2,(anonymous_1)
FNDA:1,(anonymous_2)
DA:12,1
DA:13,1
DA:14,1
DA:15,2
DA:17,1
DA:28,1
DA:34,1
LF:7
LH:7
BRF:0
BRH:0
end_of_record
TN:
SF:/Users/tikuochukwuokoye/Documents/SendIt-React/src/components/inTransitParcel.jsx
FN:13,(anonymous_0)
FN:37,(anonymous_1)
FNF:2
FNH:2
FNDA:1,(anonymous_0)
FNDA:1,(anonymous_1)
DA:14,1
DA:15,1
DA:16,1
DA:30,1
DA:37,1
LF:5
LH:5
BRF:0
BRH:0
end_of_record
TN:
SF:/Users/tikuochukwuokoye/Documents/SendIt-React/src/components/infoBox.jsx
FN:6,(anonymous_0)
FN:34,(anonymous_1)
FNF:2
FNH:2
FNDA:3,(anonymous_0)
FNDA:3,(anonymous_1)
DA:7,3
DA:8,3
DA:9,3
DA:10,3
DA:29,3
DA:34,3
LF:6
LH:6
BRF:0
BRH:0
end_of_record
TN:
SF:/Users/tikuochukwuokoye/Documents/SendIt-React/src/components/modal.jsx
FN:5,(anonymous_0)
FN:9,(anonymous_1)
FN:13,(anonymous_2)
FN:24,(anonymous_3)
FN:27,(anonymous_4)
FNF:5
FNH:4
FNDA:2,(anonymous_0)
FNDA:1,(anonymous_1)
FNDA:0,(anonymous_2)
FNDA:2,(anonymous_3)
FNDA:3,(anonymous_4)
DA:6,2
DA:10,1
DA:14,0
DA:15,0
DA:16,0
DA:17,0
DA:18,0
DA:25,2
DA:26,2
DA:27,3
DA:37,8
LF:11
LH:6
BRDA:15,0,0,0
BRDA:15,0,1,0
BRDA:15,1,0,0
BRDA:15,1,1,0
BRDA:16,2,0,0
BRDA:16,2,1,0
BRF:6
BRH:0
end_of_record
TN:
SF:/Users/tikuochukwuokoye/Documents/SendIt-React/src/components/pagination.jsx
FN:7,(anonymous_0)
FN:12,(anonymous_1)
FN:13,(anonymous_2)
FN:14,(anonymous_3)
FN:16,(anonymous_4)
FN:33,(anonymous_5)
FNF:6
FNH:4
FNDA:0,(anonymous_0)
FNDA:1,(anonymous_1)
FNDA:2,(anonymous_2)
FNDA:0,(anonymous_3)
FNDA:1,(anonymous_4)
FNDA:1,(anonymous_5)
DA:8,0
DA:9,0
DA:12,1
DA:13,2
DA:14,0
DA:17,1
DA:18,1
DA:26,1
DA:33,1
LF:9
LH:6
BRF:0
BRH:0
end_of_record
TN:
SF:/Users/tikuochukwuokoye/Documents/SendIt-React/src/components/profile.jsx
FN:16,(anonymous_0)
FN:38,(anonymous_1)
FNF:2
FNH:2
FNDA:1,(anonymous_0)
FNDA:1,(anonymous_1)
DA:17,1
DA:18,1
DA:20,1
DA:33,1
DA:38,1
LF:5
LH:5
BRF:0
BRH:0
end_of_record
TN:
SF:/Users/tikuochukwuokoye/Documents/SendIt-React/src/components/auth/login.jsx
FN:10,(anonymous_0)
FN:39,(anonymous_1)
FN:74,(anonymous_2)
FNF:3
FNH:3
FNDA:1,(anonymous_0)
FNDA:1,(anonymous_1)
FNDA:1,(anonymous_2)
DA:10,3
DA:11,1
DA:39,3
DA:40,1
DA:74,3
DA:75,1
LF:6
LH:6
BRF:0
BRH:0
end_of_record
TN:
SF:/Users/tikuochukwuokoye/Documents/SendIt-React/src/components/forms/loginForm.jsx
FN:14,(anonymous_0)
FN:22,(anonymous_1)
FN:26,(anonymous_2)
FN:33,(anonymous_3)
FN:65,(anonymous_4)
FNF:5
FNH:2
FNDA:0,(anonymous_0)
FNDA:0,(anonymous_1)
FNDA:0,(anonymous_2)
FNDA:1,(anonymous_3)
FNDA:1,(anonymous_4)
DA:16,0
DA:23,0
DA:27,0
DA:28,0
DA:30,0
DA:34,1
DA:35,1
DA:37,1
DA:60,3
DA:65,3
LF:10
LH:5
BRDA:47,0,0,1
BRDA:47,0,1,0
BRF:2
BRH:1
end_of_record
TN:
SF:/Users/tikuochukwuokoye/Documents/SendIt-React/src/components/forms/newParcelForm.jsx
FN:19,(anonymous_0)
FN:32,(anonymous_1)
FN:39,(anonymous_2)
FN:43,(anonymous_3)
FN:113,(anonymous_4)
FNF:5
FNH:5
FNDA:3,(anonymous_0)
FNDA:1,(anonymous_1)
FNDA:8,(anonymous_2)
FNDA:12,(anonymous_3)
FNDA:2,(anonymous_4)
DA:21,3
DA:33,1
DA:34,1
DA:36,1
DA:40,8
DA:47,12
DA:49,12
DA:51,12
DA:108,8
DA:113,8
LF:10
LH:10
BRDA:98,0,0,12
BRDA:98,0,1,0
BRF:2
BRH:1
end_of_record
TN:
SF:/Users/tikuochukwuokoye/Documents/SendIt-React/src/components/forms/resetForm.jsx
FN:11,(anonymous_0)
FN:15,(anonymous_1)
FN:22,(anonymous_2)
FN:29,(anonymous_3)
FNF:4
FNH:4
FNDA:2,(anonymous_0)
FNDA:2,(anonymous_1)
FNDA:1,(anonymous_2)
FNDA:6,(anonymous_3)
DA:12,2
DA:17,2
DA:23,1
DA:24,1
DA:26,1
DA:30,6
DA:31,6
DA:57,4
LF:8
LH:8
BRF:0
BRH:0
end_of_record
TN:
SF:/Users/tikuochukwuokoye/Documents/SendIt-React/src/components/forms/signUpForm.jsx
FN:15,(anonymous_0)
FN:25,(anonymous_1)
FN:29,(anonymous_2)
FN:36,(anonymous_3)
FN:101,(anonymous_4)
FNF:5
FNH:5
FNDA:2,(anonymous_0)
FNDA:5,(anonymous_1)
FNDA:1,(anonymous_2)
FNDA:9,(anonymous_3)
FNDA:2,(anonymous_4)
DA:17,2
DA:26,5
DA:30,1
DA:31,1
DA:33,1
DA:39,9
DA:40,9
DA:41,9
DA:96,4
DA:101,4
LF:10
LH:10
BRDA:85,0,0,9
BRDA:85,0,1,0
BRF:2
BRH:1
end_of_record
TN:
SF:/Users/tikuochukwuokoye/Documents/SendIt-React/src/components/navs/aside.jsx
FN:17,(anonymous_0)
FN:21,(anonymous_1)
FN:25,(anonymous_2)
FN:29,(anonymous_3)
FN:39,(anonymous_4)
FN:46,(anonymous_5)
FN:50,(anonymous_6)
FN:117,(anonymous_7)
FNF:8
FNH:6
FNDA:1,(anonymous_0)
FNDA:1,(anonymous_1)
FNDA:0,(anonymous_2)
FNDA:0,(anonymous_3)
FNDA:9,(anonymous_4)
FNDA:9,(anonymous_5)
FNDA:11,(anonymous_6)
FNDA:8,(anonymous_7)
DA:18,1
DA:22,1
DA:26,0
DA:30,0
DA:31,0
DA:32,0
DA:33,0
DA:34,0
DA:40,9
DA:41,9
DA:42,9
DA:43,9
DA:47,9
DA:48,9
DA:49,9
DA:50,11
DA:110,7
DA:117,8
LF:18
LH:12
BRDA:31,0,0,0
BRDA:31,0,1,0
BRDA:31,1,0,0
BRDA:31,1,1,0
BRDA:32,2,0,0
BRDA:32,2,1,0
BRDA:42,3,0,0
BRDA:42,3,1,9
BRDA:61,4,0,9
BRDA:61,4,1,0
BRDA:72,5,0,9
BRDA:72,5,1,3
BRDA:93,6,0,9
BRDA:93,6,1,0
BRDA:102,7,0,9
BRDA:102,7,1,1
BRF:16
BRH:7
end_of_record
TN:
SF:/Users/tikuochukwuokoye/Documents/SendIt-React/src/components/navs/parcelDetails.jsx
FN:4,(anonymous_0)
FNF:1
FNH:1
FNDA:2,(anonymous_0)
DA:4,2
DA:5,2
DA:6,2
DA:8,2
DA:58,2
LF:5
LH:5
BRDA:36,0,0,0
BRDA:36,0,1,2
BRDA:41,1,0,0
BRDA:41,1,1,2
BRDA:47,2,0,0
BRDA:47,2,1,2
BRF:6
BRH:3
end_of_record
TN:
SF:/Users/tikuochukwuokoye/Documents/SendIt-React/src/components/navs/profile.jsx
FN:7,(anonymous_0)
FNF:1
FNH:1
FNDA:2,(anonymous_0)
DA:7,2
DA:8,2
DA:45,2
LF:3
LH:3
BRF:0
BRH:0
end_of_record
TN:
SF:/Users/tikuochukwuokoye/Documents/SendIt-React/src/components/navs/table.jsx
FN:22,(anonymous_0)
FN:22,(anonymous_1)
FN:40,(anonymous_2)
FNF:3
FNH:3
FNDA:2,(anonymous_0)
FNDA:4,(anonymous_1)
FNDA:4,(anonymous_2)
DA:6,4
DA:17,4
DA:22,4
DA:23,4
DA:40,4
DA:43,4
DA:56,4
LF:7
LH:7
BRDA:48,0,0,0
BRDA:48,0,1,4
BRDA:50,1,0,2
BRDA:50,1,1,2
BRF:4
BRH:3
end_of_record
TN:
SF:/Users/tikuochukwuokoye/Documents/SendIt-React/src/components/navs/topNav.jsx
FN:11,(anonymous_0)
FN:14,(anonymous_1)
FNF:2
FNH:1
FNDA:7,(anonymous_0)
FNDA:0,(anonymous_1)
DA:11,7
DA:12,7
DA:14,0
DA:37,7
LF:4
LH:3
BRF:0
BRH:0
end_of_record
TN:
SF:/Users/tikuochukwuokoye/Documents/SendIt-React/src/components/navs/userTable.jsx
FN:20,(anonymous_0)
FN:21,(anonymous_1)
FN:39,(anonymous_2)
FNF:3
FNH:3
FNDA:2,(anonymous_0)
FNDA:4,(anonymous_1)
FNDA:2,(anonymous_2)
DA:6,2
DA:15,2
DA:20,2
DA:21,2
DA:22,4
DA:36,2
DA:39,2
DA:54,2
LF:8
LH:8
BRDA:44,0,0,0
BRDA:44,0,1,2
BRDA:46,1,0,0
BRDA:46,1,1,2
BRF:4
BRH:2
end_of_record
TN:
SF:/Users/tikuochukwuokoye/Documents/SendIt-React/src/helpers/errorHelper.js
FN:1,(anonymous_0)
FNF:1
FNH:1
FNDA:7,(anonymous_0)
DA:1,16
DA:2,7
DA:3,0
DA:5,7
LF:4
LH:3
BRDA:2,0,0,0
BRDA:2,0,1,7
BRF:2
BRH:1
end_of_record
TN:
SF:/Users/tikuochukwuokoye/Documents/SendIt-React/src/helpers/privateRoute.js
FN:10,(anonymous_0)
FN:13,(anonymous_1)
FN:33,(anonymous_2)
FNF:3
FNH:0
FNDA:0,(anonymous_0)
FNDA:0,(anonymous_1)
FNDA:0,(anonymous_2)
DA:10,0
DA:11,0
DA:13,0
DA:27,0
DA:33,0
LF:5
LH:0
BRDA:13,0,0,0
BRDA:13,0,1,0
BRF:2
BRH:0
end_of_record
TN:
SF:/Users/tikuochukwuokoye/Documents/SendIt-React/src/helpers/utils.js
FN:1,(anonymous_0)
FN:6,(anonymous_1)
FN:7,(anonymous_2)
FNF:3
FNH:3
FNDA:4,(anonymous_0)
FNDA:4,(anonymous_1)
FNDA:16,(anonymous_2)
DA:1,11
DA:2,4
DA:3,1
DA:6,11
DA:7,16
LF:5
LH:5
BRDA:2,0,0,3
BRDA:2,0,1,1
BRF:2
BRH:2
end_of_record
TN:
SF:/Users/tikuochukwuokoye/Documents/SendIt-React/src/reducers/authReducer.js
FN:14,(anonymous_0)
FNF:1
FNH:1
FNDA:6,(anonymous_0)
DA:7,1
DA:15,6
DA:17,1
DA:24,1
DA:31,1
DA:38,1
DA:45,1
DA:50,1
LF:8
LH:8
BRDA:14,0,0,1
BRDA:15,1,0,1
BRDA:15,1,1,1
BRDA:15,1,2,1
BRDA:15,1,3,1
BRDA:15,1,4,1
BRDA:15,1,5,1
BRF:7
BRH:7
end_of_record
TN:
SF:/Users/tikuochukwuokoye/Documents/SendIt-React/src/reducers/index.js
FNF:0
FNH:0
LF:0
LH:0
BRF:0
BRH:0
end_of_record
TN:
SF:/Users/tikuochukwuokoye/Documents/SendIt-React/src/reducers/parcelReducer.js
FN:20,(anonymous_0)
FNF:1
FNH:1
FNDA:9,(anonymous_0)
DA:9,1
DA:21,9
DA:23,1
DA:29,1
DA:35,1
DA:41,1
DA:47,1
DA:53,1
DA:59,1
DA:64,1
DA:70,1
LF:11
LH:11
BRDA:20,0,0,1
BRDA:21,1,0,1
BRDA:21,1,1,1
BRDA:21,1,2,1
BRDA:21,1,3,1
BRDA:21,1,4,1
BRDA:21,1,5,1
BRDA:21,1,6,1
BRDA:21,1,7,1
BRDA:21,1,8,1
BRF:10
BRH:10
end_of_record
TN:
SF:/Users/tikuochukwuokoye/Documents/SendIt-React/src/reducers/userReducer.js
FN:15,(anonymous_0)
FNF:1
FNH:1
FNDA:7,(anonymous_0)
DA:7,1
DA:16,7
DA:18,1
DA:23,1
DA:29,1
DA:35,1
DA:41,1
DA:46,1
DA:52,1
LF:9
LH:9
BRDA:15,0,0,1
BRDA:16,1,0,1
BRDA:16,1,1,1
BRDA:16,1,2,1
BRDA:16,1,3,1
BRDA:16,1,4,1
BRDA:16,1,5,1
BRDA:16,1,6,1
BRF:8
BRH:8
end_of_record
